#
# There is insufficient memory for the Java Runtime Environment to continue.
# Native memory allocation (mmap) failed to map 25165824 bytes. Error detail: G1 virtual space
# Possible reasons:
#   The system is out of physical RAM or swap space
#   This process is running with CompressedOops enabled, and the Java Heap may be blocking the growth of the native heap
# Possible solutions:
#   Reduce memory load on the system
#   Increase physical memory or swap space
#   Check if swap backing store is full
#   Decrease Java heap size (-Xmx/-Xms)
#   Decrease number of Java threads
#   Decrease Java thread stack sizes (-Xss)
#   Set larger code cache with -XX:ReservedCodeCacheSize=
#   JVM is running with Unscaled Compressed Oops mode in which the Java heap is
#     placed in the first 4GB address space. The Java Heap base address is the
#     maximum limit for the native heap growth. Please use -XX:HeapBaseMinAddress
#     to set the Java Heap base and to place the Java Heap above 4GB virtual address.
# This output file may be truncated or incomplete.
#
#  Out of Memory Error (os_windows.cpp:3828), pid=16792, tid=1860
#
# JRE version: OpenJDK Runtime Environment (21.0.4) (build 21.0.4+-12508038-b607.1)
# Java VM: OpenJDK 64-Bit Server VM (21.0.4+-12508038-b607.1, mixed mode, tiered, compressed oops, compressed class ptrs, g1 gc, windows-amd64)
# No core dump will be written. Minidumps are not enabled by default on client versions of Windows
#

---------------  S U M M A R Y ------------

Command Line: --add-opens=java.base/java.util=ALL-UNNAMED --add-opens=java.base/java.lang=ALL-UNNAMED --add-opens=java.base/java.lang.invoke=ALL-UNNAMED --add-opens=java.prefs/java.util.prefs=ALL-UNNAMED --add-exports=jdk.compiler/com.sun.tools.javac.api=ALL-UNNAMED --add-exports=jdk.compiler/com.sun.tools.javac.util=ALL-UNNAMED --add-opens=java.base/java.nio.charset=ALL-UNNAMED --add-opens=java.base/java.net=ALL-UNNAMED --add-opens=java.base/java.util.concurrent.atomic=ALL-UNNAMED -Xmx2048m -Dfile.encoding=UTF-8 -Duser.country=TR -Duser.language=tr -Duser.variant -javaagent:C:\Users\acer\.gradle\wrapper\dists\gradle-8.10.2-bin\a04bxjujx95o3nb99gddekhwo\gradle-8.10.2\lib\agents\gradle-instrumentation-agent-8.10.2.jar org.gradle.launcher.daemon.bootstrap.GradleDaemon 8.10.2

Host: Intel(R) Core(TM) i3-1005G1 CPU @ 1.20GHz, 4 cores, 3G,  Windows 10 , 64 bit Build 19041 (10.0.19041.5438)
Time: Wed Mar 12 21:59:27 2025 Türkiye Standart Saati elapsed time: 8.767466 seconds (0d 0h 0m 8s)

---------------  T H R E A D  ---------------

Current thread (0x000001cd46aa78b0):  VMThread "VM Thread"          [id=1860, stack(0x0000001c9a600000,0x0000001c9a700000) (1024K)]

Stack: [0x0000001c9a600000,0x0000001c9a700000]
Native frames: (J=compiled Java code, j=interpreted, Vv=VM code, C=native code)
V  [jvm.dll+0x6ce539]
V  [jvm.dll+0x85bf03]
V  [jvm.dll+0x85e45e]
V  [jvm.dll+0x85eb43]
V  [jvm.dll+0x27dd06]
V  [jvm.dll+0x6cada5]
V  [jvm.dll+0x6bf27a]
V  [jvm.dll+0x3541fb]
V  [jvm.dll+0x35be36]
V  [jvm.dll+0x3adbc6]
V  [jvm.dll+0x3ade98]
V  [jvm.dll+0x32691c]
V  [jvm.dll+0x3269a7]
V  [jvm.dll+0x36c78c]
V  [jvm.dll+0x36af3e]
V  [jvm.dll+0x326071]
V  [jvm.dll+0x36a650]
V  [jvm.dll+0x8648c8]
V  [jvm.dll+0x865c44]
V  [jvm.dll+0x866180]
V  [jvm.dll+0x866413]
V  [jvm.dll+0x804418]
V  [jvm.dll+0x6cce0d]
C  [ucrtbase.dll+0x21bb2]
C  [KERNEL32.DLL+0x17374]
C  [ntdll.dll+0x4cc91]

VM_Operation (0x0000001c9baf4400): G1CollectForAllocation, mode: safepoint, requested by thread 0x000001cd4ce1d980


---------------  P R O C E S S  ---------------

Threads class SMR info:
_java_thread_list=0x000001cd4f80e1f0, length=46, elements={
0x000001cd2dab0d40, 0x000001cd46b000b0, 0x000001cd46b1e100, 0x000001cd4b00a820,
0x000001cd4b00e2a0, 0x000001cd4b0114b0, 0x000001cd4b015bb0, 0x000001cd4b032f70,
0x000001cd4b033dc0, 0x000001cd46a4ade0, 0x000001cd4b322090, 0x000001cd4cd09cf0,
0x000001cd4cab8710, 0x000001cd4cbfa600, 0x000001cd4bf021b0, 0x000001cd4cd3b6b0,
0x000001cd4cc0aa60, 0x000001cd4ce1d980, 0x000001cd4ce1c7b0, 0x000001cd4ce1c120,
0x000001cd4ce1ad70, 0x000001cd4ce1ba90, 0x000001cd4ce1ce40, 0x000001cd4ce199c0,
0x000001cd4ce1b400, 0x000001cd4ce1a050, 0x000001cd4e55a4d0, 0x000001cd4e561af0,
0x000001cd4e561460, 0x000001cd4e55c5a0, 0x000001cd4e55d950, 0x000001cd4e55d2c0,
0x000001cd4e55cc30, 0x000001cd4e55b880, 0x000001cd4e55ab60, 0x000001cd4e55b1f0,
0x000001cd4e55bf10, 0x000001cd4e55fa20, 0x000001cd4e5600b0, 0x000001cd4e55e670,
0x000001cd4e55ed00, 0x000001cd4e560740, 0x000001cd4e560dd0, 0x000001cd4fa09eb0,
0x000001cd4fa07750, 0x000001cd4fa05680
}

Java Threads: ( => current thread )
  0x000001cd2dab0d40 JavaThread "main"                              [_thread_blocked, id=3016, stack(0x0000001c99f00000,0x0000001c9a000000) (1024K)]
  0x000001cd46b000b0 JavaThread "Reference Handler"          daemon [_thread_blocked, id=16704, stack(0x0000001c9a700000,0x0000001c9a800000) (1024K)]
  0x000001cd46b1e100 JavaThread "Finalizer"                  daemon [_thread_blocked, id=4160, stack(0x0000001c9a800000,0x0000001c9a900000) (1024K)]
  0x000001cd4b00a820 JavaThread "Signal Dispatcher"          daemon [_thread_blocked, id=11920, stack(0x0000001c9a900000,0x0000001c9aa00000) (1024K)]
  0x000001cd4b00e2a0 JavaThread "Attach Listener"            daemon [_thread_blocked, id=9084, stack(0x0000001c9aa00000,0x0000001c9ab00000) (1024K)]
  0x000001cd4b0114b0 JavaThread "Service Thread"             daemon [_thread_blocked, id=15844, stack(0x0000001c9ab00000,0x0000001c9ac00000) (1024K)]
  0x000001cd4b015bb0 JavaThread "Monitor Deflation Thread"   daemon [_thread_blocked, id=13580, stack(0x0000001c9ac00000,0x0000001c9ad00000) (1024K)]
  0x000001cd4b032f70 JavaThread "C2 CompilerThread0"         daemon [_thread_blocked, id=11928, stack(0x0000001c9ad00000,0x0000001c9ae00000) (1024K)]
  0x000001cd4b033dc0 JavaThread "C1 CompilerThread0"         daemon [_thread_blocked, id=3924, stack(0x0000001c9ae00000,0x0000001c9af00000) (1024K)]
  0x000001cd46a4ade0 JavaThread "Common-Cleaner"             daemon [_thread_blocked, id=3756, stack(0x0000001c9af00000,0x0000001c9b000000) (1024K)]
  0x000001cd4b322090 JavaThread "Notification Thread"        daemon [_thread_blocked, id=5492, stack(0x0000001c9b000000,0x0000001c9b100000) (1024K)]
  0x000001cd4cd09cf0 JavaThread "Daemon health stats"               [_thread_blocked, id=10440, stack(0x0000001c9b400000,0x0000001c9b500000) (1024K)]
  0x000001cd4cab8710 JavaThread "Incoming local TCP Connector on port 58770"        [_thread_in_native, id=2448, stack(0x0000001c9b500000,0x0000001c9b600000) (1024K)]
  0x000001cd4cbfa600 JavaThread "Daemon periodic checks"            [_thread_blocked, id=15612, stack(0x0000001c9b600000,0x0000001c9b700000) (1024K)]
  0x000001cd4bf021b0 JavaThread "Daemon"                            [_thread_blocked, id=8276, stack(0x0000001c9b700000,0x0000001c9b800000) (1024K)]
  0x000001cd4cd3b6b0 JavaThread "Handler for socket connection from /127.0.0.1:58770 to /127.0.0.1:58771"        [_thread_in_native, id=13096, stack(0x0000001c9b800000,0x0000001c9b900000) (1024K)]
  0x000001cd4cc0aa60 JavaThread "Cancel handler"                    [_thread_blocked, id=3392, stack(0x0000001c9b900000,0x0000001c9ba00000) (1024K)]
  0x000001cd4ce1d980 JavaThread "Daemon worker"                     [_thread_blocked, id=13956, stack(0x0000001c9ba00000,0x0000001c9bb00000) (1024K)]
  0x000001cd4ce1c7b0 JavaThread "Asynchronous log dispatcher for DefaultDaemonConnection: socket connection from /127.0.0.1:58770 to /127.0.0.1:58771"        [_thread_blocked, id=6712, stack(0x0000001c9bb00000,0x0000001c9bc00000) (1024K)]
  0x000001cd4ce1c120 JavaThread "Stdin handler"                     [_thread_blocked, id=5948, stack(0x0000001c9bc00000,0x0000001c9bd00000) (1024K)]
  0x000001cd4ce1ad70 JavaThread "Daemon client event forwarder"        [_thread_blocked, id=16400, stack(0x0000001c9bd00000,0x0000001c9be00000) (1024K)]
  0x000001cd4ce1ba90 JavaThread "Cache worker for journal cache (C:\Users\acer\.gradle\caches\journal-1)"        [_thread_blocked, id=14500, stack(0x0000001c9be00000,0x0000001c9bf00000) (1024K)]
  0x000001cd4ce1ce40 JavaThread "File lock request listener"        [_thread_in_native, id=9160, stack(0x0000001c9bf00000,0x0000001c9c000000) (1024K)]
  0x000001cd4ce199c0 JavaThread "Cache worker for file hash cache (C:\Users\acer\.gradle\caches\8.10.2\fileHashes)"        [_thread_blocked, id=3008, stack(0x0000001c9c000000,0x0000001c9c100000) (1024K)]
  0x000001cd4ce1b400 JavaThread "Cache worker for file hash cache (C:\Users\acer\AndroidStudioProjects\Coffetable\.gradle\8.10.2\fileHashes)"        [_thread_blocked, id=8084, stack(0x0000001c9c100000,0x0000001c9c200000) (1024K)]
  0x000001cd4ce1a050 JavaThread "Cache worker for Build Output Cleanup Cache (C:\Users\acer\AndroidStudioProjects\Coffetable\.gradle\buildOutputCleanup)"        [_thread_blocked, id=1176, stack(0x0000001c9c200000,0x0000001c9c300000) (1024K)]
  0x000001cd4e55a4d0 JavaThread "File watcher server"        daemon [_thread_in_native, id=9408, stack(0x0000001c9c300000,0x0000001c9c400000) (1024K)]
  0x000001cd4e561af0 JavaThread "File watcher consumer"      daemon [_thread_blocked, id=15824, stack(0x0000001c9c400000,0x0000001c9c500000) (1024K)]
  0x000001cd4e561460 JavaThread "jar transforms"                    [_thread_blocked, id=4864, stack(0x0000001c9c500000,0x0000001c9c600000) (1024K)]
  0x000001cd4e55c5a0 JavaThread "jar transforms Thread 2"           [_thread_blocked, id=1972, stack(0x0000001c9c600000,0x0000001c9c700000) (1024K)]
  0x000001cd4e55d950 JavaThread "jar transforms Thread 3"           [_thread_blocked, id=17144, stack(0x0000001c9c700000,0x0000001c9c800000) (1024K)]
  0x000001cd4e55d2c0 JavaThread "jar transforms Thread 4"           [_thread_blocked, id=4516, stack(0x0000001c9c800000,0x0000001c9c900000) (1024K)]
  0x000001cd4e55cc30 JavaThread "Cache worker for checksums cache (C:\Users\acer\AndroidStudioProjects\Coffetable\.gradle\8.10.2\checksums)"        [_thread_blocked, id=8360, stack(0x0000001c9c900000,0x0000001c9ca00000) (1024K)]
  0x000001cd4e55b880 JavaThread "Cache worker for file content cache (C:\Users\acer\.gradle\caches\8.10.2\fileContent)"        [_thread_blocked, id=15868, stack(0x0000001c9ca00000,0x0000001c9cb00000) (1024K)]
  0x000001cd4e55ab60 JavaThread "Cache worker for cache directory md-rule (C:\Users\acer\.gradle\caches\8.10.2\md-rule)"        [_thread_blocked, id=4780, stack(0x0000001c9cb00000,0x0000001c9cc00000) (1024K)]
  0x000001cd4e55b1f0 JavaThread "Cache worker for cache directory md-supplier (C:\Users\acer\.gradle\caches\8.10.2\md-supplier)"        [_thread_blocked, id=4264, stack(0x0000001c9cc00000,0x0000001c9cd00000) (1024K)]
  0x000001cd4e55bf10 JavaThread "Unconstrained build operations"        [_thread_blocked, id=12704, stack(0x0000001c9cd00000,0x0000001c9ce00000) (1024K)]
  0x000001cd4e55fa20 JavaThread "Unconstrained build operations Thread 2"        [_thread_blocked, id=17180, stack(0x0000001c9ce00000,0x0000001c9cf00000) (1024K)]
  0x000001cd4e5600b0 JavaThread "Unconstrained build operations Thread 3"        [_thread_blocked, id=7560, stack(0x0000001c9cf00000,0x0000001c9d000000) (1024K)]
  0x000001cd4e55e670 JavaThread "Unconstrained build operations Thread 4"        [_thread_blocked, id=16324, stack(0x0000001c9d000000,0x0000001c9d100000) (1024K)]
  0x000001cd4e55ed00 JavaThread "Unconstrained build operations Thread 5"        [_thread_blocked, id=2500, stack(0x0000001c9d100000,0x0000001c9d200000) (1024K)]
  0x000001cd4e560740 JavaThread "Unconstrained build operations Thread 6"        [_thread_blocked, id=12076, stack(0x0000001c9d200000,0x0000001c9d300000) (1024K)]
  0x000001cd4e560dd0 JavaThread "Unconstrained build operations Thread 7"        [_thread_blocked, id=9844, stack(0x0000001c9d300000,0x0000001c9d400000) (1024K)]
  0x000001cd4fa09eb0 JavaThread "Unconstrained build operations Thread 8"        [_thread_blocked, id=8972, stack(0x0000001c9d400000,0x0000001c9d500000) (1024K)]
  0x000001cd4fa07750 JavaThread "Unconstrained build operations Thread 9"        [_thread_blocked, id=2772, stack(0x0000001c9d500000,0x0000001c9d600000) (1024K)]
  0x000001cd4fa05680 JavaThread "Unconstrained build operations Thread 10"        [_thread_blocked, id=8820, stack(0x0000001c9d600000,0x0000001c9d700000) (1024K)]
Total: 46

Other Threads:
=>0x000001cd46aa78b0 VMThread "VM Thread"                           [id=1860, stack(0x0000001c9a600000,0x0000001c9a700000) (1024K)]
  0x000001cd46a47a00 WatcherThread "VM Periodic Task Thread"        [id=8392, stack(0x0000001c9a500000,0x0000001c9a600000) (1024K)]
  0x000001cd2fcfa920 WorkerThread "GC Thread#0"                     [id=14908, stack(0x0000001c9a000000,0x0000001c9a100000) (1024K)]
  0x000001cd4b481980 WorkerThread "GC Thread#1"                     [id=7392, stack(0x0000001c9b100000,0x0000001c9b200000) (1024K)]
  0x000001cd4b435f00 WorkerThread "GC Thread#2"                     [id=5580, stack(0x0000001c9b200000,0x0000001c9b300000) (1024K)]
  0x000001cd4bf4cc60 WorkerThread "GC Thread#3"                     [id=3804, stack(0x0000001c9b300000,0x0000001c9b400000) (1024K)]
  0x000001cd2fd0b810 ConcurrentGCThread "G1 Main Marker"            [id=9396, stack(0x0000001c9a100000,0x0000001c9a200000) (1024K)]
  0x000001cd2fd0c470 WorkerThread "G1 Conc#0"                       [id=2792, stack(0x0000001c9a200000,0x0000001c9a300000) (1024K)]
  0x000001cd2fd66f60 ConcurrentGCThread "G1 Refine#0"               [id=13984, stack(0x0000001c9a300000,0x0000001c9a400000) (1024K)]
  0x000001cd2fd68ac0 ConcurrentGCThread "G1 Service"                [id=16688, stack(0x0000001c9a400000,0x0000001c9a500000) (1024K)]
Total: 10

Threads with active compile tasks:
C2 CompilerThread0     8807 6068   !   4       java.net.URLClassLoader::findClass (47 bytes)
Total: 1

VM state: at safepoint (normal execution)

VM Mutex/Monitor currently owned by a thread:  ([mutex/lock_event])
[0x00007ff8efd072f8] Threads_lock - owner thread: 0x000001cd46aa78b0
[0x00007ff8efd073f8] Heap_lock - owner thread: 0x000001cd4ce1d980

Heap address: 0x0000000080000000, size: 2048 MB, Compressed Oops mode: 32-bit

CDS archive(s) not mapped
Compressed class space mapped at: 0x0000000100000000-0x0000000140000000, reserved size: 1073741824
Narrow klass base: 0x0000000000000000, Narrow klass shift: 3, Narrow klass range: 0x140000000

GC Precious Log:
 CardTable entry size: 512
 Card Set container configuration: InlinePtr #cards 5 size 8 Array Of Cards #cards 12 size 40 Howl #buckets 4 coarsen threshold 1843 Howl Bitmap #cards 512 size 80 coarsen threshold 460 Card regions per heap region 1 cards per card region 2048
 CPUs: 4 total, 4 available
 Memory: 3863M
 Large Page Support: Disabled
 NUMA Support: Disabled
 Compressed Oops: Enabled (32-bit)
 Heap Region Size: 1M
 Heap Min Capacity: 8M
 Heap Initial Capacity: 62M
 Heap Max Capacity: 2G
 Pre-touch: Disabled
 Parallel Workers: 4
 Concurrent Workers: 1
 Concurrent Refinement Workers: 4
 Periodic GC: Disabled

Heap:
 garbage-first heap   total 122880K, used 74728K [0x0000000080000000, 0x0000000100000000)
  region size 1024K, 3 young (3072K), 3 survivors (3072K)
 Metaspace       used 62795K, committed 64448K, reserved 1114112K
  class space    used 8417K, committed 9216K, reserved 1048576K

Heap Regions: E=young(eden), S=young(survivor), O=old, HS=humongous(starts), HC=humongous(continues), CS=collection set, F=free, TAMS=top-at-mark-start, PB=parsable bottom
|   0|0x0000000080000000, 0x0000000080100000, 0x0000000080100000|100%|HS|  |TAMS 0x0000000080100000| PB 0x0000000080000000| Complete 
|   1|0x0000000080100000, 0x0000000080200000, 0x0000000080200000|100%|HC|  |TAMS 0x0000000080200000| PB 0x0000000080100000| Complete 
|   2|0x0000000080200000, 0x0000000080300000, 0x0000000080300000|100%|HC|  |TAMS 0x0000000080300000| PB 0x0000000080200000| Complete 
|   3|0x0000000080300000, 0x0000000080400000, 0x0000000080400000|100%|HC|  |TAMS 0x0000000080400000| PB 0x0000000080300000| Complete 
|   4|0x0000000080400000, 0x0000000080500000, 0x0000000080500000|100%| O|  |TAMS 0x0000000080500000| PB 0x0000000080400000| Untracked 
|   5|0x0000000080500000, 0x0000000080600000, 0x0000000080600000|100%| O|  |TAMS 0x0000000080600000| PB 0x0000000080500000| Untracked 
|   6|0x0000000080600000, 0x0000000080700000, 0x0000000080700000|100%| O|  |TAMS 0x0000000080700000| PB 0x0000000080600000| Untracked 
|   7|0x0000000080700000, 0x0000000080800000, 0x0000000080800000|100%| O|  |TAMS 0x0000000080800000| PB 0x0000000080700000| Untracked 
|   8|0x0000000080800000, 0x0000000080900000, 0x0000000080900000|100%| O|  |TAMS 0x0000000080900000| PB 0x0000000080800000| Untracked 
|   9|0x0000000080900000, 0x0000000080a00000, 0x0000000080a00000|100%| O|  |TAMS 0x0000000080a00000| PB 0x0000000080900000| Untracked 
|  10|0x0000000080a00000, 0x0000000080b00000, 0x0000000080b00000|100%| O|  |TAMS 0x0000000080b00000| PB 0x0000000080a00000| Untracked 
|  11|0x0000000080b00000, 0x0000000080c00000, 0x0000000080c00000|100%|HS|  |TAMS 0x0000000080c00000| PB 0x0000000080b00000| Complete 
|  12|0x0000000080c00000, 0x0000000080d00000, 0x0000000080d00000|100%| O|  |TAMS 0x0000000080d00000| PB 0x0000000080c00000| Untracked 
|  13|0x0000000080d00000, 0x0000000080e00000, 0x0000000080e00000|100%| O|  |TAMS 0x0000000080e00000| PB 0x0000000080d00000| Untracked 
|  14|0x0000000080e00000, 0x0000000080f00000, 0x0000000080f00000|100%| O|  |TAMS 0x0000000080f00000| PB 0x0000000080e00000| Untracked 
|  15|0x0000000080f00000, 0x0000000081000000, 0x0000000081000000|100%| O|  |TAMS 0x0000000081000000| PB 0x0000000080f00000| Untracked 
|  16|0x0000000081000000, 0x0000000081100000, 0x0000000081100000|100%| O|  |TAMS 0x0000000081100000| PB 0x0000000081000000| Untracked 
|  17|0x0000000081100000, 0x0000000081200000, 0x0000000081200000|100%| O|  |TAMS 0x0000000081200000| PB 0x0000000081100000| Untracked 
|  18|0x0000000081200000, 0x0000000081300000, 0x0000000081300000|100%| O|  |TAMS 0x0000000081300000| PB 0x0000000081200000| Untracked 
|  19|0x0000000081300000, 0x0000000081400000, 0x0000000081400000|100%| O|  |TAMS 0x0000000081400000| PB 0x0000000081300000| Untracked 
|  20|0x0000000081400000, 0x0000000081500000, 0x0000000081500000|100%| O|  |TAMS 0x0000000081500000| PB 0x0000000081400000| Untracked 
|  21|0x0000000081500000, 0x0000000081600000, 0x0000000081600000|100%| O|  |TAMS 0x0000000081600000| PB 0x0000000081500000| Untracked 
|  22|0x0000000081600000, 0x0000000081700000, 0x0000000081700000|100%|HS|  |TAMS 0x0000000081700000| PB 0x0000000081600000| Complete 
|  23|0x0000000081700000, 0x0000000081800000, 0x0000000081800000|100%|HC|  |TAMS 0x0000000081800000| PB 0x0000000081700000| Complete 
|  24|0x0000000081800000, 0x0000000081900000, 0x0000000081900000|100%|HC|  |TAMS 0x0000000081900000| PB 0x0000000081800000| Complete 
|  25|0x0000000081900000, 0x0000000081a00000, 0x0000000081a00000|100%|HC|  |TAMS 0x0000000081a00000| PB 0x0000000081900000| Complete 
|  26|0x0000000081a00000, 0x0000000081b00000, 0x0000000081b00000|100%|HC|  |TAMS 0x0000000081b00000| PB 0x0000000081a00000| Complete 
|  27|0x0000000081b00000, 0x0000000081c00000, 0x0000000081c00000|100%|HC|  |TAMS 0x0000000081c00000| PB 0x0000000081b00000| Complete 
|  28|0x0000000081c00000, 0x0000000081d00000, 0x0000000081d00000|100%| O|  |TAMS 0x0000000081d00000| PB 0x0000000081c00000| Untracked 
|  29|0x0000000081d00000, 0x0000000081e00000, 0x0000000081e00000|100%|HS|  |TAMS 0x0000000081e00000| PB 0x0000000081d00000| Complete 
|  30|0x0000000081e00000, 0x0000000081f00000, 0x0000000081f00000|100%|HC|  |TAMS 0x0000000081f00000| PB 0x0000000081e00000| Complete 
|  31|0x0000000081f00000, 0x0000000082000000, 0x0000000082000000|100%|HC|  |TAMS 0x0000000082000000| PB 0x0000000081f00000| Complete 
|  32|0x0000000082000000, 0x0000000082100000, 0x0000000082100000|100%| O|  |TAMS 0x0000000082100000| PB 0x0000000082000000| Untracked 
|  33|0x0000000082100000, 0x0000000082200000, 0x0000000082200000|100%| O|  |TAMS 0x0000000082200000| PB 0x0000000082100000| Untracked 
|  34|0x0000000082200000, 0x0000000082300000, 0x0000000082300000|100%| O|  |TAMS 0x0000000082300000| PB 0x0000000082200000| Untracked 
|  35|0x0000000082300000, 0x0000000082400000, 0x0000000082400000|100%|HS|  |TAMS 0x0000000082400000| PB 0x0000000082300000| Complete 
|  36|0x0000000082400000, 0x0000000082500000, 0x0000000082500000|100%|HC|  |TAMS 0x0000000082500000| PB 0x0000000082400000| Complete 
|  37|0x0000000082500000, 0x0000000082600000, 0x0000000082600000|100%|HS|  |TAMS 0x0000000082600000| PB 0x0000000082500000| Complete 
|  38|0x0000000082600000, 0x0000000082700000, 0x0000000082700000|100%| O|  |TAMS 0x0000000082700000| PB 0x0000000082600000| Untracked 
|  39|0x0000000082700000, 0x0000000082800000, 0x0000000082800000|100%| O|  |TAMS 0x0000000082800000| PB 0x0000000082700000| Untracked 
|  40|0x0000000082800000, 0x0000000082900000, 0x0000000082900000|100%| O|  |TAMS 0x0000000082900000| PB 0x0000000082800000| Untracked 
|  41|0x0000000082900000, 0x0000000082a00000, 0x0000000082a00000|100%| O|  |TAMS 0x0000000082a00000| PB 0x0000000082900000| Untracked 
|  42|0x0000000082a00000, 0x0000000082b00000, 0x0000000082b00000|100%| O|  |TAMS 0x0000000082b00000| PB 0x0000000082a00000| Untracked 
|  43|0x0000000082b00000, 0x0000000082c00000, 0x0000000082c00000|100%| O|  |TAMS 0x0000000082c00000| PB 0x0000000082b00000| Untracked 
|  44|0x0000000082c00000, 0x0000000082d00000, 0x0000000082d00000|100%| O|  |TAMS 0x0000000082d00000| PB 0x0000000082c00000| Untracked 
|  45|0x0000000082d00000, 0x0000000082e00000, 0x0000000082e00000|100%| O|  |TAMS 0x0000000082e00000| PB 0x0000000082d00000| Untracked 
|  46|0x0000000082e00000, 0x0000000082f00000, 0x0000000082f00000|100%| O|  |TAMS 0x0000000082f00000| PB 0x0000000082e00000| Untracked 
|  47|0x0000000082f00000, 0x0000000083000000, 0x0000000083000000|100%| O|  |TAMS 0x0000000083000000| PB 0x0000000082f00000| Untracked 
|  48|0x0000000083000000, 0x0000000083000000, 0x0000000083100000|  0%| F|  |TAMS 0x0000000083000000| PB 0x0000000083000000| Untracked 
|  49|0x0000000083100000, 0x0000000083200000, 0x0000000083200000|100%|HS|  |TAMS 0x0000000083200000| PB 0x0000000083100000| Complete 
|  50|0x0000000083200000, 0x0000000083300000, 0x0000000083300000|100%|HC|  |TAMS 0x0000000083300000| PB 0x0000000083200000| Complete 
|  51|0x0000000083300000, 0x0000000083400000, 0x0000000083400000|100%|HS|  |TAMS 0x0000000083400000| PB 0x0000000083300000| Complete 
|  52|0x0000000083400000, 0x0000000083500000, 0x0000000083500000|100%|HC|  |TAMS 0x0000000083500000| PB 0x0000000083400000| Complete 
|  53|0x0000000083500000, 0x0000000083600000, 0x0000000083600000|100%|HC|  |TAMS 0x0000000083600000| PB 0x0000000083500000| Complete 
|  54|0x0000000083600000, 0x0000000083700000, 0x0000000083700000|100%|HC|  |TAMS 0x0000000083700000| PB 0x0000000083600000| Complete 
|  55|0x0000000083700000, 0x0000000083800000, 0x0000000083800000|100%|HC|  |TAMS 0x0000000083800000| PB 0x0000000083700000| Complete 
|  56|0x0000000083800000, 0x0000000083900000, 0x0000000083900000|100%|HC|  |TAMS 0x0000000083900000| PB 0x0000000083800000| Complete 
|  57|0x0000000083900000, 0x0000000083a00000, 0x0000000083a00000|100%| O|  |TAMS 0x0000000083a00000| PB 0x0000000083900000| Untracked 
|  58|0x0000000083a00000, 0x0000000083a7cbc0, 0x0000000083b00000| 48%| O|  |TAMS 0x0000000083a7cbc0| PB 0x0000000083a00000| Untracked 
|  59|0x0000000083b00000, 0x0000000083c00000, 0x0000000083c00000|100%| O|  |TAMS 0x0000000083c00000| PB 0x0000000083b00000| Untracked 
|  60|0x0000000083c00000, 0x0000000083d00000, 0x0000000083d00000|100%| O|  |TAMS 0x0000000083d00000| PB 0x0000000083c00000| Untracked 
|  61|0x0000000083d00000, 0x0000000083d00000, 0x0000000083e00000|  0%| F|  |TAMS 0x0000000083d00000| PB 0x0000000083d00000| Untracked 
|  62|0x0000000083e00000, 0x0000000083f00000, 0x0000000083f00000|100%| O|  |TAMS 0x0000000083f00000| PB 0x0000000083e00000| Untracked 
|  63|0x0000000083f00000, 0x0000000084000000, 0x0000000084000000|100%|HS|  |TAMS 0x0000000084000000| PB 0x0000000083f00000| Complete 
|  64|0x0000000084000000, 0x0000000084100000, 0x0000000084100000|100%|HC|  |TAMS 0x0000000084100000| PB 0x0000000084000000| Complete 
|  65|0x0000000084100000, 0x0000000084200000, 0x0000000084200000|100%|HC|  |TAMS 0x0000000084200000| PB 0x0000000084100000| Complete 
|  66|0x0000000084200000, 0x0000000084300000, 0x0000000084300000|100%|HC|  |TAMS 0x0000000084300000| PB 0x0000000084200000| Complete 
|  67|0x0000000084300000, 0x0000000084400000, 0x0000000084400000|100%|HC|  |TAMS 0x0000000084400000| PB 0x0000000084300000| Complete 
|  68|0x0000000084400000, 0x0000000084500000, 0x0000000084500000|100%|HC|  |TAMS 0x0000000084500000| PB 0x0000000084400000| Complete 
|  69|0x0000000084500000, 0x0000000084600000, 0x0000000084600000|100%| O|  |TAMS 0x0000000084600000| PB 0x0000000084500000| Untracked 
|  70|0x0000000084600000, 0x0000000084700000, 0x0000000084700000|100%| O|  |TAMS 0x0000000084700000| PB 0x0000000084600000| Untracked 
|  71|0x0000000084700000, 0x0000000084700000, 0x0000000084800000|  0%| F|  |TAMS 0x0000000084700000| PB 0x0000000084700000| Untracked 
|  72|0x0000000084800000, 0x0000000084800000, 0x0000000084900000|  0%| F|  |TAMS 0x0000000084800000| PB 0x0000000084800000| Untracked 
|  73|0x0000000084900000, 0x0000000084900000, 0x0000000084a00000|  0%| F|  |TAMS 0x0000000084900000| PB 0x0000000084900000| Untracked 
|  74|0x0000000084a00000, 0x0000000084a00000, 0x0000000084b00000|  0%| F|  |TAMS 0x0000000084a00000| PB 0x0000000084a00000| Untracked 
|  75|0x0000000084b00000, 0x0000000084b00000, 0x0000000084c00000|  0%| F|  |TAMS 0x0000000084b00000| PB 0x0000000084b00000| Untracked 
|  76|0x0000000084c00000, 0x0000000084c00000, 0x0000000084d00000|  0%| F|  |TAMS 0x0000000084c00000| PB 0x0000000084c00000| Untracked 
|  77|0x0000000084d00000, 0x0000000084d00000, 0x0000000084e00000|  0%| F|  |TAMS 0x0000000084d00000| PB 0x0000000084d00000| Untracked 
|  78|0x0000000084e00000, 0x0000000084e00000, 0x0000000084f00000|  0%| F|  |TAMS 0x0000000084e00000| PB 0x0000000084e00000| Untracked 
|  79|0x0000000084f00000, 0x0000000084f00000, 0x0000000085000000|  0%| F|  |TAMS 0x0000000084f00000| PB 0x0000000084f00000| Untracked 
|  80|0x0000000085000000, 0x0000000085000000, 0x0000000085100000|  0%| F|  |TAMS 0x0000000085000000| PB 0x0000000085000000| Untracked 
|  81|0x0000000085100000, 0x0000000085100000, 0x0000000085200000|  0%| F|  |TAMS 0x0000000085100000| PB 0x0000000085100000| Untracked 
|  82|0x0000000085200000, 0x0000000085200000, 0x0000000085300000|  0%| F|  |TAMS 0x0000000085200000| PB 0x0000000085200000| Untracked 
|  83|0x0000000085300000, 0x0000000085300000, 0x0000000085400000|  0%| F|  |TAMS 0x0000000085300000| PB 0x0000000085300000| Untracked 
|  84|0x0000000085400000, 0x0000000085400000, 0x0000000085500000|  0%| F|  |TAMS 0x0000000085400000| PB 0x0000000085400000| Untracked 
|  85|0x0000000085500000, 0x0000000085500000, 0x0000000085600000|  0%| F|  |TAMS 0x0000000085500000| PB 0x0000000085500000| Untracked 
|  86|0x0000000085600000, 0x0000000085600000, 0x0000000085700000|  0%| F|  |TAMS 0x0000000085600000| PB 0x0000000085600000| Untracked 
|  87|0x0000000085700000, 0x0000000085700000, 0x0000000085800000|  0%| F|  |TAMS 0x0000000085700000| PB 0x0000000085700000| Untracked 
|  88|0x0000000085800000, 0x000000008587d6c8, 0x0000000085900000| 48%| S|CS|TAMS 0x0000000085800000| PB 0x0000000085800000| Complete 
|  89|0x0000000085900000, 0x0000000085a00000, 0x0000000085a00000|100%| S|CS|TAMS 0x0000000085900000| PB 0x0000000085900000| Complete 
|  90|0x0000000085a00000, 0x0000000085b00000, 0x0000000085b00000|100%| S|CS|TAMS 0x0000000085a00000| PB 0x0000000085a00000| Complete 
|  91|0x0000000085b00000, 0x0000000085b00000, 0x0000000085c00000|  0%| F|  |TAMS 0x0000000085b00000| PB 0x0000000085b00000| Untracked 
|  92|0x0000000085c00000, 0x0000000085c00000, 0x0000000085d00000|  0%| F|  |TAMS 0x0000000085c00000| PB 0x0000000085c00000| Untracked 
|  93|0x0000000085d00000, 0x0000000085d00000, 0x0000000085e00000|  0%| F|  |TAMS 0x0000000085d00000| PB 0x0000000085d00000| Untracked 
|  94|0x0000000085e00000, 0x0000000085e00000, 0x0000000085f00000|  0%| F|  |TAMS 0x0000000085e00000| PB 0x0000000085e00000| Untracked 
|  95|0x0000000085f00000, 0x0000000085f00000, 0x0000000086000000|  0%| F|  |TAMS 0x0000000085f00000| PB 0x0000000085f00000| Untracked 
|  96|0x0000000086000000, 0x0000000086000000, 0x0000000086100000|  0%| F|  |TAMS 0x0000000086000000| PB 0x0000000086000000| Untracked 
|  97|0x0000000086100000, 0x0000000086100000, 0x0000000086200000|  0%| F|  |TAMS 0x0000000086100000| PB 0x0000000086100000| Untracked 
|  98|0x0000000086200000, 0x0000000086200000, 0x0000000086300000|  0%| F|  |TAMS 0x0000000086200000| PB 0x0000000086200000| Untracked 
|  99|0x0000000086300000, 0x0000000086300000, 0x0000000086400000|  0%| F|  |TAMS 0x0000000086300000| PB 0x0000000086300000| Untracked 
| 100|0x0000000086400000, 0x0000000086400000, 0x0000000086500000|  0%| F|  |TAMS 0x0000000086400000| PB 0x0000000086400000| Untracked 
| 101|0x0000000086500000, 0x0000000086500000, 0x0000000086600000|  0%| F|  |TAMS 0x0000000086500000| PB 0x0000000086500000| Untracked 
| 102|0x0000000086600000, 0x0000000086600000, 0x0000000086700000|  0%| F|  |TAMS 0x0000000086600000| PB 0x0000000086600000| Untracked 
| 103|0x0000000086700000, 0x0000000086700000, 0x0000000086800000|  0%| F|  |TAMS 0x0000000086700000| PB 0x0000000086700000| Untracked 
| 104|0x0000000086800000, 0x0000000086800000, 0x0000000086900000|  0%| F|  |TAMS 0x0000000086800000| PB 0x0000000086800000| Untracked 
| 105|0x0000000086900000, 0x0000000086900000, 0x0000000086a00000|  0%| F|  |TAMS 0x0000000086900000| PB 0x0000000086900000| Untracked 
| 106|0x0000000086a00000, 0x0000000086a00000, 0x0000000086b00000|  0%| F|  |TAMS 0x0000000086a00000| PB 0x0000000086a00000| Untracked 
| 107|0x0000000086b00000, 0x0000000086b00000, 0x0000000086c00000|  0%| F|  |TAMS 0x0000000086b00000| PB 0x0000000086b00000| Untracked 
| 108|0x0000000086c00000, 0x0000000086c00000, 0x0000000086d00000|  0%| F|  |TAMS 0x0000000086c00000| PB 0x0000000086c00000| Untracked 
| 109|0x0000000086d00000, 0x0000000086d00000, 0x0000000086e00000|  0%| F|  |TAMS 0x0000000086d00000| PB 0x0000000086d00000| Untracked 
| 110|0x0000000086e00000, 0x0000000086e00000, 0x0000000086f00000|  0%| F|  |TAMS 0x0000000086e00000| PB 0x0000000086e00000| Untracked 
| 111|0x0000000086f00000, 0x0000000086f00000, 0x0000000087000000|  0%| F|  |TAMS 0x0000000086f00000| PB 0x0000000086f00000| Untracked 
| 112|0x0000000087000000, 0x0000000087000000, 0x0000000087100000|  0%| F|  |TAMS 0x0000000087000000| PB 0x0000000087000000| Untracked 
| 113|0x0000000087100000, 0x0000000087100000, 0x0000000087200000|  0%| F|  |TAMS 0x0000000087100000| PB 0x0000000087100000| Untracked 
| 114|0x0000000087200000, 0x0000000087200000, 0x0000000087300000|  0%| F|  |TAMS 0x0000000087200000| PB 0x0000000087200000| Untracked 
| 115|0x0000000087300000, 0x0000000087300000, 0x0000000087400000|  0%| F|  |TAMS 0x0000000087300000| PB 0x0000000087300000| Untracked 
| 116|0x0000000087400000, 0x0000000087400000, 0x0000000087500000|  0%| F|  |TAMS 0x0000000087400000| PB 0x0000000087400000| Untracked 
| 117|0x0000000087500000, 0x0000000087500000, 0x0000000087600000|  0%| F|  |TAMS 0x0000000087500000| PB 0x0000000087500000| Untracked 
|2046|0x00000000ffe00000, 0x00000000fff00000, 0x00000000fff00000|100%| O|  |TAMS 0x00000000fff00000| PB 0x00000000ffe00000| Untracked 
|2047|0x00000000fff00000, 0x0000000100000000, 0x0000000100000000|100%| O|  |TAMS 0x0000000100000000| PB 0x00000000fff00000| Untracked 

Card table byte_map: [0x000001cd421f0000,0x000001cd425f0000] _byte_map_base: 0x000001cd41df0000

Marking Bits: (CMBitMap*) 0x000001cd2fcfaf30
 Bits: [0x000001cd425f0000, 0x000001cd445f0000)

Polling page: 0x000001cd2f470000

Metaspace:

Usage:
  Non-class:     53.10 MB used.
      Class:      8.22 MB used.
       Both:     61.32 MB used.

Virtual space:
  Non-class space:       64.00 MB reserved,      53.94 MB ( 84%) committed,  1 nodes.
      Class space:        1.00 GB reserved,       9.00 MB ( <1%) committed,  1 nodes.
             Both:        1.06 GB reserved,      62.94 MB (  6%) committed. 

Chunk freelists:
   Non-Class:  10.09 MB
       Class:  6.83 MB
        Both:  16.92 MB

MaxMetaspaceSize: unlimited
CompressedClassSpaceSize: 1.00 GB
Initial GC threshold: 21.00 MB
Current GC threshold: 94.94 MB
CDS: off
 - commit_granule_bytes: 65536.
 - commit_granule_words: 8192.
 - virtual_space_node_default_size: 8388608.
 - enlarge_chunks_in_place: 1.
 - use_allocation_guard: 0.


Internal statistics:

num_allocs_failed_limit: 3.
num_arena_births: 2926.
num_arena_deaths: 0.
num_vsnodes_births: 2.
num_vsnodes_deaths: 0.
num_space_committed: 1007.
num_space_uncommitted: 0.
num_chunks_returned_to_freelist: 3.
num_chunks_taken_from_freelist: 5443.
num_chunk_merges: 3.
num_chunk_splits: 3514.
num_chunks_enlarged: 2192.
num_inconsistent_stats: 0.

CodeHeap 'non-profiled nmethods': size=120000Kb used=2504Kb max_used=2504Kb free=117495Kb
 bounds [0x000001cd3a8c0000, 0x000001cd3ab40000, 0x000001cd41df0000]
CodeHeap 'profiled nmethods': size=120000Kb used=10221Kb max_used=10221Kb free=109779Kb
 bounds [0x000001cd32df0000, 0x000001cd337f0000, 0x000001cd3a320000]
CodeHeap 'non-nmethods': size=5760Kb used=2953Kb max_used=2961Kb free=2806Kb
 bounds [0x000001cd3a320000, 0x000001cd3a610000, 0x000001cd3a8c0000]
 total_blobs=6182 nmethods=5315 adapters=771
 compilation: enabled
              stopped_count=0, restarted_count=0
 full_count=0

Compilation events (20 events):
Event: 8.663 Thread 0x000001cd4b033dc0 6059       3       kotlin.reflect.jvm.internal.ReflectProperties::lazySoft (14 bytes)
Event: 8.663 Thread 0x000001cd4b033dc0 nmethod 6059 0x000001cd337e7d90 code [0x000001cd337e7f60, 0x000001cd337e8218]
Event: 8.663 Thread 0x000001cd4b033dc0 6061       3       kotlin.LazyKt__LazyJVMKt::lazy (102 bytes)
Event: 8.664 Thread 0x000001cd4b032f70 nmethod 6056 0x000001cd3ab30c10 code [0x000001cd3ab30dc0, 0x000001cd3ab31150]
Event: 8.664 Thread 0x000001cd4b032f70 6063       4       java.lang.StringLatin1::regionMatchesCI (45 bytes)
Event: 8.665 Thread 0x000001cd4b033dc0 nmethod 6061 0x000001cd337e8390 code [0x000001cd337e87a0, 0x000001cd337ea188]
Event: 8.665 Thread 0x000001cd4b033dc0 6062       3       kotlin.SafePublicationLazyImpl::<init> (30 bytes)
Event: 8.665 Thread 0x000001cd4b033dc0 nmethod 6062 0x000001cd337eaa90 code [0x000001cd337eacc0, 0x000001cd337eb3f0]
Event: 8.665 Thread 0x000001cd4b032f70 nmethod 6063 0x000001cd3ab31410 code [0x000001cd3ab315a0, 0x000001cd3ab31780]
Event: 8.672 Thread 0x000001cd4b032f70 6064       4       kotlin.jvm.internal.Intrinsics::checkNotNullParameter (9 bytes)
Event: 8.673 Thread 0x000001cd4b033dc0 6065       3       kotlin.reflect.jvm.internal.impl.renderer.DescriptorRendererOptionsImpl::property (20 bytes)
Event: 8.673 Thread 0x000001cd4b032f70 nmethod 6064 0x000001cd3ab31910 code [0x000001cd3ab31a80, 0x000001cd3ab31b08]
Event: 8.673 Thread 0x000001cd4b033dc0 nmethod 6065 0x000001cd337eb690 code [0x000001cd337eb840, 0x000001cd337ebb70]
Event: 8.673 Thread 0x000001cd4b032f70 6067       4       java.lang.Boolean::valueOf (14 bytes)
Event: 8.673 Thread 0x000001cd4b033dc0 6066       3       kotlin.reflect.jvm.internal.impl.renderer.DescriptorRendererOptionsImpl$property$$inlined$vetoable$1::<init> (11 bytes)
Event: 8.673 Thread 0x000001cd4b033dc0 nmethod 6066 0x000001cd337ebc90 code [0x000001cd337ebe40, 0x000001cd337ec0c0]
Event: 8.673 Thread 0x000001cd4b032f70 nmethod 6067 0x000001cd3ab31c10 code [0x000001cd3ab31d80, 0x000001cd3ab31e00]
Event: 8.681 Thread 0x000001cd4b032f70 6068   !   4       java.net.URLClassLoader::findClass (47 bytes)
Event: 8.737 Thread 0x000001cd4b033dc0 6071       3       java.util.Collections::emptyMap (4 bytes)
Event: 8.737 Thread 0x000001cd4b033dc0 nmethod 6071 0x000001cd33508310 code [0x000001cd335084a0, 0x000001cd33508598]

GC Heap History (20 events):
Event: 5.155 GC heap after
{Heap after GC invocations=14 (full 0):
 garbage-first heap   total 76800K, used 44527K [0x0000000080000000, 0x0000000100000000)
  region size 1024K, 2 young (2048K), 2 survivors (2048K)
 Metaspace       used 40040K, committed 41088K, reserved 1114112K
  class space    used 5489K, committed 6016K, reserved 1048576K
}
Event: 5.506 GC heap before
{Heap before GC invocations=14 (full 0):
 garbage-first heap   total 76800K, used 65007K [0x0000000080000000, 0x0000000100000000)
  region size 1024K, 22 young (22528K), 2 survivors (2048K)
 Metaspace       used 42995K, committed 44224K, reserved 1114112K
  class space    used 5979K, committed 6592K, reserved 1048576K
}
Event: 5.510 GC heap after
{Heap after GC invocations=15 (full 0):
 garbage-first heap   total 76800K, used 45814K [0x0000000080000000, 0x0000000100000000)
  region size 1024K, 3 young (3072K), 3 survivors (3072K)
 Metaspace       used 42995K, committed 44224K, reserved 1114112K
  class space    used 5979K, committed 6592K, reserved 1048576K
}
Event: 5.910 GC heap before
{Heap before GC invocations=16 (full 0):
 garbage-first heap   total 78848K, used 65270K [0x0000000080000000, 0x0000000100000000)
  region size 1024K, 23 young (23552K), 3 survivors (3072K)
 Metaspace       used 47836K, committed 49152K, reserved 1114112K
  class space    used 6515K, committed 7168K, reserved 1048576K
}
Event: 5.915 GC heap after
{Heap after GC invocations=17 (full 0):
 garbage-first heap   total 78848K, used 48210K [0x0000000080000000, 0x0000000100000000)
  region size 1024K, 3 young (3072K), 3 survivors (3072K)
 Metaspace       used 47836K, committed 49152K, reserved 1114112K
  class space    used 6515K, committed 7168K, reserved 1048576K
}
Event: 6.096 GC heap before
{Heap before GC invocations=17 (full 0):
 garbage-first heap   total 78848K, used 67666K [0x0000000080000000, 0x0000000100000000)
  region size 1024K, 23 young (23552K), 3 survivors (3072K)
 Metaspace       used 49020K, committed 50240K, reserved 1114112K
  class space    used 6626K, committed 7232K, reserved 1048576K
}
Event: 6.104 GC heap after
{Heap after GC invocations=18 (full 0):
 garbage-first heap   total 78848K, used 50887K [0x0000000080000000, 0x0000000100000000)
  region size 1024K, 3 young (3072K), 3 survivors (3072K)
 Metaspace       used 49020K, committed 50240K, reserved 1114112K
  class space    used 6626K, committed 7232K, reserved 1048576K
}
Event: 6.299 GC heap before
{Heap before GC invocations=18 (full 0):
 garbage-first heap   total 78848K, used 62151K [0x0000000080000000, 0x0000000100000000)
  region size 1024K, 16 young (16384K), 3 survivors (3072K)
 Metaspace       used 49552K, committed 50880K, reserved 1114112K
  class space    used 6681K, committed 7360K, reserved 1048576K
}
Event: 6.302 GC heap after
{Heap after GC invocations=19 (full 0):
 garbage-first heap   total 95232K, used 51745K [0x0000000080000000, 0x0000000100000000)
  region size 1024K, 3 young (3072K), 3 survivors (3072K)
 Metaspace       used 49552K, committed 50880K, reserved 1114112K
  class space    used 6681K, committed 7360K, reserved 1048576K
}
Event: 6.890 GC heap before
{Heap before GC invocations=20 (full 0):
 garbage-first heap   total 97280K, used 86561K [0x0000000080000000, 0x0000000100000000)
  region size 1024K, 32 young (32768K), 3 survivors (3072K)
 Metaspace       used 53937K, committed 55424K, reserved 1114112K
  class space    used 7262K, committed 8000K, reserved 1048576K
}
Event: 6.899 GC heap after
{Heap after GC invocations=21 (full 0):
 garbage-first heap   total 97280K, used 53307K [0x0000000080000000, 0x0000000100000000)
  region size 1024K, 4 young (4096K), 4 survivors (4096K)
 Metaspace       used 53937K, committed 55424K, reserved 1114112K
  class space    used 7262K, committed 8000K, reserved 1048576K
}
Event: 7.715 GC heap before
{Heap before GC invocations=21 (full 0):
 garbage-first heap   total 97280K, used 92219K [0x0000000080000000, 0x0000000100000000)
  region size 1024K, 35 young (35840K), 4 survivors (4096K)
 Metaspace       used 56390K, committed 57856K, reserved 1114112K
  class space    used 7637K, committed 8384K, reserved 1048576K
}
Event: 7.725 GC heap after
{Heap after GC invocations=22 (full 0):
 garbage-first heap   total 102400K, used 64067K [0x0000000080000000, 0x0000000100000000)
  region size 1024K, 5 young (5120K), 5 survivors (5120K)
 Metaspace       used 56390K, committed 57856K, reserved 1114112K
  class space    used 7637K, committed 8384K, reserved 1048576K
}
Event: 7.831 GC heap before
{Heap before GC invocations=22 (full 0):
 garbage-first heap   total 102400K, used 69187K [0x0000000080000000, 0x0000000100000000)
  region size 1024K, 11 young (11264K), 5 survivors (5120K)
 Metaspace       used 56631K, committed 58176K, reserved 1114112K
  class space    used 7682K, committed 8448K, reserved 1048576K
}
Event: 7.840 GC heap after
{Heap after GC invocations=23 (full 0):
 garbage-first heap   total 102400K, used 66518K [0x0000000080000000, 0x0000000100000000)
  region size 1024K, 3 young (3072K), 3 survivors (3072K)
 Metaspace       used 56631K, committed 58176K, reserved 1114112K
  class space    used 7682K, committed 8448K, reserved 1048576K
}
Event: 8.233 GC heap before
{Heap before GC invocations=24 (full 0):
 garbage-first heap   total 122880K, used 90070K [0x0000000080000000, 0x0000000100000000)
  region size 1024K, 19 young (19456K), 3 survivors (3072K)
 Metaspace       used 58767K, committed 60352K, reserved 1114112K
  class space    used 7855K, committed 8640K, reserved 1048576K
}
Event: 8.238 GC heap after
{Heap after GC invocations=25 (full 0):
 garbage-first heap   total 122880K, used 74239K [0x0000000080000000, 0x0000000100000000)
  region size 1024K, 2 young (2048K), 2 survivors (2048K)
 Metaspace       used 58767K, committed 60352K, reserved 1114112K
  class space    used 7855K, committed 8640K, reserved 1048576K
}
Event: 8.448 GC heap before
{Heap before GC invocations=25 (full 0):
 garbage-first heap   total 122880K, used 97791K [0x0000000080000000, 0x0000000100000000)
  region size 1024K, 25 young (25600K), 2 survivors (2048K)
 Metaspace       used 59307K, committed 60928K, reserved 1114112K
  class space    used 7937K, committed 8704K, reserved 1048576K
}
Event: 8.451 GC heap after
{Heap after GC invocations=26 (full 0):
 garbage-first heap   total 122880K, used 73901K [0x0000000080000000, 0x0000000100000000)
  region size 1024K, 2 young (2048K), 2 survivors (2048K)
 Metaspace       used 59307K, committed 60928K, reserved 1114112K
  class space    used 7937K, committed 8704K, reserved 1048576K
}
Event: 8.756 GC heap before
{Heap before GC invocations=26 (full 0):
 garbage-first heap   total 122880K, used 99501K [0x0000000080000000, 0x0000000100000000)
  region size 1024K, 27 young (27648K), 2 survivors (2048K)
 Metaspace       used 62795K, committed 64448K, reserved 1114112K
  class space    used 8417K, committed 9216K, reserved 1048576K
}

Dll operation events (3 events):
Event: 0.021 Loaded shared library C:\Program Files\Android\Android Studio1\jbr\bin\java.dll
Event: 0.029 Loaded shared library C:\Program Files\Android\Android Studio1\jbr\bin\zip.dll
Event: 0.899 Loaded shared library C:\Program Files\Android\Android Studio1\jbr\bin\verify.dll

Deoptimization events (20 events):
Event: 8.115 Thread 0x000001cd4ce1d980 Uncommon trap: trap_request=0xffffffde fr.pc=0x000001cd3aaab310 relative=0x0000000000000070
Event: 8.115 Thread 0x000001cd4ce1d980 Uncommon trap: reason=class_check action=maybe_recompile pc=0x000001cd3aaab310 method=java.util.stream.StreamOpFlag.fromCharacteristics(Ljava/util/Spliterator;)I @ 14 c2
Event: 8.115 Thread 0x000001cd4ce1d980 DEOPT PACKING pc=0x000001cd3aaab310 sp=0x0000001c9baf90f0
Event: 8.115 Thread 0x000001cd4ce1d980 DEOPT UNPACKING pc=0x000001cd3a377da2 sp=0x0000001c9baf9088 mode 2
Event: 8.221 Thread 0x000001cd4ce1d980 DEOPT PACKING pc=0x000001cd3324c64e sp=0x0000001c9baf7e80
Event: 8.221 Thread 0x000001cd4ce1d980 DEOPT UNPACKING pc=0x000001cd3a3788e2 sp=0x0000001c9baf7368 mode 0
Event: 8.226 Thread 0x000001cd4ce1d980 DEOPT PACKING pc=0x000001cd332b4436 sp=0x0000001c9baf7980
Event: 8.226 Thread 0x000001cd4ce1d980 DEOPT UNPACKING pc=0x000001cd3a3788e2 sp=0x0000001c9baf6ec8 mode 0
Event: 8.227 Thread 0x000001cd4ce1d980 DEOPT PACKING pc=0x000001cd3324c64e sp=0x0000001c9baf7e80
Event: 8.228 Thread 0x000001cd4ce1d980 DEOPT UNPACKING pc=0x000001cd3a3788e2 sp=0x0000001c9baf7368 mode 0
Event: 8.267 Thread 0x000001cd4ce1d980 DEOPT PACKING pc=0x000001cd33075253 sp=0x0000001c9baf8290
Event: 8.267 Thread 0x000001cd4ce1d980 DEOPT UNPACKING pc=0x000001cd3a3788e2 sp=0x0000001c9baf7708 mode 0
Event: 8.569 Thread 0x000001cd4ce1d980 Uncommon trap: trap_request=0xffffff54 fr.pc=0x000001cd3a976b2c relative=0x00000000000016cc
Event: 8.569 Thread 0x000001cd4ce1d980 Uncommon trap: reason=speculate_null_assert action=make_not_entrant pc=0x000001cd3a976b2c method=java.util.jar.JarFile.getVersionedEntry(Ljava/lang/String;Ljava/util/jar/JarEntry;)Ljava/util/jar/JarEntry; @ 115 c2
Event: 8.569 Thread 0x000001cd4ce1d980 DEOPT PACKING pc=0x000001cd3a976b2c sp=0x0000001c9baf7420
Event: 8.569 Thread 0x000001cd4ce1d980 DEOPT UNPACKING pc=0x000001cd3a377da2 sp=0x0000001c9baf7418 mode 2
Event: 8.569 Thread 0x000001cd4ce1d980 Uncommon trap: trap_request=0xffffff45 fr.pc=0x000001cd3a912308 relative=0x0000000000000fc8
Event: 8.569 Thread 0x000001cd4ce1d980 Uncommon trap: reason=unstable_if action=reinterpret pc=0x000001cd3a912308 method=java.util.jar.JarFile.getEntry(Ljava/lang/String;)Ljava/util/zip/ZipEntry; @ 15 c2
Event: 8.569 Thread 0x000001cd4ce1d980 DEOPT PACKING pc=0x000001cd3a912308 sp=0x0000001c9baf74e0
Event: 8.569 Thread 0x000001cd4ce1d980 DEOPT UNPACKING pc=0x000001cd3a377da2 sp=0x0000001c9baf74d8 mode 2

Classes loaded (20 events):
Event: 7.778 Loading class java/lang/ClassCustomizer
Event: 7.778 Loading class java/lang/ClassCustomizer done
Event: 7.779 Loading class sun/reflect/generics/tree/BooleanSignature
Event: 7.780 Loading class sun/reflect/generics/tree/BooleanSignature done
Event: 7.780 Loading class sun/reflect/generics/reflectiveObjects/GenericArrayTypeImpl
Event: 7.780 Loading class sun/reflect/generics/reflectiveObjects/GenericArrayTypeImpl done
Event: 7.784 Loading class jdk/internal/vm/annotation/ForceInline
Event: 7.785 Loading class jdk/internal/vm/annotation/ForceInline done
Event: 8.114 Loading class java/util/BitSet$1BitSetSpliterator
Event: 8.115 Loading class java/util/BitSet$1BitSetSpliterator done
Event: 8.149 Loading class java/util/Collections$SynchronizedRandomAccessList
Event: 8.150 Loading class java/util/Collections$SynchronizedList
Event: 8.150 Loading class java/util/Collections$SynchronizedList done
Event: 8.150 Loading class java/util/Collections$SynchronizedRandomAccessList done
Event: 8.438 Loading class java/util/concurrent/atomic/AtomicReferenceFieldUpdater
Event: 8.439 Loading class java/util/concurrent/atomic/AtomicReferenceFieldUpdater done
Event: 8.439 Loading class java/util/concurrent/atomic/AtomicReferenceFieldUpdater$AtomicReferenceFieldUpdaterImpl
Event: 8.439 Loading class java/util/concurrent/atomic/AtomicReferenceFieldUpdater$AtomicReferenceFieldUpdaterImpl done
Event: 8.439 Loading class java/util/concurrent/atomic/AtomicReferenceFieldUpdater$AtomicReferenceFieldUpdaterImpl$1
Event: 8.439 Loading class java/util/concurrent/atomic/AtomicReferenceFieldUpdater$AtomicReferenceFieldUpdaterImpl$1 done

Classes unloaded (0 events):
No events

Classes redefined (0 events):
No events

Internal exceptions (20 events):
Event: 7.805 Thread 0x000001cd4ce1d980 Exception <a 'java/lang/ClassNotFoundException'{0x0000000085a6f538}: org/gradle/internal/service/DefaultServiceRegistryCustomizer> (0x0000000085a6f538) 
thrown [s\src\hotspot\share\classfile\systemDictionary.cpp, line 312]
Event: 7.807 Thread 0x000001cd4ce1d980 Exception <a 'java/lang/ClassNotFoundException'{0x0000000085a91f60}: org/gradle/internal/service/ScopedServiceRegistryCustomizer> (0x0000000085a91f60) 
thrown [s\src\hotspot\share\classfile\systemDictionary.cpp, line 312]
Event: 7.814 Thread 0x000001cd4ce1d980 Exception <a 'java/lang/ClassNotFoundException'{0x0000000085adbab8}: org/gradle/internal/extensibility/DefaultConventionBeanInfo> (0x0000000085adbab8) 
thrown [s\src\hotspot\share\classfile\systemDictionary.cpp, line 312]
Event: 7.814 Thread 0x000001cd4ce1d980 Exception <a 'java/lang/ClassNotFoundException'{0x0000000085aefa68}: org/gradle/internal/extensibility/DefaultConventionCustomizer> (0x0000000085aefa68) 
thrown [s\src\hotspot\share\classfile\systemDictionary.cpp, line 312]
Event: 7.825 Thread 0x000001cd4ce1d980 Exception <a 'java/lang/ClassNotFoundException'{0x0000000085986ee0}: com/intellij/gradle/toolingExtension/impl/modelBuilder/ExtraModelBuilderBeanInfo> (0x0000000085986ee0) 
thrown [s\src\hotspot\share\classfile\systemDictionary.cpp, line 312]
Event: 7.826 Thread 0x000001cd4ce1d980 Exception <a 'java/lang/ClassNotFoundException'{0x0000000085992960}: com/intellij/gradle/toolingExtension/impl/modelBuilder/ExtraModelBuilderCustomizer> (0x0000000085992960) 
thrown [s\src\hotspot\share\classfile\systemDictionary.cpp, line 312]
Event: 8.120 Thread 0x000001cd4ce1d980 Exception <a 'java/lang/IncompatibleClassChangeError'{0x0000000086dc5958}: Found class java.lang.Object, but interface was expected> (0x0000000086dc5958) 
thrown [s\src\hotspot\share\interpreter\linkResolver.cpp, line 851]
Event: 8.131 Thread 0x000001cd4ce1d980 Exception <a 'sun/nio/fs/WindowsException'{0x0000000086c04a00}> (0x0000000086c04a00) 
thrown [s\src\hotspot\share\prims\jni.cpp, line 535]
Event: 8.132 Thread 0x000001cd4ce1d980 Exception <a 'sun/nio/fs/WindowsException'{0x0000000086c061a8}> (0x0000000086c061a8) 
thrown [s\src\hotspot\share\prims\jni.cpp, line 535]
Event: 8.132 Thread 0x000001cd4ce1d980 Exception <a 'sun/nio/fs/WindowsException'{0x0000000086c07918}> (0x0000000086c07918) 
thrown [s\src\hotspot\share\prims\jni.cpp, line 535]
Event: 8.133 Thread 0x000001cd4ce1d980 Exception <a 'sun/nio/fs/WindowsException'{0x0000000086c090a8}> (0x0000000086c090a8) 
thrown [s\src\hotspot\share\prims\jni.cpp, line 535]
Event: 8.136 Thread 0x000001cd4ce1d980 Exception <a 'java/lang/NoSuchMethodError'{0x0000000086c19fe0}: 'java.lang.Object java.lang.invoke.Invokers$Holder.invoker(java.lang.Object, java.lang.Object, java.lang.Object, java.lang.Object, java.lang.Object, java.lang.Object)'> (0x0000000086c19fe0) 
thrown [s\src\hotspot\share\interpreter\linkResolver.cpp, line 784]
Event: 8.165 Thread 0x000001cd4ce1d980 Exception <a 'java/lang/NoSuchMethodError'{0x0000000086b139c8}: 'java.lang.Object java.lang.invoke.Invokers$Holder.invoker(java.lang.Object, java.lang.Object, java.lang.Object, java.lang.Object, java.lang.Object)'> (0x0000000086b139c8) 
thrown [s\src\hotspot\share\interpreter\linkResolver.cpp, line 784]
Event: 8.170 Thread 0x000001cd4ce1d980 Exception <a 'java/lang/NoSuchMethodError'{0x0000000086b34610}: 'java.lang.Object java.lang.invoke.Invokers$Holder.invoker(java.lang.Object, java.lang.Object, java.lang.Object, java.lang.Object, java.lang.Object, java.lang.Object, java.lang.Object, java.lang.Object, java.lang.Object, java.lang.Object, java.lang.Object, java.lang.Object, java.lang.Object, java.lang.Object, java.lang.Object, java.lang.Object, java.lang.Object, java.lang.Object, java.lang.Object, java.lang.Object, java.lang.Object, java.lang.
Event: 8.171 Thread 0x000001cd4ce1d980 Exception <a 'java/lang/NoSuchMethodError'{0x0000000086b3aef0}: 'java.lang.Object java.lang.invoke.DelegatingMethodHandle$Holder.delegate(java.lang.Object, java.lang.Object, java.lang.Object, java.lang.Object, java.lang.Object, java.lang.Object, java.lang.Object, java.lang.Object, java.lang.Object, java.lang.Object, java.lang.Object, java.lang.Object, java.lang.Object, java.lang.Object, java.lang.Object, java.lang.Object, java.lang.Object, java.lang.Object, java.lang.Object, java.lang.Object, java.lang.Obj
Event: 8.489 Thread 0x000001cd4ce1d980 Exception <a 'java/lang/NoSuchMethodError'{0x000000008722dfa0}: 'java.lang.Object java.lang.invoke.DirectMethodHandle$Holder.newInvokeSpecial(java.lang.Object, java.lang.Object, java.lang.Object, java.lang.Object, java.lang.Object, java.lang.Object, java.lang.Object, java.lang.Object, java.lang.Object, java.lang.Object, java.lang.Object, java.lang.Object, java.lang.Object, java.lang.Object, java.lang.Object, java.lang.Object, java.lang.Object, java.lang.Object, java.lang.Object)'> (0x000000008722dfa0) 
thr
Event: 8.490 Thread 0x000001cd4ce1d980 Exception <a 'java/lang/NoSuchMethodError'{0x0000000087234bd8}: 'java.lang.Object java.lang.invoke.DirectMethodHandle$Holder.invokeSpecial(java.lang.Object, java.lang.Object, java.lang.Object, java.lang.Object, java.lang.Object, java.lang.Object, java.lang.Object, java.lang.Object, java.lang.Object, java.lang.Object, java.lang.Object, java.lang.Object, java.lang.Object, java.lang.Object, java.lang.Object, java.lang.Object, java.lang.Object, java.lang.Object, java.lang.Object, java.lang.Object)'> (0x0000000
Event: 8.490 Thread 0x000001cd4ce1d980 Exception <a 'java/lang/NoSuchMethodError'{0x000000008723a6d8}: 'java.lang.Object java.lang.invoke.DelegatingMethodHandle$Holder.reinvoke_L(java.lang.Object, java.lang.Object, java.lang.Object, java.lang.Object, java.lang.Object, java.lang.Object, java.lang.Object, java.lang.Object, java.lang.Object, java.lang.Object, java.lang.Object, java.lang.Object, java.lang.Object, java.lang.Object, java.lang.Object, java.lang.Object, java.lang.Object, java.lang.Object, java.lang.Object)'> (0x000000008723a6d8) 
throw
Event: 8.500 Thread 0x000001cd4ce1d980 Exception <a 'java/lang/IncompatibleClassChangeError'{0x0000000087107838}: Found class java.lang.Object, but interface was expected> (0x0000000087107838) 
thrown [s\src\hotspot\share\interpreter\linkResolver.cpp, line 851]
Event: 8.500 Thread 0x000001cd4ce1d980 Exception <a 'java/lang/NoSuchMethodError'{0x000000008710d140}: 'java.lang.Object java.lang.invoke.DirectMethodHandle$Holder.invokeVirtual(java.lang.Object, java.lang.Object, java.lang.Object, java.lang.Object, java.lang.Object, java.lang.Object, java.lang.Object, java.lang.Object, java.lang.Object, java.lang.Object, java.lang.Object, java.lang.Object, java.lang.Object)'> (0x000000008710d140) 
thrown [s\src\hotspot\share\interpreter\linkResolver.cpp, line 784]

ZGC Phase Switch (0 events):
No events

VM Operations (20 events):
Event: 7.112 Executing VM operation: HandshakeAllThreads (Deoptimize) done
Event: 7.477 Executing VM operation: ICBufferFull
Event: 7.477 Executing VM operation: ICBufferFull done
Event: 7.691 Executing VM operation: ICBufferFull
Event: 7.691 Executing VM operation: ICBufferFull done
Event: 7.715 Executing VM operation: G1CollectForAllocation (G1 Evacuation Pause)
Event: 7.725 Executing VM operation: G1CollectForAllocation (G1 Evacuation Pause) done
Event: 7.801 Executing VM operation: HandshakeAllThreads (Deoptimize)
Event: 7.801 Executing VM operation: HandshakeAllThreads (Deoptimize) done
Event: 7.831 Executing VM operation: G1TryInitiateConcMark (G1 Humongous Allocation)
Event: 7.840 Executing VM operation: G1TryInitiateConcMark (G1 Humongous Allocation) done
Event: 7.887 Executing VM operation: G1PauseRemark
Event: 7.892 Executing VM operation: G1PauseRemark done
Event: 7.916 Executing VM operation: G1PauseCleanup
Event: 7.916 Executing VM operation: G1PauseCleanup done
Event: 8.233 Executing VM operation: G1CollectForAllocation (G1 Evacuation Pause)
Event: 8.238 Executing VM operation: G1CollectForAllocation (G1 Evacuation Pause) done
Event: 8.448 Executing VM operation: G1CollectForAllocation (G1 Evacuation Pause)
Event: 8.451 Executing VM operation: G1CollectForAllocation (G1 Evacuation Pause) done
Event: 8.756 Executing VM operation: G1CollectForAllocation (G1 Evacuation Pause)

Memory protections (0 events):
No events

Nmethod flushes (20 events):
Event: 7.890 Thread 0x000001cd46aa78b0 flushing  nmethod 0x000001cd3344d390
Event: 7.890 Thread 0x000001cd46aa78b0 flushing  nmethod 0x000001cd33461090
Event: 7.890 Thread 0x000001cd46aa78b0 flushing  nmethod 0x000001cd334d7110
Event: 7.890 Thread 0x000001cd46aa78b0 flushing  nmethod 0x000001cd334ee510
Event: 7.890 Thread 0x000001cd46aa78b0 flushing  nmethod 0x000001cd334ee910
Event: 7.890 Thread 0x000001cd46aa78b0 flushing  nmethod 0x000001cd334eee90
Event: 7.890 Thread 0x000001cd46aa78b0 flushing  nmethod 0x000001cd334ef310
Event: 7.890 Thread 0x000001cd46aa78b0 flushing  nmethod 0x000001cd334f2f90
Event: 7.890 Thread 0x000001cd46aa78b0 flushing  nmethod 0x000001cd334f3690
Event: 7.890 Thread 0x000001cd46aa78b0 flushing  nmethod 0x000001cd334f3b10
Event: 7.890 Thread 0x000001cd46aa78b0 flushing  nmethod 0x000001cd334fd690
Event: 7.890 Thread 0x000001cd46aa78b0 flushing  nmethod 0x000001cd334fdb10
Event: 7.890 Thread 0x000001cd46aa78b0 flushing  nmethod 0x000001cd334fe010
Event: 7.890 Thread 0x000001cd46aa78b0 flushing  nmethod 0x000001cd334fe390
Event: 7.890 Thread 0x000001cd46aa78b0 flushing  nmethod 0x000001cd334ff490
Event: 7.890 Thread 0x000001cd46aa78b0 flushing  nmethod 0x000001cd334ffa10
Event: 7.890 Thread 0x000001cd46aa78b0 flushing  nmethod 0x000001cd3350ee90
Event: 7.890 Thread 0x000001cd46aa78b0 flushing  nmethod 0x000001cd33514090
Event: 7.890 Thread 0x000001cd46aa78b0 flushing  nmethod 0x000001cd33537290
Event: 7.890 Thread 0x000001cd46aa78b0 flushing  nmethod 0x000001cd33564a10

Events (20 events):
Event: 4.248 Thread 0x000001cd4ce1d980 Thread added: 0x000001cd4e55a4d0
Event: 4.254 Thread 0x000001cd4ce1d980 Thread added: 0x000001cd4e561af0
Event: 4.360 Thread 0x000001cd4ce1d980 Thread added: 0x000001cd4e561460
Event: 4.361 Thread 0x000001cd4ce1d980 Thread added: 0x000001cd4e55c5a0
Event: 4.361 Thread 0x000001cd4ce1d980 Thread added: 0x000001cd4e55d950
Event: 4.361 Thread 0x000001cd4ce1d980 Thread added: 0x000001cd4e55d2c0
Event: 4.945 Thread 0x000001cd4ce1d980 Thread added: 0x000001cd4e55cc30
Event: 4.974 Thread 0x000001cd4ce1d980 Thread added: 0x000001cd4e55b880
Event: 5.140 Thread 0x000001cd4ce1d980 Thread added: 0x000001cd4e55ab60
Event: 5.274 Thread 0x000001cd4ce1d980 Thread added: 0x000001cd4e55b1f0
Event: 7.173 Thread 0x000001cd4ce1d980 Thread added: 0x000001cd4e55bf10
Event: 7.178 Thread 0x000001cd4ce1d980 Thread added: 0x000001cd4e55fa20
Event: 7.245 Thread 0x000001cd4ce1d980 Thread added: 0x000001cd4e5600b0
Event: 7.247 Thread 0x000001cd4ce1d980 Thread added: 0x000001cd4e55e670
Event: 7.482 Thread 0x000001cd4ce1d980 Thread added: 0x000001cd4e55ed00
Event: 7.483 Thread 0x000001cd4ce1d980 Thread added: 0x000001cd4e560740
Event: 7.484 Thread 0x000001cd4ce1d980 Thread added: 0x000001cd4e560dd0
Event: 7.529 Thread 0x000001cd4ce1d980 Thread added: 0x000001cd4fa09eb0
Event: 7.530 Thread 0x000001cd4ce1d980 Thread added: 0x000001cd4fa07750
Event: 7.532 Thread 0x000001cd4ce1d980 Thread added: 0x000001cd4fa05680


Dynamic libraries:
0x00007ff62ad00000 - 0x00007ff62ad0a000 	C:\Program Files\Android\Android Studio1\jbr\bin\java.exe
0x00007ff93ba70000 - 0x00007ff93bc68000 	C:\WINDOWS\SYSTEM32\ntdll.dll
0x00007ff9101a0000 - 0x00007ff9101ba000 	C:\Program Files\AVG\Antivirus\aswhook.dll
0x00007ff93a9f0000 - 0x00007ff93aab2000 	C:\WINDOWS\System32\KERNEL32.DLL
0x00007ff9394d0000 - 0x00007ff9397cf000 	C:\WINDOWS\System32\KERNELBASE.dll
0x00007ff939800000 - 0x00007ff939900000 	C:\WINDOWS\System32\ucrtbase.dll
0x00007ff933b20000 - 0x00007ff933b3b000 	C:\Program Files\Android\Android Studio1\jbr\bin\VCRUNTIME140.dll
0x00007ff921e50000 - 0x00007ff921e68000 	C:\Program Files\Android\Android Studio1\jbr\bin\jli.dll
0x00007ff93b720000 - 0x00007ff93b8bd000 	C:\WINDOWS\System32\USER32.dll
0x00007ff9397d0000 - 0x00007ff9397f2000 	C:\WINDOWS\System32\win32u.dll
0x00007ff93a920000 - 0x00007ff93a94b000 	C:\WINDOWS\System32\GDI32.dll
0x00007ff939110000 - 0x00007ff93922a000 	C:\WINDOWS\System32\gdi32full.dll
0x00007ff9392c0000 - 0x00007ff93935d000 	C:\WINDOWS\System32\msvcp_win.dll
0x00007ff9221a0000 - 0x00007ff92243a000 	C:\WINDOWS\WinSxS\amd64_microsoft.windows.common-controls_6595b64144ccf1df_6.0.19041.4355_none_60b8b9eb71f62e16\COMCTL32.dll
0x00007ff93b990000 - 0x00007ff93ba2e000 	C:\WINDOWS\System32\msvcrt.dll
0x00007ff93a950000 - 0x00007ff93a97f000 	C:\WINDOWS\System32\IMM32.DLL
0x00007ff9362b0000 - 0x00007ff9362bc000 	C:\Program Files\Android\Android Studio1\jbr\bin\vcruntime140_1.dll
0x00007ff908230000 - 0x00007ff9082bd000 	C:\Program Files\Android\Android Studio1\jbr\bin\msvcp140.dll
0x00007ff8ef160000 - 0x00007ff8efde3000 	C:\Program Files\Android\Android Studio1\jbr\bin\server\jvm.dll
0x00007ff93a870000 - 0x00007ff93a91f000 	C:\WINDOWS\System32\ADVAPI32.dll
0x00007ff939b70000 - 0x00007ff939c0f000 	C:\WINDOWS\System32\sechost.dll
0x00007ff93a740000 - 0x00007ff93a863000 	C:\WINDOWS\System32\RPCRT4.dll
0x00007ff939900000 - 0x00007ff939927000 	C:\WINDOWS\System32\bcrypt.dll
0x00007ff93b0f0000 - 0x00007ff93b15b000 	C:\WINDOWS\System32\WS2_32.dll
0x00007ff9386a0000 - 0x00007ff9386eb000 	C:\WINDOWS\SYSTEM32\POWRPROF.dll
0x00007ff933b50000 - 0x00007ff933b77000 	C:\WINDOWS\SYSTEM32\WINMM.dll
0x00007ff931c90000 - 0x00007ff931c9a000 	C:\WINDOWS\SYSTEM32\VERSION.dll
0x00007ff938510000 - 0x00007ff938522000 	C:\WINDOWS\SYSTEM32\UMPDC.dll
0x00007ff937930000 - 0x00007ff937942000 	C:\WINDOWS\SYSTEM32\kernel.appcore.dll
0x00007ff935810000 - 0x00007ff93581a000 	C:\Program Files\Android\Android Studio1\jbr\bin\jimage.dll
0x00007ff937650000 - 0x00007ff937834000 	C:\WINDOWS\SYSTEM32\DBGHELP.DLL
0x00007ff931860000 - 0x00007ff931894000 	C:\WINDOWS\SYSTEM32\dbgcore.DLL
0x00007ff939230000 - 0x00007ff9392b2000 	C:\WINDOWS\System32\bcryptPrimitives.dll
0x00007ff931600000 - 0x00007ff93160e000 	C:\Program Files\Android\Android Studio1\jbr\bin\instrument.dll
0x00007ff932940000 - 0x00007ff932960000 	C:\Program Files\Android\Android Studio1\jbr\bin\java.dll
0x00007ff932620000 - 0x00007ff932638000 	C:\Program Files\Android\Android Studio1\jbr\bin\zip.dll
0x00007ff939f50000 - 0x00007ff93a6bd000 	C:\WINDOWS\System32\SHELL32.dll
0x00007ff936dd0000 - 0x00007ff937574000 	C:\WINDOWS\SYSTEM32\windows.storage.dll
0x00007ff93b160000 - 0x00007ff93b4b5000 	C:\WINDOWS\System32\combase.dll
0x00007ff938b40000 - 0x00007ff938b6f000 	C:\WINDOWS\SYSTEM32\Wldp.dll
0x00007ff93b8c0000 - 0x00007ff93b98d000 	C:\WINDOWS\System32\OLEAUT32.dll
0x00007ff93b520000 - 0x00007ff93b5cd000 	C:\WINDOWS\System32\SHCORE.dll
0x00007ff93b4c0000 - 0x00007ff93b515000 	C:\WINDOWS\System32\shlwapi.dll
0x00007ff939040000 - 0x00007ff939064000 	C:\WINDOWS\SYSTEM32\profapi.dll
0x00007ff9338d0000 - 0x00007ff9338e0000 	C:\Program Files\Android\Android Studio1\jbr\bin\net.dll
0x00007ff92f7d0000 - 0x00007ff92f8da000 	C:\WINDOWS\SYSTEM32\WINHTTP.dll
0x00007ff9388a0000 - 0x00007ff93890c000 	C:\WINDOWS\system32\mswsock.dll
0x00007ff932020000 - 0x00007ff932036000 	C:\Program Files\Android\Android Studio1\jbr\bin\nio.dll
0x00007ff932060000 - 0x00007ff932070000 	C:\Program Files\Android\Android Studio1\jbr\bin\verify.dll
0x00007ff9103f0000 - 0x00007ff910417000 	C:\Users\acer\.gradle\native\c067742578af261105cb4f569cf0c3c89f3d7b1fecec35dd04571415982c5e48\windows-amd64\native-platform.dll
0x00007ff9080e0000 - 0x00007ff908224000 	C:\Users\acer\.gradle\native\100fb08df4bc3b14c8652ba06237920a3bd2aa13389f12d3474272988ae205f9\windows-amd64\native-platform-file-events.dll
0x00007ff9326b0000 - 0x00007ff9326b9000 	C:\Program Files\Android\Android Studio1\jbr\bin\management.dll
0x00007ff932610000 - 0x00007ff93261b000 	C:\Program Files\Android\Android Studio1\jbr\bin\management_ext.dll
0x00007ff93af40000 - 0x00007ff93af48000 	C:\WINDOWS\System32\PSAPI.DLL
0x00007ff938aa0000 - 0x00007ff938ab8000 	C:\WINDOWS\SYSTEM32\CRYPTSP.dll
0x00007ff938150000 - 0x00007ff938184000 	C:\WINDOWS\system32\rsaenh.dll
0x00007ff939000000 - 0x00007ff93902e000 	C:\WINDOWS\SYSTEM32\USERENV.dll
0x00007ff938a90000 - 0x00007ff938a9c000 	C:\WINDOWS\SYSTEM32\CRYPTBASE.dll
0x00007ff938530000 - 0x00007ff93856b000 	C:\WINDOWS\SYSTEM32\IPHLPAPI.DLL
0x00007ff93b710000 - 0x00007ff93b718000 	C:\WINDOWS\System32\NSI.dll
0x00007ff933010000 - 0x00007ff933019000 	C:\Program Files\Android\Android Studio1\jbr\bin\extnet.dll
0x00007ff933800000 - 0x00007ff933807000 	C:\WINDOWS\system32\wshunix.dll

dbghelp: loaded successfully - version: 4.0.5 - missing functions: none
symbol engine: initialized successfully - sym options: 0x614 - pdb path: .;C:\Program Files\Android\Android Studio1\jbr\bin;C:\WINDOWS\SYSTEM32;C:\Program Files\AVG\Antivirus;C:\WINDOWS\WinSxS\amd64_microsoft.windows.common-controls_6595b64144ccf1df_6.0.19041.4355_none_60b8b9eb71f62e16;C:\Program Files\Android\Android Studio1\jbr\bin\server;C:\Users\acer\.gradle\native\c067742578af261105cb4f569cf0c3c89f3d7b1fecec35dd04571415982c5e48\windows-amd64;C:\Users\acer\.gradle\native\100fb08df4bc3b14c8652ba06237920a3bd2aa13389f12d3474272988ae205f9\windows-amd64

VM Arguments:
jvm_args: --add-opens=java.base/java.util=ALL-UNNAMED --add-opens=java.base/java.lang=ALL-UNNAMED --add-opens=java.base/java.lang.invoke=ALL-UNNAMED --add-opens=java.prefs/java.util.prefs=ALL-UNNAMED --add-exports=jdk.compiler/com.sun.tools.javac.api=ALL-UNNAMED --add-exports=jdk.compiler/com.sun.tools.javac.util=ALL-UNNAMED --add-opens=java.base/java.nio.charset=ALL-UNNAMED --add-opens=java.base/java.net=ALL-UNNAMED --add-opens=java.base/java.util.concurrent.atomic=ALL-UNNAMED -Xmx2048m -Dfile.encoding=UTF-8 -Duser.country=TR -Duser.language=tr -Duser.variant -javaagent:C:\Users\acer\.gradle\wrapper\dists\gradle-8.10.2-bin\a04bxjujx95o3nb99gddekhwo\gradle-8.10.2\lib\agents\gradle-instrumentation-agent-8.10.2.jar 
java_command: org.gradle.launcher.daemon.bootstrap.GradleDaemon 8.10.2
java_class_path (initial): C:\Users\acer\.gradle\wrapper\dists\gradle-8.10.2-bin\a04bxjujx95o3nb99gddekhwo\gradle-8.10.2\lib\gradle-daemon-main-8.10.2.jar
Launcher Type: SUN_STANDARD

[Global flags]
     intx CICompilerCount                          = 3                                         {product} {ergonomic}
     uint ConcGCThreads                            = 1                                         {product} {ergonomic}
     uint G1ConcRefinementThreads                  = 4                                         {product} {ergonomic}
   size_t G1HeapRegionSize                         = 1048576                                   {product} {ergonomic}
    uintx GCDrainStackTargetSize                   = 64                                        {product} {ergonomic}
   size_t InitialHeapSize                          = 65011712                                  {product} {ergonomic}
   size_t MarkStackSize                            = 4194304                                   {product} {ergonomic}
   size_t MaxHeapSize                              = 2147483648                                {product} {command line}
   size_t MaxNewSize                               = 1287651328                                {product} {ergonomic}
   size_t MinHeapDeltaBytes                        = 1048576                                   {product} {ergonomic}
   size_t MinHeapSize                              = 8388608                                   {product} {ergonomic}
    uintx NonNMethodCodeHeapSize                   = 5832780                                {pd product} {ergonomic}
    uintx NonProfiledCodeHeapSize                  = 122912730                              {pd product} {ergonomic}
    uintx ProfiledCodeHeapSize                     = 122912730                              {pd product} {ergonomic}
    uintx ReservedCodeCacheSize                    = 251658240                              {pd product} {ergonomic}
     bool SegmentedCodeCache                       = true                                      {product} {ergonomic}
   size_t SoftMaxHeapSize                          = 2147483648                             {manageable} {ergonomic}
     bool UseCompressedOops                        = true                           {product lp64_product} {ergonomic}
     bool UseG1GC                                  = true                                      {product} {ergonomic}
     bool UseLargePagesIndividualAllocation        = false                                  {pd product} {ergonomic}

Logging:
Log output configuration:
 #0: stdout all=warning uptime,level,tags foldmultilines=false
 #1: stderr all=off uptime,level,tags foldmultilines=false

Environment Variables:
PATH=C:\Program Files\Common Files\Oracle\Java\javapath;C:\WINDOWS\system32;C:\WINDOWS;C:\WINDOWS\System32\Wbem;C:\WINDOWS\System32\WindowsPowerShell\v1.0\;C:\WINDOWS\System32\OpenSSH\;C:\Program Files\Git\cmd;C:\Users\acer\AppData\Local\Programs\Python\Python39\Scripts\;C:\Users\acer\AppData\Local\Programs\Python\Python39\;C:\Users\acer\AppData\Local\Programs\Python\Python312\Scripts\;C:\Users\acer\AppData\Local\Programs\Python\Python312\;C:\Users\acer\AppData\Local\Programs\Python\Launcher\;C:\Users\acer\AppData\Local\Microsoft\WindowsApps;C:\Users\acer\AppData\Local\Pandoc\;C:\Users\acer\AppData\Local\Programs\MiKTeX\miktex\bin\x64\;C:\Users\acer\AppData\Local\Programs\Microsoft VS Code\bin;C:\Users\acer\AppData\Local\GitHubDesktop\bin;C:\ProgramData\acer\GitHubDesktop\bin
USERNAME=acer
OS=Windows_NT
PROCESSOR_IDENTIFIER=Intel64 Family 6 Model 126 Stepping 5, GenuineIntel
TMP=C:\Users\acer\AppData\Local\Temp
TEMP=C:\Users\acer\AppData\Local\Temp




Periodic native trim disabled

JNI global refs:
JNI global refs: 26, weak refs: 0

JNI global refs memory usage: 835, weak refs: 833

Process memory usage:
Resident Set Size: 214468K (5% of 3955896K total physical memory with 197540K free physical memory)

OOME stack traces (most recent first):
Classloader memory used:
Loader org.gradle.internal.classloader.VisitableURLClassLoader                         : 31330K
Loader bootstrap                                                                       : 22439K
Loader org.gradle.initialization.MixInLegacyTypesClassLoader                           : 6667K
Loader org.gradle.internal.classloader.VisitableURLClassLoader                         : 732K
Loader org.gradle.internal.classloader.VisitableURLClassLoader$InstrumentingVisitableURLClassLoader: 561K
Loader jdk.internal.loader.ClassLoaders$PlatformClassLoader                            : 532K
Loader jdk.internal.loader.ClassLoaders$AppClassLoader                                 : 234K
Loader jdk.internal.reflect.DelegatingClassLoader                                      : 160K
Loader org.gradle.groovy.scripts.internal.DefaultScriptCompilationHandler$ScriptClassLoader: 90528B
Loader org.codehaus.groovy.runtime.callsite.CallSiteClassLoader                        : 49592B

Classes loaded by more than one classloader:
Class org.gradle.api.GradleException                                                  : loaded 3 times (x 78B)
Class org.gradle.internal.classloader.ClassLoaderHierarchy                            : loaded 2 times (x 66B)
Class org.gradle.api.internal.classpath.ManifestUtil                                  : loaded 2 times (x 67B)
Class org.gradle.internal.operations.MultipleBuildOperationFailures                   : loaded 2 times (x 91B)
Class org.gradle.internal.classloader.DefaultClassLoaderFactory                       : loaded 2 times (x 78B)
Class kotlin.collections.AbstractList$Companion                                       : loaded 2 times (x 67B)
Class org.gradle.internal.classloader.ClassLoaderVisitor                              : loaded 2 times (x 72B)
Class org.gradle.api.internal.classpath.EffectiveClassPath                            : loaded 2 times (x 86B)
Class org.gradle.api.internal.DefaultClassPathProvider                                : loaded 2 times (x 72B)
Class [Lorg.gradle.api.internal.ClassPathProvider;                                    : loaded 2 times (x 65B)
Class org.gradle.api.internal.ClassPathProvider                                       : loaded 2 times (x 66B)
Class org.gradle.internal.service.UnknownServiceException                             : loaded 2 times (x 79B)
Class ijInit1_23w7jzczy6z5moi6dwcievuh1                                               : loaded 2 times (x 175B)
Class org.gradle.internal.classpath.TransformedClassPath                              : loaded 2 times (x 92B)
Class org.gradle.internal.classloader.InstrumentingClassLoader                        : loaded 2 times (x 66B)
Class kotlin.enums.EnumEntriesList                                                    : loaded 2 times (x 219B)
Class org.gradle.internal.service.ServiceLocator                                      : loaded 2 times (x 66B)
Class org.gradle.internal.InternalTransformer                                         : loaded 2 times (x 66B)
Class org.gradle.internal.time.DefaultTimer                                           : loaded 2 times (x 76B)
Class org.gradle.internal.classloader.ClasspathUtil$1                                 : loaded 2 times (x 72B)
Class org.gradle.api.internal.classpath.DefaultModuleRegistry$DefaultModule           : loaded 2 times (x 82B)
Class org.gradle.internal.time.DefaultCountdownTimer                                  : loaded 2 times (x 84B)
Class kotlin.Function                                                                 : loaded 2 times (x 66B)
Class org.gradle.api.internal.classpath.Module                                        : loaded 2 times (x 66B)
Class org.gradle.api.internal.classpath.UnknownModuleException                        : loaded 2 times (x 78B)
Class org.gradle.api.internal.DefaultClassPathRegistry                                : loaded 2 times (x 72B)
Class org.gradle.api.internal.ClassPathRegistry                                       : loaded 2 times (x 66B)
Class org.gradle.internal.classpath.DefaultClassPath$ImmutableUniqueList              : loaded 2 times (x 195B)
Class org.gradle.internal.classpath.ClassPath                                         : loaded 2 times (x 66B)
Class org.gradle.api.UncheckedIOException                                             : loaded 2 times (x 78B)
Class kotlin.UninitializedPropertyAccessException                                     : loaded 2 times (x 78B)
Class org.gradle.internal.installation.GradleInstallation$1                           : loaded 2 times (x 71B)
Class org.gradle.api.internal.classpath.ModuleRegistry                                : loaded 2 times (x 66B)
Class org.gradle.api.internal.classpath.DefaultModuleRegistry                         : loaded 2 times (x 82B)
Class org.gradle.internal.time.MonotonicClock                                         : loaded 2 times (x 73B)
Class org.gradle.internal.service.ServiceLookupException                              : loaded 2 times (x 78B)
Class org.gradle.internal.classloader.ClassLoaderFactory                              : loaded 2 times (x 66B)
Class org.gradle.internal.service.CachingServiceLocator                               : loaded 2 times (x 78B)
Class org.gradle.internal.time.TimeSource                                             : loaded 2 times (x 66B)
Class kotlin.enums.EnumEntries                                                        : loaded 2 times (x 66B)
Class org.gradle.internal.exceptions.ResolutionProvider                               : loaded 2 times (x 66B)
Class org.gradle.internal.classloader.ClasspathUtil                                   : loaded 2 times (x 67B)
Class org.gradle.internal.time.TimeSource$1                                           : loaded 2 times (x 73B)
Class kotlin.jvm.internal.DefaultConstructorMarker                                    : loaded 2 times (x 67B)
Class org.gradle.api.specs.Spec                                                       : loaded 2 times (x 66B)
Class org.gradle.internal.time.Clock                                                  : loaded 2 times (x 66B)
Class kotlin.collections.AbstractList                                                 : loaded 2 times (x 193B)
Class kotlin.collections.AbstractCollection                                           : loaded 2 times (x 113B)
Class org.gradle.internal.classloader.VisitableURLClassLoader$InstrumentingVisitableURLClassLoader: loaded 2 times (x 119B)
Class org.gradle.internal.classloader.VisitableURLClassLoader$Spec                    : loaded 2 times (x 70B)
Class org.gradle.internal.classpath.DefaultClassPath                                  : loaded 2 times (x 86B)
Class org.gradle.internal.classloader.ClassLoaderSpec                                 : loaded 2 times (x 67B)
Class org.gradle.internal.classloader.VisitableURLClassLoader                         : loaded 2 times (x 113B)
Class org.gradle.internal.Cast                                                        : loaded 2 times (x 67B)
Class org.gradle.api.Action                                                           : loaded 2 times (x 66B)
Class kotlin.jvm.functions.Function1                                                  : loaded 2 times (x 66B)
Class org.gradle.internal.classpath.DefaultClassPath$ImmutableUniqueList$Builder      : loaded 2 times (x 71B)
Class org.gradle.internal.classloader.FilteringClassLoader                            : loaded 2 times (x 101B)
Class org.gradle.internal.exceptions.NonGradleCauseExceptionsHolder                   : loaded 2 times (x 66B)
Class kotlin.enums.EnumEntriesKt                                                      : loaded 2 times (x 67B)
Class org.gradle.internal.IoActions                                                   : loaded 2 times (x 67B)
Class org.gradle.internal.classloader.SystemClassLoaderSpec                           : loaded 2 times (x 67B)
Class org.gradle.internal.exceptions.MultiCauseException                              : loaded 2 times (x 66B)
Class org.gradle.internal.time.CountdownTimer                                         : loaded 2 times (x 66B)
Class kotlin.jvm.internal.Intrinsics                                                  : loaded 2 times (x 67B)
Class org.gradle.tooling.model.ProjectModel                                           : loaded 2 times (x 66B)
Class kotlin.KotlinNullPointerException                                               : loaded 2 times (x 79B)
Class org.gradle.internal.exceptions.DefaultMultiCauseException                       : loaded 2 times (x 91B)
Class org.gradle.internal.time.Time                                                   : loaded 2 times (x 67B)
Class org.gradle.api.internal.classpath.GlobalCacheRootsProvider                      : loaded 2 times (x 66B)
Class org.gradle.internal.time.Timer                                                  : loaded 2 times (x 66B)
Class kotlin.jvm.internal.markers.KMappedMarker                                       : loaded 2 times (x 66B)
Class org.gradle.internal.installation.CurrentGradleInstallationLocator               : loaded 2 times (x 67B)
Class org.gradle.internal.service.DefaultServiceLocator                               : loaded 2 times (x 79B)
Class org.gradle.util.GradleVersion                                                   : loaded 2 times (x 79B)
Class org.gradle.internal.installation.CurrentGradleInstallation                      : loaded 2 times (x 69B)
Class org.gradle.util.internal.GUtil                                                  : loaded 2 times (x 67B)
Class sync_studio_tooling317_e3d4runsasnzduqfb5lfxm2ef                                : loaded 2 times (x 175B)
Class org.gradle.internal.installation.GradleInstallation                             : loaded 2 times (x 71B)

---------------  S Y S T E M  ---------------

OS:
 Windows 10 , 64 bit Build 19041 (10.0.19041.5438)
OS uptime: 2 days 21:46 hours

CPU: total 4 (initial active 4) (2 cores per cpu, 2 threads per core) family 6 model 126 stepping 5 microcode 0x96, cx8, cmov, fxsr, ht, mmx, 3dnowpref, sse, sse2, sse3, ssse3, sse4.1, sse4.2, popcnt, lzcnt, tsc, tscinvbit, avx, avx2, aes, erms, clmul, bmi1, bmi2, adx, avx512f, avx512dq, avx512cd, avx512bw, avx512vl, sha, fma, vzeroupper, avx512_vpopcntdq, avx512_vpclmulqdq, avx512_vaes, avx512_vnni, clflush, clflushopt, avx512_vbmi2, avx512_vbmi, rdtscp, rdpid, fsrm, gfni, avx512_bitalg, f16c, pku, avx512_ifma
Processor Information for all 4 processors :
  Max Mhz: 1190, Current Mhz: 1190, Mhz Limit: 1190

Memory: 4k page, system-wide physical 3863M (190M free)
TotalPageFile size 10007M (AvailPageFile size 19M)
current process WorkingSet (physical memory assigned to process): 211M, peak: 211M
current process commit charge ("private bytes"): 329M, peak: 354M

vm_info: OpenJDK 64-Bit Server VM (21.0.4+-12508038-b607.1) for windows-amd64 JRE (21.0.4+-12508038-b607.1), built on 2024-10-16T17:23:34Z by "builder" with MS VC++ 16.10 / 16.11 (VS2019)

END.
