#
# There is insufficient memory for the Java Runtime Environment to continue.
# Native memory allocation (mmap) failed to map 1048576 bytes. Error detail: G1 virtual space
# Possible reasons:
#   The system is out of physical RAM or swap space
#   This process is running with CompressedOops enabled, and the Java Heap may be blocking the growth of the native heap
# Possible solutions:
#   Reduce memory load on the system
#   Increase physical memory or swap space
#   Check if swap backing store is full
#   Decrease Java heap size (-Xmx/-Xms)
#   Decrease number of Java threads
#   Decrease Java thread stack sizes (-Xss)
#   Set larger code cache with -XX:ReservedCodeCacheSize=
#   JVM is running with Unscaled Compressed Oops mode in which the Java heap is
#     placed in the first 4GB address space. The Java Heap base address is the
#     maximum limit for the native heap growth. Please use -XX:HeapBaseMinAddress
#     to set the Java Heap base and to place the Java Heap above 4GB virtual address.
# This output file may be truncated or incomplete.
#
#  Out of Memory Error (os_windows.cpp:3828), pid=14792, tid=3504
#
# JRE version: OpenJDK Runtime Environment (21.0.4) (build 21.0.4+-12508038-b607.1)
# Java VM: OpenJDK 64-Bit Server VM (21.0.4+-12508038-b607.1, mixed mode, tiered, compressed oops, compressed class ptrs, g1 gc, windows-amd64)
# No core dump will be written. Minidumps are not enabled by default on client versions of Windows
#

---------------  S U M M A R Y ------------

Command Line: --add-opens=java.base/java.util=ALL-UNNAMED --add-opens=java.base/java.lang=ALL-UNNAMED --add-opens=java.base/java.lang.invoke=ALL-UNNAMED --add-opens=java.prefs/java.util.prefs=ALL-UNNAMED --add-exports=jdk.compiler/com.sun.tools.javac.api=ALL-UNNAMED --add-exports=jdk.compiler/com.sun.tools.javac.util=ALL-UNNAMED --add-opens=java.base/java.nio.charset=ALL-UNNAMED --add-opens=java.base/java.net=ALL-UNNAMED --add-opens=java.base/java.util.concurrent.atomic=ALL-UNNAMED -Xmx2048m -Dfile.encoding=UTF-8 -Duser.country=TR -Duser.language=tr -Duser.variant -javaagent:C:\Users\acer\.gradle\wrapper\dists\gradle-8.10.2-bin\a04bxjujx95o3nb99gddekhwo\gradle-8.10.2\lib\agents\gradle-instrumentation-agent-8.10.2.jar org.gradle.launcher.daemon.bootstrap.GradleDaemon 8.10.2

Host: Intel(R) Core(TM) i3-1005G1 CPU @ 1.20GHz, 4 cores, 3G,  Windows 10 , 64 bit Build 19041 (10.0.19041.5438)
Time: Wed Mar 12 21:58:41 2025 Türkiye Standart Saati elapsed time: 27.540816 seconds (0d 0h 0m 27s)

---------------  T H R E A D  ---------------

Current thread (0x0000021f84687a00):  WorkerThread "GC Thread#2"    [id=3504, stack(0x000000ff64400000,0x000000ff64500000) (1024K)]

Stack: [0x000000ff64400000,0x000000ff64500000]
Native frames: (J=compiled Java code, j=interpreted, Vv=VM code, C=native code)
V  [jvm.dll+0x6ce539]
V  [jvm.dll+0x85bf03]
V  [jvm.dll+0x85e45e]
V  [jvm.dll+0x85eb43]
V  [jvm.dll+0x27dd06]
V  [jvm.dll+0x6cada5]
V  [jvm.dll+0x6bf27a]
V  [jvm.dll+0x3541fb]
V  [jvm.dll+0x35be36]
V  [jvm.dll+0x3ad8cb]
V  [jvm.dll+0x3adf84]
V  [jvm.dll+0x3ae04d]
V  [jvm.dll+0x3280dc]
V  [jvm.dll+0x327e38]
V  [jvm.dll+0x316a16]
V  [jvm.dll+0x3178aa]
V  [jvm.dll+0x317d57]
V  [jvm.dll+0x31770e]
V  [jvm.dll+0x35606a]
V  [jvm.dll+0x3563e6]
V  [jvm.dll+0x35752a]
V  [jvm.dll+0x3571a4]
V  [jvm.dll+0x36b729]
V  [jvm.dll+0x36bdea]
V  [jvm.dll+0x36bee7]
V  [jvm.dll+0x36cdcb]
V  [jvm.dll+0x889be4]
V  [jvm.dll+0x804418]
V  [jvm.dll+0x6cce0d]
C  [ucrtbase.dll+0x21bb2]
C  [KERNEL32.DLL+0x17374]
C  [ntdll.dll+0x4cc91]


---------------  P R O C E S S  ---------------

Threads class SMR info:
_java_thread_list=0x0000021f889d1340, length=55, elements={
0x0000021fe2e8fd90, 0x0000021ffbe0d510, 0x0000021ffbe0e330, 0x0000021f8410c310,
0x0000021f8410ced0, 0x0000021f84115e80, 0x0000021f84135d10, 0x0000021f84137240,
0x0000021f84138480, 0x0000021f84222260, 0x0000021f8442b4b0, 0x0000021f85b37310,
0x0000021f85d4b0f0, 0x0000021f85c733b0, 0x0000021f85c614e0, 0x0000021f85c604d0,
0x0000021f85c95e20, 0x0000021f85cc0130, 0x0000021f85cbe6f0, 0x0000021f85cc07c0,
0x0000021f85cc0e50, 0x0000021f85cc14e0, 0x0000021f85cbf410, 0x0000021f85cbe060,
0x0000021f85cbed80, 0x0000021f86c5d480, 0x0000021f86c5cdf0, 0x0000021f86c5c760,
0x0000021f86c5a690, 0x0000021f86c5a000, 0x0000021f86c5ad20, 0x0000021f86c5b3b0,
0x0000021f86c5ba40, 0x0000021f86c5c0d0, 0x0000021f86b32410, 0x0000021f86b33e50,
0x0000021f86b33130, 0x0000021f86b316f0, 0x0000021f86b344e0, 0x0000021f86b31060,
0x0000021f86b337c0, 0x0000021f87f2dc90, 0x0000021f87f2f040, 0x0000021f87f2f6d0,
0x0000021f87f2fd60, 0x0000021f87f29460, 0x0000021f87f303f0, 0x0000021f87f29af0,
0x0000021f87f2a180, 0x0000021f87f2c250, 0x0000021f87f2c8e0, 0x0000021f87f2a810,
0x0000021f87f2cf70, 0x0000021f88a79770, 0x0000021f88a7a490
}

Java Threads: ( => current thread )
  0x0000021fe2e8fd90 JavaThread "main"                              [_thread_blocked, id=1436, stack(0x000000ff63100000,0x000000ff63200000) (1024K)]
  0x0000021ffbe0d510 JavaThread "Reference Handler"          daemon [_thread_blocked, id=1760, stack(0x000000ff63900000,0x000000ff63a00000) (1024K)]
  0x0000021ffbe0e330 JavaThread "Finalizer"                  daemon [_thread_blocked, id=3808, stack(0x000000ff63a00000,0x000000ff63b00000) (1024K)]
  0x0000021f8410c310 JavaThread "Signal Dispatcher"          daemon [_thread_blocked, id=10180, stack(0x000000ff63b00000,0x000000ff63c00000) (1024K)]
  0x0000021f8410ced0 JavaThread "Attach Listener"            daemon [_thread_blocked, id=7420, stack(0x000000ff63c00000,0x000000ff63d00000) (1024K)]
  0x0000021f84115e80 JavaThread "Service Thread"             daemon [_thread_blocked, id=12908, stack(0x000000ff63d00000,0x000000ff63e00000) (1024K)]
  0x0000021f84135d10 JavaThread "Monitor Deflation Thread"   daemon [_thread_blocked, id=2472, stack(0x000000ff63e00000,0x000000ff63f00000) (1024K)]
  0x0000021f84137240 JavaThread "C2 CompilerThread0"         daemon [_thread_blocked, id=16248, stack(0x000000ff63f00000,0x000000ff64000000) (1024K)]
  0x0000021f84138480 JavaThread "C1 CompilerThread0"         daemon [_thread_blocked, id=16136, stack(0x000000ff64000000,0x000000ff64100000) (1024K)]
  0x0000021f84222260 JavaThread "Common-Cleaner"             daemon [_thread_blocked, id=10664, stack(0x000000ff64100000,0x000000ff64200000) (1024K)]
  0x0000021f8442b4b0 JavaThread "Notification Thread"        daemon [_thread_blocked, id=13340, stack(0x000000ff64200000,0x000000ff64300000) (1024K)]
  0x0000021f85b37310 JavaThread "Daemon health stats"               [_thread_blocked, id=12240, stack(0x000000ff64600000,0x000000ff64700000) (1024K)]
  0x0000021f85d4b0f0 JavaThread "Incoming local TCP Connector on port 63947"        [_thread_in_native, id=10316, stack(0x000000ff64700000,0x000000ff64800000) (1024K)]
  0x0000021f85c733b0 JavaThread "Daemon periodic checks"            [_thread_blocked, id=13152, stack(0x000000ff64800000,0x000000ff64900000) (1024K)]
  0x0000021f85c614e0 JavaThread "Daemon"                            [_thread_blocked, id=12080, stack(0x000000ff64900000,0x000000ff64a00000) (1024K)]
  0x0000021f85c604d0 JavaThread "Handler for socket connection from /127.0.0.1:63947 to /127.0.0.1:63948"        [_thread_in_native, id=10780, stack(0x000000ff64a00000,0x000000ff64b00000) (1024K)]
  0x0000021f85c95e20 JavaThread "Cancel handler"                    [_thread_blocked, id=16068, stack(0x000000ff64b00000,0x000000ff64c00000) (1024K)]
  0x0000021f85cc0130 JavaThread "Daemon worker"                     [_thread_blocked, id=368, stack(0x000000ff64c00000,0x000000ff64d00000) (1024K)]
  0x0000021f85cbe6f0 JavaThread "Asynchronous log dispatcher for DefaultDaemonConnection: socket connection from /127.0.0.1:63947 to /127.0.0.1:63948"        [_thread_blocked, id=15452, stack(0x000000ff64d00000,0x000000ff64e00000) (1024K)]
  0x0000021f85cc07c0 JavaThread "Stdin handler"                     [_thread_blocked, id=9668, stack(0x000000ff64e00000,0x000000ff64f00000) (1024K)]
  0x0000021f85cc0e50 JavaThread "Daemon client event forwarder"        [_thread_blocked, id=8716, stack(0x000000ff64f00000,0x000000ff65000000) (1024K)]
  0x0000021f85cc14e0 JavaThread "Cache worker for journal cache (C:\Users\acer\.gradle\caches\journal-1)"        [_thread_blocked, id=1500, stack(0x000000ff65000000,0x000000ff65100000) (1024K)]
  0x0000021f85cbf410 JavaThread "File lock request listener"        [_thread_in_native, id=17340, stack(0x000000ff65100000,0x000000ff65200000) (1024K)]
  0x0000021f85cbe060 JavaThread "Cache worker for file hash cache (C:\Users\acer\.gradle\caches\8.10.2\fileHashes)"        [_thread_blocked, id=14044, stack(0x000000ff65200000,0x000000ff65300000) (1024K)]
  0x0000021f85cbed80 JavaThread "Cache worker for file hash cache (C:\Users\acer\AndroidStudioProjects\Coffetable\.gradle\8.10.2\fileHashes)"        [_thread_blocked, id=12652, stack(0x000000ff65300000,0x000000ff65400000) (1024K)]
  0x0000021f86c5d480 JavaThread "Cache worker for Build Output Cleanup Cache (C:\Users\acer\AndroidStudioProjects\Coffetable\.gradle\buildOutputCleanup)"        [_thread_blocked, id=8352, stack(0x000000ff65400000,0x000000ff65500000) (1024K)]
  0x0000021f86c5cdf0 JavaThread "File watcher server"        daemon [_thread_blocked, id=11764, stack(0x000000ff65500000,0x000000ff65600000) (1024K)]
  0x0000021f86c5c760 JavaThread "File watcher consumer"      daemon [_thread_blocked, id=14348, stack(0x000000ff65600000,0x000000ff65700000) (1024K)]
  0x0000021f86c5a690 JavaThread "jar transforms"                    [_thread_blocked, id=9012, stack(0x000000ff65700000,0x000000ff65800000) (1024K)]
  0x0000021f86c5a000 JavaThread "jar transforms Thread 2"           [_thread_blocked, id=15780, stack(0x000000ff65800000,0x000000ff65900000) (1024K)]
  0x0000021f86c5ad20 JavaThread "jar transforms Thread 3"           [_thread_blocked, id=6768, stack(0x000000ff65900000,0x000000ff65a00000) (1024K)]
  0x0000021f86c5b3b0 JavaThread "jar transforms Thread 4"           [_thread_blocked, id=9064, stack(0x000000ff65a00000,0x000000ff65b00000) (1024K)]
  0x0000021f86c5ba40 JavaThread "Cache worker for checksums cache (C:\Users\acer\AndroidStudioProjects\Coffetable\.gradle\8.10.2\checksums)"        [_thread_blocked, id=3220, stack(0x000000ff65b00000,0x000000ff65c00000) (1024K)]
  0x0000021f86c5c0d0 JavaThread "Cache worker for file content cache (C:\Users\acer\.gradle\caches\8.10.2\fileContent)"        [_thread_blocked, id=11068, stack(0x000000ff65c00000,0x000000ff65d00000) (1024K)]
  0x0000021f86b32410 JavaThread "Cache worker for cache directory md-rule (C:\Users\acer\.gradle\caches\8.10.2\md-rule)"        [_thread_blocked, id=1316, stack(0x000000ff65d00000,0x000000ff65e00000) (1024K)]
  0x0000021f86b33e50 JavaThread "Cache worker for cache directory md-supplier (C:\Users\acer\.gradle\caches\8.10.2\md-supplier)"        [_thread_blocked, id=17324, stack(0x000000ff65e00000,0x000000ff65f00000) (1024K)]
  0x0000021f86b33130 JavaThread "Unconstrained build operations"        [_thread_blocked, id=12044, stack(0x000000ff65f00000,0x000000ff66000000) (1024K)]
  0x0000021f86b316f0 JavaThread "Unconstrained build operations Thread 2"        [_thread_blocked, id=12320, stack(0x000000ff66000000,0x000000ff66100000) (1024K)]
  0x0000021f86b344e0 JavaThread "Unconstrained build operations Thread 3"        [_thread_blocked, id=15256, stack(0x000000ff66100000,0x000000ff66200000) (1024K)]
  0x0000021f86b31060 JavaThread "Unconstrained build operations Thread 4"        [_thread_blocked, id=16676, stack(0x000000ff66200000,0x000000ff66300000) (1024K)]
  0x0000021f86b337c0 JavaThread "Unconstrained build operations Thread 5"        [_thread_blocked, id=16700, stack(0x000000ff66300000,0x000000ff66400000) (1024K)]
  0x0000021f87f2dc90 JavaThread "Unconstrained build operations Thread 6"        [_thread_blocked, id=672, stack(0x000000ff66400000,0x000000ff66500000) (1024K)]
  0x0000021f87f2f040 JavaThread "Unconstrained build operations Thread 7"        [_thread_blocked, id=11080, stack(0x000000ff66500000,0x000000ff66600000) (1024K)]
  0x0000021f87f2f6d0 JavaThread "Unconstrained build operations Thread 8"        [_thread_blocked, id=16392, stack(0x000000ff66600000,0x000000ff66700000) (1024K)]
  0x0000021f87f2fd60 JavaThread "Unconstrained build operations Thread 9"        [_thread_blocked, id=8992, stack(0x000000ff66700000,0x000000ff66800000) (1024K)]
  0x0000021f87f29460 JavaThread "Unconstrained build operations Thread 10"        [_thread_blocked, id=2036, stack(0x000000ff66800000,0x000000ff66900000) (1024K)]
  0x0000021f87f303f0 JavaThread "Unconstrained build operations Thread 11"        [_thread_blocked, id=1904, stack(0x000000ff66900000,0x000000ff66a00000) (1024K)]
  0x0000021f87f29af0 JavaThread "Unconstrained build operations Thread 12"        [_thread_blocked, id=364, stack(0x000000ff66a00000,0x000000ff66b00000) (1024K)]
  0x0000021f87f2a180 JavaThread "Unconstrained build operations Thread 13"        [_thread_blocked, id=16548, stack(0x000000ff66b00000,0x000000ff66c00000) (1024K)]
  0x0000021f87f2c250 JavaThread "Unconstrained build operations Thread 14"        [_thread_blocked, id=14468, stack(0x000000ff66c00000,0x000000ff66d00000) (1024K)]
  0x0000021f87f2c8e0 JavaThread "Unconstrained build operations Thread 15"        [_thread_blocked, id=9384, stack(0x000000ff66d00000,0x000000ff66e00000) (1024K)]
  0x0000021f87f2a810 JavaThread "Unconstrained build operations Thread 16"        [_thread_blocked, id=2108, stack(0x000000ff66e00000,0x000000ff66f00000) (1024K)]
  0x0000021f87f2cf70 JavaThread "Unconstrained build operations Thread 17"        [_thread_blocked, id=1228, stack(0x000000ff66f00000,0x000000ff67000000) (1024K)]
  0x0000021f88a79770 JavaThread "Unconstrained build operations Thread 18"        [_thread_blocked, id=7724, stack(0x000000ff67000000,0x000000ff67100000) (1024K)]
  0x0000021f88a7a490 JavaThread "Unconstrained build operations Thread 19"        [_thread_blocked, id=10988, stack(0x000000ff67100000,0x000000ff67200000) (1024K)]
Total: 55

Other Threads:
  0x0000021ffbd98920 VMThread "VM Thread"                           [id=11636, stack(0x000000ff63800000,0x000000ff63900000) (1024K)]
  0x0000021ffbd39da0 WatcherThread "VM Periodic Task Thread"        [id=15628, stack(0x000000ff63700000,0x000000ff63800000) (1024K)]
  0x0000021fe3069870 WorkerThread "GC Thread#0"                     [id=13480, stack(0x000000ff63200000,0x000000ff63300000) (1024K)]
  0x0000021f84554860 WorkerThread "GC Thread#1"                     [id=15548, stack(0x000000ff64300000,0x000000ff64400000) (1024K)]
=>0x0000021f84687a00 WorkerThread "GC Thread#2"                     [id=3504, stack(0x000000ff64400000,0x000000ff64500000) (1024K)]
  0x0000021f84d99e70 WorkerThread "GC Thread#3"                     [id=11860, stack(0x000000ff64500000,0x000000ff64600000) (1024K)]
  0x0000021fe307d160 ConcurrentGCThread "G1 Main Marker"            [id=7576, stack(0x000000ff63300000,0x000000ff63400000) (1024K)]
  0x0000021fe307db70 WorkerThread "G1 Conc#0"                       [id=9304, stack(0x000000ff63400000,0x000000ff63500000) (1024K)]
  0x0000021fe30d87b0 ConcurrentGCThread "G1 Refine#0"               [id=5516, stack(0x000000ff63500000,0x000000ff63600000) (1024K)]
  0x0000021fe30d9230 ConcurrentGCThread "G1 Service"                [id=15380, stack(0x000000ff63600000,0x000000ff63700000) (1024K)]
Total: 10

Threads with active compile tasks:
C2 CompilerThread0    27591 9305       4       java.util.zip.ZipUtils::get16 (21 bytes)
Total: 1

VM state: at safepoint (normal execution)

VM Mutex/Monitor currently owned by a thread:  ([mutex/lock_event])
[0x00007ff8efd04bf8] FreeList_lock - owner thread: 0x0000021f84687a00
[0x00007ff8efd072f8] Threads_lock - owner thread: 0x0000021ffbd98920
[0x00007ff8efd073f8] Heap_lock - owner thread: 0x0000021f85cc0130

Heap address: 0x0000000080000000, size: 2048 MB, Compressed Oops mode: 32-bit

CDS archive(s) not mapped
Compressed class space mapped at: 0x0000000100000000-0x0000000140000000, reserved size: 1073741824
Narrow klass base: 0x0000000000000000, Narrow klass shift: 3, Narrow klass range: 0x140000000

GC Precious Log:
 CardTable entry size: 512
 Card Set container configuration: InlinePtr #cards 5 size 8 Array Of Cards #cards 12 size 40 Howl #buckets 4 coarsen threshold 1843 Howl Bitmap #cards 512 size 80 coarsen threshold 460 Card regions per heap region 1 cards per card region 2048
 CPUs: 4 total, 4 available
 Memory: 3863M
 Large Page Support: Disabled
 NUMA Support: Disabled
 Compressed Oops: Enabled (32-bit)
 Heap Region Size: 1M
 Heap Min Capacity: 8M
 Heap Initial Capacity: 62M
 Heap Max Capacity: 2G
 Pre-touch: Disabled
 Parallel Workers: 4
 Concurrent Workers: 1
 Concurrent Refinement Workers: 4
 Periodic GC: Disabled

Heap:
 garbage-first heap   total 162816K, used 146289K [0x0000000080000000, 0x0000000100000000)
  region size 1024K, 55 young (56320K), 7 survivors (7168K)
 Metaspace       used 88399K, committed 90368K, reserved 1179648K
  class space    used 12229K, committed 13184K, reserved 1048576K

Heap Regions: E=young(eden), S=young(survivor), O=old, HS=humongous(starts), HC=humongous(continues), CS=collection set, F=free, TAMS=top-at-mark-start, PB=parsable bottom
|   0|0x0000000080000000, 0x0000000080100000, 0x0000000080100000|100%|HS|  |TAMS 0x0000000080000000| PB 0x0000000080000000| Complete 
|   1|0x0000000080100000, 0x0000000080200000, 0x0000000080200000|100%|HC|  |TAMS 0x0000000080100000| PB 0x0000000080100000| Complete 
|   2|0x0000000080200000, 0x0000000080300000, 0x0000000080300000|100%|HC|  |TAMS 0x0000000080200000| PB 0x0000000080200000| Complete 
|   3|0x0000000080300000, 0x0000000080400000, 0x0000000080400000|100%|HC|  |TAMS 0x0000000080300000| PB 0x0000000080300000| Complete 
|   4|0x0000000080400000, 0x0000000080500000, 0x0000000080500000|100%| O|  |TAMS 0x0000000080400000| PB 0x0000000080400000| Untracked 
|   5|0x0000000080500000, 0x0000000080600000, 0x0000000080600000|100%| O|  |TAMS 0x0000000080500000| PB 0x0000000080500000| Untracked 
|   6|0x0000000080600000, 0x0000000080700000, 0x0000000080700000|100%| O|  |TAMS 0x0000000080600000| PB 0x0000000080600000| Untracked 
|   7|0x0000000080700000, 0x0000000080800000, 0x0000000080800000|100%| O|  |TAMS 0x0000000080700000| PB 0x0000000080700000| Untracked 
|   8|0x0000000080800000, 0x0000000080900000, 0x0000000080900000|100%| O|  |TAMS 0x0000000080800000| PB 0x0000000080800000| Untracked 
|   9|0x0000000080900000, 0x0000000080a00000, 0x0000000080a00000|100%| O|  |TAMS 0x0000000080900000| PB 0x0000000080900000| Untracked 
|  10|0x0000000080a00000, 0x0000000080b00000, 0x0000000080b00000|100%| O|  |TAMS 0x0000000080a00000| PB 0x0000000080a00000| Untracked 
|  11|0x0000000080b00000, 0x0000000080c00000, 0x0000000080c00000|100%| O|  |TAMS 0x0000000080b00000| PB 0x0000000080b00000| Untracked 
|  12|0x0000000080c00000, 0x0000000080d00000, 0x0000000080d00000|100%|HS|  |TAMS 0x0000000080c00000| PB 0x0000000080c00000| Complete 
|  13|0x0000000080d00000, 0x0000000080e00000, 0x0000000080e00000|100%| O|  |TAMS 0x0000000080d00000| PB 0x0000000080d00000| Untracked 
|  14|0x0000000080e00000, 0x0000000080f00000, 0x0000000080f00000|100%| O|  |TAMS 0x0000000080e00000| PB 0x0000000080e00000| Untracked 
|  15|0x0000000080f00000, 0x0000000081000000, 0x0000000081000000|100%| O|  |TAMS 0x0000000080f00000| PB 0x0000000080f00000| Untracked 
|  16|0x0000000081000000, 0x0000000081100000, 0x0000000081100000|100%| O|  |TAMS 0x0000000081000000| PB 0x0000000081000000| Untracked 
|  17|0x0000000081100000, 0x0000000081200000, 0x0000000081200000|100%| O|  |TAMS 0x0000000081100000| PB 0x0000000081100000| Untracked 
|  18|0x0000000081200000, 0x0000000081300000, 0x0000000081300000|100%| O|  |TAMS 0x0000000081200000| PB 0x0000000081200000| Untracked 
|  19|0x0000000081300000, 0x0000000081400000, 0x0000000081400000|100%| O|  |TAMS 0x0000000081300000| PB 0x0000000081300000| Untracked 
|  20|0x0000000081400000, 0x0000000081500000, 0x0000000081500000|100%| O|  |TAMS 0x0000000081400000| PB 0x0000000081400000| Untracked 
|  21|0x0000000081500000, 0x0000000081600000, 0x0000000081600000|100%| O|  |TAMS 0x0000000081500000| PB 0x0000000081500000| Untracked 
|  22|0x0000000081600000, 0x0000000081700000, 0x0000000081700000|100%| O|  |TAMS 0x0000000081600000| PB 0x0000000081600000| Untracked 
|  23|0x0000000081700000, 0x0000000081800000, 0x0000000081800000|100%| O|  |TAMS 0x0000000081700000| PB 0x0000000081700000| Untracked 
|  24|0x0000000081800000, 0x0000000081900000, 0x0000000081900000|100%| O|  |TAMS 0x0000000081800000| PB 0x0000000081800000| Untracked 
|  25|0x0000000081900000, 0x0000000081a00000, 0x0000000081a00000|100%|HS|  |TAMS 0x0000000081900000| PB 0x0000000081900000| Complete 
|  26|0x0000000081a00000, 0x0000000081b00000, 0x0000000081b00000|100%|HC|  |TAMS 0x0000000081a00000| PB 0x0000000081a00000| Complete 
|  27|0x0000000081b00000, 0x0000000081c00000, 0x0000000081c00000|100%|HC|  |TAMS 0x0000000081b00000| PB 0x0000000081b00000| Complete 
|  28|0x0000000081c00000, 0x0000000081d00000, 0x0000000081d00000|100%|HC|  |TAMS 0x0000000081c00000| PB 0x0000000081c00000| Complete 
|  29|0x0000000081d00000, 0x0000000081e00000, 0x0000000081e00000|100%|HC|  |TAMS 0x0000000081d00000| PB 0x0000000081d00000| Complete 
|  30|0x0000000081e00000, 0x0000000081f00000, 0x0000000081f00000|100%|HC|  |TAMS 0x0000000081e00000| PB 0x0000000081e00000| Complete 
|  31|0x0000000081f00000, 0x0000000082000000, 0x0000000082000000|100%| O|  |TAMS 0x0000000081f00000| PB 0x0000000081f00000| Untracked 
|  32|0x0000000082000000, 0x0000000082100000, 0x0000000082100000|100%|HS|  |TAMS 0x0000000082000000| PB 0x0000000082000000| Complete 
|  33|0x0000000082100000, 0x0000000082200000, 0x0000000082200000|100%|HC|  |TAMS 0x0000000082100000| PB 0x0000000082100000| Complete 
|  34|0x0000000082200000, 0x0000000082300000, 0x0000000082300000|100%|HC|  |TAMS 0x0000000082200000| PB 0x0000000082200000| Complete 
|  35|0x0000000082300000, 0x0000000082400000, 0x0000000082400000|100%|HS|  |TAMS 0x0000000082300000| PB 0x0000000082300000| Complete 
|  36|0x0000000082400000, 0x0000000082500000, 0x0000000082500000|100%|HC|  |TAMS 0x0000000082400000| PB 0x0000000082400000| Complete 
|  37|0x0000000082500000, 0x0000000082600000, 0x0000000082600000|100%|HS|  |TAMS 0x0000000082500000| PB 0x0000000082500000| Complete 
|  38|0x0000000082600000, 0x0000000082700000, 0x0000000082700000|100%| O|  |TAMS 0x0000000082600000| PB 0x0000000082600000| Untracked 
|  39|0x0000000082700000, 0x0000000082800000, 0x0000000082800000|100%| O|  |TAMS 0x0000000082700000| PB 0x0000000082700000| Untracked 
|  40|0x0000000082800000, 0x0000000082900000, 0x0000000082900000|100%| O|  |TAMS 0x0000000082800000| PB 0x0000000082800000| Untracked 
|  41|0x0000000082900000, 0x0000000082a00000, 0x0000000082a00000|100%| O|  |TAMS 0x0000000082900000| PB 0x0000000082900000| Untracked 
|  42|0x0000000082a00000, 0x0000000082b00000, 0x0000000082b00000|100%| O|  |TAMS 0x0000000082a00000| PB 0x0000000082a00000| Untracked 
|  43|0x0000000082b00000, 0x0000000082c00000, 0x0000000082c00000|100%| O|  |TAMS 0x0000000082b00000| PB 0x0000000082b00000| Untracked 
|  44|0x0000000082c00000, 0x0000000082d00000, 0x0000000082d00000|100%| O|  |TAMS 0x0000000082c00000| PB 0x0000000082c00000| Untracked 
|  45|0x0000000082d00000, 0x0000000082e00000, 0x0000000082e00000|100%| O|  |TAMS 0x0000000082d00000| PB 0x0000000082d00000| Untracked 
|  46|0x0000000082e00000, 0x0000000082f00000, 0x0000000082f00000|100%| O|  |TAMS 0x0000000082e00000| PB 0x0000000082e00000| Untracked 
|  47|0x0000000082f00000, 0x0000000083000000, 0x0000000083000000|100%| O|  |TAMS 0x0000000082f00000| PB 0x0000000082f00000| Untracked 
|  48|0x0000000083000000, 0x0000000083100000, 0x0000000083100000|100%| O|  |TAMS 0x0000000083000000| PB 0x0000000083000000| Untracked 
|  49|0x0000000083100000, 0x0000000083200000, 0x0000000083200000|100%| O|  |TAMS 0x0000000083100000| PB 0x0000000083100000| Untracked 
|  50|0x0000000083200000, 0x0000000083300000, 0x0000000083300000|100%| O|  |TAMS 0x0000000083200000| PB 0x0000000083200000| Untracked 
|  51|0x0000000083300000, 0x0000000083400000, 0x0000000083400000|100%|HS|  |TAMS 0x0000000083300000| PB 0x0000000083300000| Complete 
|  52|0x0000000083400000, 0x0000000083500000, 0x0000000083500000|100%|HC|  |TAMS 0x0000000083400000| PB 0x0000000083400000| Complete 
|  53|0x0000000083500000, 0x0000000083600000, 0x0000000083600000|100%| O|  |TAMS 0x0000000083500000| PB 0x0000000083500000| Untracked 
|  54|0x0000000083600000, 0x0000000083700000, 0x0000000083700000|100%|HS|  |TAMS 0x0000000083600000| PB 0x0000000083600000| Complete 
|  55|0x0000000083700000, 0x0000000083800000, 0x0000000083800000|100%|HC|  |TAMS 0x0000000083700000| PB 0x0000000083700000| Complete 
|  56|0x0000000083800000, 0x0000000083900000, 0x0000000083900000|100%|HC|  |TAMS 0x0000000083800000| PB 0x0000000083800000| Complete 
|  57|0x0000000083900000, 0x0000000083a00000, 0x0000000083a00000|100%|HC|  |TAMS 0x0000000083900000| PB 0x0000000083900000| Complete 
|  58|0x0000000083a00000, 0x0000000083b00000, 0x0000000083b00000|100%|HC|  |TAMS 0x0000000083a00000| PB 0x0000000083a00000| Complete 
|  59|0x0000000083b00000, 0x0000000083c00000, 0x0000000083c00000|100%|HC|  |TAMS 0x0000000083b00000| PB 0x0000000083b00000| Complete 
|  60|0x0000000083c00000, 0x0000000083d00000, 0x0000000083d00000|100%| O|  |TAMS 0x0000000083c00000| PB 0x0000000083c00000| Untracked 
|  61|0x0000000083d00000, 0x0000000083e00000, 0x0000000083e00000|100%| O|  |TAMS 0x0000000083d00000| PB 0x0000000083d00000| Untracked 
|  62|0x0000000083e00000, 0x0000000083f00000, 0x0000000083f00000|100%| O|  |TAMS 0x0000000083e00000| PB 0x0000000083e00000| Untracked 
|  63|0x0000000083f00000, 0x0000000084000000, 0x0000000084000000|100%| O|  |TAMS 0x0000000083f00000| PB 0x0000000083f00000| Untracked 
|  64|0x0000000084000000, 0x0000000084100000, 0x0000000084100000|100%| O|  |TAMS 0x0000000084000000| PB 0x0000000084000000| Untracked 
|  65|0x0000000084100000, 0x0000000084200000, 0x0000000084200000|100%|HS|  |TAMS 0x0000000084100000| PB 0x0000000084100000| Complete 
|  66|0x0000000084200000, 0x0000000084300000, 0x0000000084300000|100%|HC|  |TAMS 0x0000000084200000| PB 0x0000000084200000| Complete 
|  67|0x0000000084300000, 0x0000000084400000, 0x0000000084400000|100%|HC|  |TAMS 0x0000000084300000| PB 0x0000000084300000| Complete 
|  68|0x0000000084400000, 0x0000000084500000, 0x0000000084500000|100%|HC|  |TAMS 0x0000000084400000| PB 0x0000000084400000| Complete 
|  69|0x0000000084500000, 0x0000000084600000, 0x0000000084600000|100%|HC|  |TAMS 0x0000000084500000| PB 0x0000000084500000| Complete 
|  70|0x0000000084600000, 0x0000000084700000, 0x0000000084700000|100%|HC|  |TAMS 0x0000000084600000| PB 0x0000000084600000| Complete 
|  71|0x0000000084700000, 0x0000000084800000, 0x0000000084800000|100%| O|CS|TAMS 0x0000000084700000| PB 0x0000000084700000| Complete 
|  72|0x0000000084800000, 0x0000000084900000, 0x0000000084900000|100%| O|  |TAMS 0x0000000084800000| PB 0x0000000084800000| Untracked 
|  73|0x0000000084900000, 0x0000000084a00000, 0x0000000084a00000|100%| O|  |TAMS 0x0000000084900000| PB 0x0000000084900000| Untracked 
|  74|0x0000000084a00000, 0x0000000084b00000, 0x0000000084b00000|100%| O|  |TAMS 0x0000000084a00000| PB 0x0000000084a00000| Untracked 
|  75|0x0000000084b00000, 0x0000000084c00000, 0x0000000084c00000|100%| O|  |TAMS 0x0000000084b00000| PB 0x0000000084b00000| Untracked 
|  76|0x0000000084c00000, 0x0000000084d00000, 0x0000000084d00000|100%| O|  |TAMS 0x0000000084c00000| PB 0x0000000084c00000| Untracked 
|  77|0x0000000084d00000, 0x0000000084e00000, 0x0000000084e00000|100%| O|  |TAMS 0x0000000084d00000| PB 0x0000000084d00000| Untracked 
|  78|0x0000000084e00000, 0x0000000084f00000, 0x0000000084f00000|100%|HS|  |TAMS 0x0000000084e00000| PB 0x0000000084e00000| Complete 
|  79|0x0000000084f00000, 0x0000000085000000, 0x0000000085000000|100%|HC|  |TAMS 0x0000000084f00000| PB 0x0000000084f00000| Complete 
|  80|0x0000000085000000, 0x0000000085100000, 0x0000000085100000|100%|HC|  |TAMS 0x0000000085000000| PB 0x0000000085000000| Complete 
|  81|0x0000000085100000, 0x0000000085200000, 0x0000000085200000|100%|HC|  |TAMS 0x0000000085100000| PB 0x0000000085100000| Complete 
|  82|0x0000000085200000, 0x0000000085300000, 0x0000000085300000|100%|HC|  |TAMS 0x0000000085200000| PB 0x0000000085200000| Complete 
|  83|0x0000000085300000, 0x0000000085400000, 0x0000000085400000|100%|HC|  |TAMS 0x0000000085300000| PB 0x0000000085300000| Complete 
|  84|0x0000000085400000, 0x0000000085500000, 0x0000000085500000|100%|HS|  |TAMS 0x0000000085400000| PB 0x0000000085400000| Complete 
|  85|0x0000000085500000, 0x00000000855dc7d0, 0x0000000085600000| 86%| E|CS|TAMS 0x0000000085500000| PB 0x0000000085500000| Complete 
|  86|0x0000000085600000, 0x0000000085700000, 0x0000000085700000|100%| E|CS|TAMS 0x0000000085600000| PB 0x0000000085600000| Complete 
|  87|0x0000000085700000, 0x0000000085800000, 0x0000000085800000|100%| E|CS|TAMS 0x0000000085700000| PB 0x0000000085700000| Complete 
|  88|0x0000000085800000, 0x0000000085900000, 0x0000000085900000|100%| E|CS|TAMS 0x0000000085800000| PB 0x0000000085800000| Complete 
|  89|0x0000000085900000, 0x0000000085a00000, 0x0000000085a00000|100%| E|CS|TAMS 0x0000000085900000| PB 0x0000000085900000| Complete 
|  90|0x0000000085a00000, 0x0000000085b00000, 0x0000000085b00000|100%|HS|  |TAMS 0x0000000085a00000| PB 0x0000000085a00000| Complete 
|  91|0x0000000085b00000, 0x0000000085c00000, 0x0000000085c00000|100%|HS|  |TAMS 0x0000000085b00000| PB 0x0000000085b00000| Complete 
|  92|0x0000000085c00000, 0x0000000085d00000, 0x0000000085d00000|100%| O|  |TAMS 0x0000000085c00000| PB 0x0000000085c00000| Untracked 
|  93|0x0000000085d00000, 0x0000000085e00000, 0x0000000085e00000|100%| S|  |TAMS 0x0000000085d00000| PB 0x0000000085d00000| Complete 
|  94|0x0000000085e00000, 0x0000000085f00000, 0x0000000085f00000|100%| S|  |TAMS 0x0000000085e00000| PB 0x0000000085e00000| Complete 
|  95|0x0000000085f00000, 0x0000000086000000, 0x0000000086000000|100%| S|  |TAMS 0x0000000085f00000| PB 0x0000000085f00000| Complete 
|  96|0x0000000086000000, 0x0000000086100000, 0x0000000086100000|100%| E|CS|TAMS 0x0000000086000000| PB 0x0000000086000000| Complete 
|  97|0x0000000086100000, 0x0000000086200000, 0x0000000086200000|100%| E|CS|TAMS 0x0000000086100000| PB 0x0000000086100000| Complete 
|  98|0x0000000086200000, 0x0000000086300000, 0x0000000086300000|100%| E|CS|TAMS 0x0000000086200000| PB 0x0000000086200000| Complete 
|  99|0x0000000086300000, 0x0000000086400000, 0x0000000086400000|100%| E|CS|TAMS 0x0000000086300000| PB 0x0000000086300000| Complete 
| 100|0x0000000086400000, 0x0000000086500000, 0x0000000086500000|100%| E|CS|TAMS 0x0000000086400000| PB 0x0000000086400000| Complete 
| 101|0x0000000086500000, 0x0000000086600000, 0x0000000086600000|100%| E|CS|TAMS 0x0000000086500000| PB 0x0000000086500000| Complete 
| 102|0x0000000086600000, 0x0000000086700000, 0x0000000086700000|100%| E|CS|TAMS 0x0000000086600000| PB 0x0000000086600000| Complete 
| 103|0x0000000086700000, 0x0000000086800000, 0x0000000086800000|100%| E|CS|TAMS 0x0000000086700000| PB 0x0000000086700000| Complete 
| 104|0x0000000086800000, 0x0000000086900000, 0x0000000086900000|100%| E|CS|TAMS 0x0000000086800000| PB 0x0000000086800000| Complete 
| 105|0x0000000086900000, 0x0000000086a00000, 0x0000000086a00000|100%| E|CS|TAMS 0x0000000086900000| PB 0x0000000086900000| Complete 
| 106|0x0000000086a00000, 0x0000000086b00000, 0x0000000086b00000|100%| E|CS|TAMS 0x0000000086a00000| PB 0x0000000086a00000| Complete 
| 107|0x0000000086b00000, 0x0000000086c00000, 0x0000000086c00000|100%| E|CS|TAMS 0x0000000086b00000| PB 0x0000000086b00000| Complete 
| 108|0x0000000086c00000, 0x0000000086d00000, 0x0000000086d00000|100%| E|CS|TAMS 0x0000000086c00000| PB 0x0000000086c00000| Complete 
| 109|0x0000000086d00000, 0x0000000086e00000, 0x0000000086e00000|100%| E|CS|TAMS 0x0000000086d00000| PB 0x0000000086d00000| Complete 
| 110|0x0000000086e00000, 0x0000000086f00000, 0x0000000086f00000|100%| E|CS|TAMS 0x0000000086e00000| PB 0x0000000086e00000| Complete 
| 111|0x0000000086f00000, 0x0000000087000000, 0x0000000087000000|100%| E|CS|TAMS 0x0000000086f00000| PB 0x0000000086f00000| Complete 
| 112|0x0000000087000000, 0x0000000087100000, 0x0000000087100000|100%| E|CS|TAMS 0x0000000087000000| PB 0x0000000087000000| Complete 
| 113|0x0000000087100000, 0x0000000087200000, 0x0000000087200000|100%| E|CS|TAMS 0x0000000087100000| PB 0x0000000087100000| Complete 
| 114|0x0000000087200000, 0x0000000087300000, 0x0000000087300000|100%| E|CS|TAMS 0x0000000087200000| PB 0x0000000087200000| Complete 
| 115|0x0000000087300000, 0x0000000087400000, 0x0000000087400000|100%| E|CS|TAMS 0x0000000087300000| PB 0x0000000087300000| Complete 
| 116|0x0000000087400000, 0x0000000087500000, 0x0000000087500000|100%| E|CS|TAMS 0x0000000087400000| PB 0x0000000087400000| Complete 
| 117|0x0000000087500000, 0x0000000087600000, 0x0000000087600000|100%| E|CS|TAMS 0x0000000087500000| PB 0x0000000087500000| Complete 
| 118|0x0000000087600000, 0x0000000087700000, 0x0000000087700000|100%| E|CS|TAMS 0x0000000087600000| PB 0x0000000087600000| Complete 
| 119|0x0000000087700000, 0x0000000087800000, 0x0000000087800000|100%| E|CS|TAMS 0x0000000087700000| PB 0x0000000087700000| Complete 
| 120|0x0000000087800000, 0x0000000087900000, 0x0000000087900000|100%| E|CS|TAMS 0x0000000087800000| PB 0x0000000087800000| Complete 
| 121|0x0000000087900000, 0x0000000087a00000, 0x0000000087a00000|100%| E|CS|TAMS 0x0000000087900000| PB 0x0000000087900000| Complete 
| 122|0x0000000087a00000, 0x0000000087b00000, 0x0000000087b00000|100%| E|CS|TAMS 0x0000000087a00000| PB 0x0000000087a00000| Complete 
| 123|0x0000000087b00000, 0x0000000087c00000, 0x0000000087c00000|100%| E|CS|TAMS 0x0000000087b00000| PB 0x0000000087b00000| Complete 
| 124|0x0000000087c00000, 0x0000000087d00000, 0x0000000087d00000|100%| E|CS|TAMS 0x0000000087c00000| PB 0x0000000087c00000| Complete 
| 125|0x0000000087d00000, 0x0000000087e00000, 0x0000000087e00000|100%| E|CS|TAMS 0x0000000087d00000| PB 0x0000000087d00000| Complete 
| 126|0x0000000087e00000, 0x0000000087f00000, 0x0000000087f00000|100%| E|CS|TAMS 0x0000000087e00000| PB 0x0000000087e00000| Complete 
| 127|0x0000000087f00000, 0x0000000088000000, 0x0000000088000000|100%| E|CS|TAMS 0x0000000087f00000| PB 0x0000000087f00000| Complete 
| 128|0x0000000088000000, 0x0000000088100000, 0x0000000088100000|100%| E|CS|TAMS 0x0000000088000000| PB 0x0000000088000000| Complete 
| 129|0x0000000088100000, 0x0000000088200000, 0x0000000088200000|100%| E|CS|TAMS 0x0000000088100000| PB 0x0000000088100000| Complete 
| 130|0x0000000088200000, 0x0000000088300000, 0x0000000088300000|100%| E|CS|TAMS 0x0000000088200000| PB 0x0000000088200000| Complete 
| 131|0x0000000088300000, 0x0000000088400000, 0x0000000088400000|100%| E|CS|TAMS 0x0000000088300000| PB 0x0000000088300000| Complete 
| 132|0x0000000088400000, 0x0000000088500000, 0x0000000088500000|100%| E|CS|TAMS 0x0000000088400000| PB 0x0000000088400000| Complete 
| 133|0x0000000088500000, 0x0000000088600000, 0x0000000088600000|100%| E|CS|TAMS 0x0000000088500000| PB 0x0000000088500000| Complete 
| 134|0x0000000088600000, 0x0000000088700000, 0x0000000088700000|100%| E|CS|TAMS 0x0000000088600000| PB 0x0000000088600000| Complete 
| 135|0x0000000088700000, 0x0000000088800000, 0x0000000088800000|100%| E|CS|TAMS 0x0000000088700000| PB 0x0000000088700000| Complete 
| 136|0x0000000088800000, 0x0000000088900000, 0x0000000088900000|100%| E|CS|TAMS 0x0000000088800000| PB 0x0000000088800000| Complete 
| 137|0x0000000088900000, 0x0000000088a00000, 0x0000000088a00000|100%| E|CS|TAMS 0x0000000088900000| PB 0x0000000088900000| Complete 
| 138|0x0000000088a00000, 0x0000000088b00000, 0x0000000088b00000|100%| E|CS|TAMS 0x0000000088a00000| PB 0x0000000088a00000| Complete 
| 139|0x0000000088b00000, 0x0000000088c00000, 0x0000000088c00000|100%| E|CS|TAMS 0x0000000088b00000| PB 0x0000000088b00000| Complete 
| 140|0x0000000088c00000, 0x0000000088d00000, 0x0000000088d00000|100%| E|CS|TAMS 0x0000000088c00000| PB 0x0000000088c00000| Complete 
| 141|0x0000000088d00000, 0x0000000088e00000, 0x0000000088e00000|100%| E|CS|TAMS 0x0000000088d00000| PB 0x0000000088d00000| Complete 
| 142|0x0000000088e00000, 0x0000000088f00000, 0x0000000088f00000|100%| E|CS|TAMS 0x0000000088e00000| PB 0x0000000088e00000| Complete 
| 143|0x0000000088f00000, 0x0000000089000000, 0x0000000089000000|100%| S|  |TAMS 0x0000000088f00000| PB 0x0000000088f00000| Complete 
| 144|0x0000000089000000, 0x0000000089100000, 0x0000000089100000|100%| S|  |TAMS 0x0000000089000000| PB 0x0000000089000000| Complete 
| 145|0x0000000089100000, 0x0000000089200000, 0x0000000089200000|100%| S|  |TAMS 0x0000000089100000| PB 0x0000000089100000| Complete 
| 146|0x0000000089200000, 0x0000000089300000, 0x0000000089300000|100%| S|  |TAMS 0x0000000089200000| PB 0x0000000089200000| Complete 
|2036|0x00000000ff400000, 0x00000000ff500000, 0x00000000ff500000|100%| O|  |TAMS 0x00000000ff400000| PB 0x00000000ff400000| Untracked 
|2037|0x00000000ff500000, 0x00000000ff600000, 0x00000000ff600000|100%| O|  |TAMS 0x00000000ff500000| PB 0x00000000ff500000| Untracked 
|2038|0x00000000ff600000, 0x00000000ff700000, 0x00000000ff700000|100%| O|  |TAMS 0x00000000ff600000| PB 0x00000000ff600000| Untracked 
|2039|0x00000000ff700000, 0x00000000ff800000, 0x00000000ff800000|100%| O|  |TAMS 0x00000000ff700000| PB 0x00000000ff700000| Untracked 
|2040|0x00000000ff800000, 0x00000000ff900000, 0x00000000ff900000|100%| O|  |TAMS 0x00000000ff800000| PB 0x00000000ff800000| Untracked 
|2041|0x00000000ff900000, 0x00000000ffa00000, 0x00000000ffa00000|100%| O|  |TAMS 0x00000000ff900000| PB 0x00000000ff900000| Untracked 
|2042|0x00000000ffa00000, 0x00000000ffb00000, 0x00000000ffb00000|100%| O|  |TAMS 0x00000000ffa00000| PB 0x00000000ffa00000| Untracked 
|2043|0x00000000ffb00000, 0x00000000ffc00000, 0x00000000ffc00000|100%| O|  |TAMS 0x00000000ffb00000| PB 0x00000000ffb00000| Untracked 
|2044|0x00000000ffc00000, 0x00000000ffd00000, 0x00000000ffd00000|100%| E|CS|TAMS 0x00000000ffc00000| PB 0x00000000ffc00000| Complete 
|2045|0x00000000ffd00000, 0x00000000ffe00000, 0x00000000ffe00000|100%| O|  |TAMS 0x00000000ffd00000| PB 0x00000000ffd00000| Untracked 
|2046|0x00000000ffe00000, 0x00000000fff00000, 0x00000000fff00000|100%| O|  |TAMS 0x00000000ffe00000| PB 0x00000000ffe00000| Untracked 
|2047|0x00000000fff00000, 0x0000000100000000, 0x0000000100000000|100%| O|  |TAMS 0x00000000fff00000| PB 0x00000000fff00000| Untracked 

Card table byte_map: [0x0000021ff7380000,0x0000021ff7780000] _byte_map_base: 0x0000021ff6f80000

Marking Bits: (CMBitMap*) 0x0000021fe306ae90
 Bits: [0x0000021ff7780000, 0x0000021ff9780000)

Polling page: 0x0000021fe30e0000

Metaspace:

Usage:
  Non-class:     74.39 MB used.
      Class:     11.94 MB used.
       Both:     86.33 MB used.

Virtual space:
  Non-class space:      128.00 MB reserved,      75.38 MB ( 59%) committed,  2 nodes.
      Class space:        1.00 GB reserved,      12.88 MB (  1%) committed,  1 nodes.
             Both:        1.12 GB reserved,      88.25 MB (  8%) committed. 

Chunk freelists:
   Non-Class:  4.30 MB
       Class:  3.03 MB
        Both:  7.33 MB

MaxMetaspaceSize: unlimited
CompressedClassSpaceSize: 1.00 GB
Initial GC threshold: 21.00 MB
Current GC threshold: 132.12 MB
CDS: off
 - commit_granule_bytes: 65536.
 - commit_granule_words: 8192.
 - virtual_space_node_default_size: 8388608.
 - enlarge_chunks_in_place: 1.
 - use_allocation_guard: 0.


Internal statistics:

num_allocs_failed_limit: 3.
num_arena_births: 3392.
num_arena_deaths: 0.
num_vsnodes_births: 3.
num_vsnodes_deaths: 0.
num_space_committed: 1410.
num_space_uncommitted: 0.
num_chunks_returned_to_freelist: 3.
num_chunks_taken_from_freelist: 6949.
num_chunk_merges: 3.
num_chunk_splits: 4614.
num_chunks_enlarged: 2992.
num_inconsistent_stats: 0.

CodeHeap 'non-profiled nmethods': size=120000Kb used=4425Kb max_used=4425Kb free=115574Kb
 bounds [0x0000021fef430000, 0x0000021fef890000, 0x0000021ff6960000]
CodeHeap 'profiled nmethods': size=120000Kb used=14766Kb max_used=14956Kb free=105233Kb
 bounds [0x0000021fe7960000, 0x0000021fe8810000, 0x0000021feee90000]
CodeHeap 'non-nmethods': size=5760Kb used=3053Kb max_used=3076Kb free=2706Kb
 bounds [0x0000021feee90000, 0x0000021fef1a0000, 0x0000021fef430000]
 total_blobs=9001 nmethods=8069 adapters=835
 compilation: enabled
              stopped_count=0, restarted_count=0
 full_count=0

Compilation events (20 events):
Event: 27.501 Thread 0x0000021f84138480 9309       2       java.util.zip.ZipEntry::setExtra0 (493 bytes)
Event: 27.501 Thread 0x0000021f84137240 nmethod 9278 0x0000021fef880e10 code [0x0000021fef881060, 0x0000021fef881938]
Event: 27.501 Thread 0x0000021f84137240 9221   !   4       java.util.zip.ZipFile$ZipEntryIterator::next (71 bytes)
Event: 27.502 Thread 0x0000021f84138480 nmethod 9309 0x0000021fe7f5af90 code [0x0000021fe7f5b240, 0x0000021fe7f5c128]
Event: 27.502 Thread 0x0000021f84138480 9311       3       java.util.zip.ZipUtils::get32 (23 bytes)
Event: 27.502 Thread 0x0000021f84138480 nmethod 9311 0x0000021fe84abe90 code [0x0000021fe84ac040, 0x0000021fe84ac2b8]
Event: 27.502 Thread 0x0000021f84138480 9313       3       java.util.zip.ZipUtils::get64 (17 bytes)
Event: 27.502 Thread 0x0000021f84138480 nmethod 9313 0x0000021fe8305490 code [0x0000021fe8305640, 0x0000021fe83057b8]
Event: 27.502 Thread 0x0000021f84138480 9314       3       java.util.zip.ZipUtils::winTimeToFileTime (16 bytes)
Event: 27.502 Thread 0x0000021f84138480 nmethod 9314 0x0000021fe8441310 code [0x0000021fe84414c0, 0x0000021fe8441628]
Event: 27.502 Thread 0x0000021f84138480 9310       2       java.util.zip.ZipUtils::get32S (17 bytes)
Event: 27.502 Thread 0x0000021f84138480 nmethod 9310 0x0000021fe7bbe690 code [0x0000021fe7bbe820, 0x0000021fe7bbe9c8]
Event: 27.502 Thread 0x0000021f84138480 9312       2       java.util.zip.ZipUtils::unixTimeToFileTime (8 bytes)
Event: 27.502 Thread 0x0000021f84138480 nmethod 9312 0x0000021fe81cd610 code [0x0000021fe81cd7a0, 0x0000021fe81cd8b0]
Event: 27.504 Thread 0x0000021f84137240 nmethod 9221 0x0000021fef717990 code [0x0000021fef717b40, 0x0000021fef718010]
Event: 27.504 Thread 0x0000021f84137240 9213       4       org.jetbrains.kotlin.com.intellij.openapi.vfs.impl.ZipHandlerBase$$Lambda/0x0000000100cf4010::<init> (15 bytes)
Event: 27.504 Thread 0x0000021f84138480 9315       3       java.util.zip.ZipEntry::setExtra0 (493 bytes)
Event: 27.505 Thread 0x0000021f84138480 nmethod 9315 0x0000021fe7c98e10 code [0x0000021fe7c991c0, 0x0000021fe7c9adc8]
Event: 27.506 Thread 0x0000021f84137240 nmethod 9213 0x0000021fef882210 code [0x0000021fef8823a0, 0x0000021fef8825f8]
Event: 27.506 Thread 0x0000021f84137240 9305       4       java.util.zip.ZipUtils::get16 (21 bytes)

GC Heap History (20 events):
Event: 18.016 GC heap after
{Heap after GC invocations=25 (full 0):
 garbage-first heap   total 100352K, used 73776K [0x0000000080000000, 0x0000000100000000)
  region size 1024K, 4 young (4096K), 4 survivors (4096K)
 Metaspace       used 57273K, committed 58816K, reserved 1114112K
  class space    used 7734K, committed 8512K, reserved 1048576K
}
Event: 18.322 GC heap before
{Heap before GC invocations=25 (full 0):
 garbage-first heap   total 100352K, used 90160K [0x0000000080000000, 0x0000000100000000)
  region size 1024K, 19 young (19456K), 4 survivors (4096K)
 Metaspace       used 58987K, committed 60608K, reserved 1114112K
  class space    used 7862K, committed 8640K, reserved 1048576K
}
Event: 18.327 GC heap after
{Heap after GC invocations=26 (full 0):
 garbage-first heap   total 100352K, used 74144K [0x0000000080000000, 0x0000000100000000)
  region size 1024K, 1 young (1024K), 1 survivors (1024K)
 Metaspace       used 58987K, committed 60608K, reserved 1114112K
  class space    used 7862K, committed 8640K, reserved 1048576K
}
Event: 18.467 GC heap before
{Heap before GC invocations=26 (full 0):
 garbage-first heap   total 100352K, used 92576K [0x0000000080000000, 0x0000000100000000)
  region size 1024K, 19 young (19456K), 1 survivors (1024K)
 Metaspace       used 59410K, committed 61056K, reserved 1114112K
  class space    used 7924K, committed 8704K, reserved 1048576K
}
Event: 18.468 GC heap after
{Heap after GC invocations=27 (full 0):
 garbage-first heap   total 100352K, used 74278K [0x0000000080000000, 0x0000000100000000)
  region size 1024K, 1 young (1024K), 1 survivors (1024K)
 Metaspace       used 59410K, committed 61056K, reserved 1114112K
  class space    used 7924K, committed 8704K, reserved 1048576K
}
Event: 18.796 GC heap before
{Heap before GC invocations=28 (full 0):
 garbage-first heap   total 124928K, used 91686K [0x0000000080000000, 0x0000000100000000)
  region size 1024K, 18 young (18432K), 1 survivors (1024K)
 Metaspace       used 61581K, committed 63232K, reserved 1114112K
  class space    used 8245K, committed 9024K, reserved 1048576K
}
Event: 18.805 GC heap after
{Heap after GC invocations=29 (full 0):
 garbage-first heap   total 124928K, used 74946K [0x0000000080000000, 0x0000000100000000)
  region size 1024K, 2 young (2048K), 2 survivors (2048K)
 Metaspace       used 61581K, committed 63232K, reserved 1114112K
  class space    used 8245K, committed 9024K, reserved 1048576K
}
Event: 19.715 GC heap before
{Heap before GC invocations=29 (full 0):
 garbage-first heap   total 124928K, used 110786K [0x0000000080000000, 0x0000000100000000)
  region size 1024K, 38 young (38912K), 2 survivors (2048K)
 Metaspace       used 66817K, committed 68480K, reserved 1114112K
  class space    used 9007K, committed 9856K, reserved 1048576K
}
Event: 19.726 GC heap after
{Heap after GC invocations=30 (full 0):
 garbage-first heap   total 150528K, used 76035K [0x0000000080000000, 0x0000000100000000)
  region size 1024K, 3 young (3072K), 3 survivors (3072K)
 Metaspace       used 66817K, committed 68480K, reserved 1114112K
  class space    used 9007K, committed 9856K, reserved 1048576K
}
Event: 21.147 GC heap before
{Heap before GC invocations=30 (full 0):
 garbage-first heap   total 150528K, used 134403K [0x0000000080000000, 0x0000000100000000)
  region size 1024K, 60 young (61440K), 3 survivors (3072K)
 Metaspace       used 72455K, committed 74240K, reserved 1114112K
  class space    used 9887K, committed 10752K, reserved 1048576K
}
Event: 21.162 GC heap after
{Heap after GC invocations=31 (full 0):
 garbage-first heap   total 150528K, used 80717K [0x0000000080000000, 0x0000000100000000)
  region size 1024K, 8 young (8192K), 8 survivors (8192K)
 Metaspace       used 72455K, committed 74240K, reserved 1114112K
  class space    used 9887K, committed 10752K, reserved 1048576K
}
Event: 22.940 GC heap before
{Heap before GC invocations=32 (full 0):
 garbage-first heap   total 150528K, used 131917K [0x0000000080000000, 0x0000000100000000)
  region size 1024K, 59 young (60416K), 8 survivors (8192K)
 Metaspace       used 73206K, committed 75072K, reserved 1114112K
  class space    used 9908K, committed 10816K, reserved 1048576K
}
Event: 22.959 GC heap after
{Heap after GC invocations=33 (full 0):
 garbage-first heap   total 150528K, used 83532K [0x0000000080000000, 0x0000000100000000)
  region size 1024K, 4 young (4096K), 4 survivors (4096K)
 Metaspace       used 73206K, committed 75072K, reserved 1114112K
  class space    used 9908K, committed 10816K, reserved 1048576K
}
Event: 25.164 GC heap before
{Heap before GC invocations=33 (full 0):
 garbage-first heap   total 150528K, used 134732K [0x0000000080000000, 0x0000000100000000)
  region size 1024K, 55 young (56320K), 4 survivors (4096K)
 Metaspace       used 73242K, committed 75072K, reserved 1114112K
  class space    used 9909K, committed 10816K, reserved 1048576K
}
Event: 25.174 GC heap after
{Heap after GC invocations=34 (full 0):
 garbage-first heap   total 150528K, used 84762K [0x0000000080000000, 0x0000000100000000)
  region size 1024K, 5 young (5120K), 5 survivors (5120K)
 Metaspace       used 73242K, committed 75072K, reserved 1114112K
  class space    used 9909K, committed 10816K, reserved 1048576K
}
Event: 26.178 GC heap before
{Heap before GC invocations=34 (full 0):
 garbage-first heap   total 150528K, used 134938K [0x0000000080000000, 0x0000000100000000)
  region size 1024K, 55 young (56320K), 5 survivors (5120K)
 Metaspace       used 78769K, committed 80576K, reserved 1179648K
  class space    used 11065K, committed 11968K, reserved 1048576K
}
Event: 26.185 GC heap after
{Heap after GC invocations=35 (full 0):
 garbage-first heap   total 150528K, used 86632K [0x0000000080000000, 0x0000000100000000)
  region size 1024K, 4 young (4096K), 4 survivors (4096K)
 Metaspace       used 78769K, committed 80576K, reserved 1179648K
  class space    used 11065K, committed 11968K, reserved 1048576K
}
Event: 26.977 GC heap before
{Heap before GC invocations=36 (full 0):
 garbage-first heap   total 150528K, used 137832K [0x0000000080000000, 0x0000000100000000)
  region size 1024K, 54 young (55296K), 4 survivors (4096K)
 Metaspace       used 86970K, committed 88832K, reserved 1179648K
  class space    used 12075K, committed 12992K, reserved 1048576K
}
Event: 26.983 GC heap after
{Heap after GC invocations=37 (full 0):
 garbage-first heap   total 150528K, used 87921K [0x0000000080000000, 0x0000000100000000)
  region size 1024K, 5 young (5120K), 5 survivors (5120K)
 Metaspace       used 86970K, committed 88832K, reserved 1179648K
  class space    used 12075K, committed 12992K, reserved 1048576K
}
Event: 27.506 GC heap before
{Heap before GC invocations=37 (full 0):
 garbage-first heap   total 150528K, used 145265K [0x0000000080000000, 0x0000000100000000)
  region size 1024K, 53 young (54272K), 5 survivors (5120K)
 Metaspace       used 88399K, committed 90368K, reserved 1179648K
  class space    used 12229K, committed 13184K, reserved 1048576K
}

Dll operation events (3 events):
Event: 0.065 Loaded shared library C:\Program Files\Android\Android Studio1\jbr\bin\java.dll
Event: 0.090 Loaded shared library C:\Program Files\Android\Android Studio1\jbr\bin\zip.dll
Event: 0.934 Loaded shared library C:\Program Files\Android\Android Studio1\jbr\bin\verify.dll

Deoptimization events (20 events):
Event: 27.244 Thread 0x0000021f85cc0130 Uncommon trap: trap_request=0xffffff45 fr.pc=0x0000021fef513e10 relative=0x0000000000000830
Event: 27.244 Thread 0x0000021f85cc0130 Uncommon trap: reason=unstable_if action=reinterpret pc=0x0000021fef513e10 method=org.jetbrains.kotlin.com.intellij.openapi.vfs.impl.ZipEntryMap.get(Ljava/lang/Object;)Lorg/jetbrains/kotlin/com/intellij/openapi/vfs/impl/ArchiveHandler$EntryInfo; @ 61 c2
Event: 27.244 Thread 0x0000021f85cc0130 DEOPT PACKING pc=0x0000021fef513e10 sp=0x000000ff64cf4790
Event: 27.244 Thread 0x0000021f85cc0130 DEOPT UNPACKING pc=0x0000021feeee7da2 sp=0x000000ff64cf4758 mode 2
Event: 27.244 Thread 0x0000021f85cc0130 Uncommon trap: trap_request=0xffffff45 fr.pc=0x0000021fef63244c relative=0x00000000000005ac
Event: 27.244 Thread 0x0000021f85cc0130 Uncommon trap: reason=unstable_if action=reinterpret pc=0x0000021fef63244c method=org.jetbrains.kotlin.com.intellij.openapi.vfs.impl.ZipEntryMap.isTheOne(Lorg/jetbrains/kotlin/com/intellij/openapi/vfs/impl/ArchiveHandler$EntryInfo;Ljava/lang/CharSequence;
Event: 27.244 Thread 0x0000021f85cc0130 DEOPT PACKING pc=0x0000021fef63244c sp=0x000000ff64cf4710
Event: 27.244 Thread 0x0000021f85cc0130 DEOPT UNPACKING pc=0x0000021feeee7da2 sp=0x000000ff64cf46d8 mode 2
Event: 27.244 Thread 0x0000021f85cc0130 Uncommon trap: trap_request=0xffffff45 fr.pc=0x0000021fef631880 relative=0x0000000000000320
Event: 27.244 Thread 0x0000021f85cc0130 Uncommon trap: reason=unstable_if action=reinterpret pc=0x0000021fef631880 method=org.jetbrains.kotlin.com.intellij.openapi.vfs.impl.ZipEntryMap.put(Ljava/lang/String;Lorg/jetbrains/kotlin/com/intellij/openapi/vfs/impl/ArchiveHandler$EntryInfo;[Lorg/jetbr
Event: 27.244 Thread 0x0000021f85cc0130 DEOPT PACKING pc=0x0000021fef631880 sp=0x000000ff64cf4750
Event: 27.244 Thread 0x0000021f85cc0130 DEOPT UNPACKING pc=0x0000021feeee7da2 sp=0x000000ff64cf46f8 mode 2
Event: 27.326 Thread 0x0000021f85cc0130 Uncommon trap: trap_request=0xffffff45 fr.pc=0x0000021fef72261c relative=0x00000000000015bc
Event: 27.326 Thread 0x0000021f85cc0130 Uncommon trap: reason=unstable_if action=reinterpret pc=0x0000021fef72261c method=org.jetbrains.kotlin.com.intellij.openapi.vfs.impl.ArchiveHandler.directoryEntry(Ljava/util/Map;Lorg/jetbrains/kotlin/com/intellij/openapi/diagnostic/Logger;Ljava/lang/Strin
Event: 27.326 Thread 0x0000021f85cc0130 DEOPT PACKING pc=0x0000021fef72261c sp=0x000000ff64cf4630
Event: 27.326 Thread 0x0000021f85cc0130 DEOPT UNPACKING pc=0x0000021feeee7da2 sp=0x000000ff64cf4678 mode 2
Event: 27.345 Thread 0x0000021f85cc0130 Uncommon trap: trap_request=0xffffff45 fr.pc=0x0000021fef71fc3c relative=0x00000000000021dc
Event: 27.345 Thread 0x0000021f85cc0130 Uncommon trap: reason=unstable_if action=reinterpret pc=0x0000021fef71fc3c method=org.jetbrains.kotlin.com.intellij.openapi.vfs.impl.jar.CoreJarHandler.getOrCreateFile(Lorg/jetbrains/kotlin/com/intellij/openapi/vfs/impl/ArchiveHandler$EntryInfo;Ljava/util
Event: 27.345 Thread 0x0000021f85cc0130 DEOPT PACKING pc=0x0000021fef71fc3c sp=0x000000ff64cf4a10
Event: 27.345 Thread 0x0000021f85cc0130 DEOPT UNPACKING pc=0x0000021feeee7da2 sp=0x000000ff64cf4a10 mode 2

Classes loaded (20 events):
Event: 27.037 Loading class jdk/internal/jrtfs/JrtFileSystemProvider$JrtFsLoader
Event: 27.037 Loading class jdk/internal/jrtfs/JrtFileSystemProvider$JrtFsLoader done
Event: 27.091 Loading class java/io/IOError
Event: 27.091 Loading class java/io/IOError done
Event: 27.096 Loading class java/nio/channels/FileChannel$MapMode
Event: 27.096 Loading class java/nio/channels/FileChannel$MapMode done
Event: 27.096 Loading class jdk/internal/misc/ExtendedMapMode
Event: 27.097 Loading class jdk/internal/misc/ExtendedMapMode done
Event: 27.102 Loading class sun/nio/ch/FileChannelImpl$DefaultUnmapper
Event: 27.102 Loading class sun/nio/ch/FileChannelImpl$Unmapper
Event: 27.102 Loading class jdk/internal/access/foreign/UnmapperProxy
Event: 27.102 Loading class jdk/internal/access/foreign/UnmapperProxy done
Event: 27.102 Loading class sun/nio/ch/FileChannelImpl$Unmapper done
Event: 27.102 Loading class sun/nio/ch/FileChannelImpl$DefaultUnmapper done
Event: 27.102 Loading class sun/nio/ch/Util$4
Event: 27.103 Loading class sun/nio/ch/Util$4 done
Event: 27.106 Loading class java/io/UTFDataFormatException
Event: 27.106 Loading class java/io/UTFDataFormatException done
Event: 27.142 Loading class java/util/zip/ZipFile$ZipEntryIterator
Event: 27.142 Loading class java/util/zip/ZipFile$ZipEntryIterator done

Classes unloaded (0 events):
No events

Classes redefined (0 events):
No events

Internal exceptions (20 events):
Event: 24.233 Thread 0x0000021f87f2cf70 Implicit null exception at 0x0000021fef82d0a5 to 0x0000021fef82d940
Event: 24.761 Thread 0x0000021f85cc0130 Implicit null exception at 0x0000021fef838e41 to 0x0000021fef8397dc
Event: 25.734 Thread 0x0000021f85cc0130 Exception <a 'java/lang/IncompatibleClassChangeError'{0x000000008793d5c0}: Found class java.lang.Object, but interface was expected> (0x000000008793d5c0) 
thrown [s\src\hotspot\share\interpreter\linkResolver.cpp, line 851]
Event: 25.755 Thread 0x0000021f85cc0130 Exception <a 'java/lang/NoSuchMethodError'{0x00000000879f1cb8}: 'void java.lang.invoke.DirectMethodHandle$Holder.invokeVirtual(java.lang.Object, java.lang.Object)'> (0x00000000879f1cb8) 
thrown [s\src\hotspot\share\interpreter\linkResolver.cpp, line 784]
Event: 26.172 Thread 0x0000021f85cc0130 Exception <a 'sun/nio/fs/WindowsException'{0x0000000085eae078}> (0x0000000085eae078) 
thrown [s\src\hotspot\share\prims\jni.cpp, line 535]
Event: 26.172 Thread 0x0000021f85cc0130 Exception <a 'sun/nio/fs/WindowsException'{0x0000000085eafe78}> (0x0000000085eafe78) 
thrown [s\src\hotspot\share\prims\jni.cpp, line 535]
Event: 26.361 Thread 0x0000021f85cc0130 Exception <a 'java/lang/NoSuchMethodError'{0x00000000886721a0}: 'long java.lang.invoke.DirectMethodHandle$Holder.invokeStatic(java.lang.Object)'> (0x00000000886721a0) 
thrown [s\src\hotspot\share\interpreter\linkResolver.cpp, line 784]
Event: 26.361 Thread 0x0000021f85cc0130 Exception <a 'java/lang/NoSuchMethodError'{0x0000000088676cf8}: 'long java.lang.invoke.DirectMethodHandle$Holder.invokeStaticInit(java.lang.Object)'> (0x0000000088676cf8) 
thrown [s\src\hotspot\share\interpreter\linkResolver.cpp, line 784]
Event: 26.414 Thread 0x0000021f85cc0130 Exception <a 'java/lang/NoSuchMethodError'{0x0000000088174730}: 'long java.lang.invoke.Invokers$Holder.invoke_MT(java.lang.Object, java.lang.Object, java.lang.Object, java.lang.Object)'> (0x0000000088174730) 
thrown [s\src\hotspot\share\interpreter\linkResolver.cpp, line 784]
Event: 26.415 Thread 0x0000021f85cc0130 Exception <a 'java/lang/NoSuchMethodError'{0x000000008817d418}: 'int java.lang.invoke.Invokers$Holder.invoke_MT(java.lang.Object, java.lang.Object, java.lang.Object, java.lang.Object)'> (0x000000008817d418) 
thrown [s\src\hotspot\share\interpreter\linkResolver.cpp, line 784]
Event: 26.416 Thread 0x0000021f85cc0130 Exception <a 'java/lang/NoSuchMethodError'{0x00000000881867f8}: 'void java.lang.invoke.DelegatingMethodHandle$Holder.reinvoke_L(java.lang.Object, java.lang.Object, java.lang.Object, long, java.lang.Object)'> (0x00000000881867f8) 
thrown [s\src\hotspot\share\interpreter\linkResolver.cpp, line 784]
Event: 26.417 Thread 0x0000021f85cc0130 Exception <a 'java/lang/NoSuchMethodError'{0x00000000881993d0}: 'int java.lang.invoke.DelegatingMethodHandle$Holder.reinvoke_L(java.lang.Object, java.lang.Object, java.lang.Object, long, java.lang.Object, java.lang.Object)'> (0x00000000881993d0) 
thrown [s\src\hotspot\share\interpreter\linkResolver.cpp, line 784]
Event: 26.418 Thread 0x0000021f85cc0130 Exception <a 'java/lang/NoSuchMethodError'{0x00000000881a8ae8}: 'int java.lang.invoke.DelegatingMethodHandle$Holder.reinvoke_L(java.lang.Object, java.lang.Object, java.lang.Object, long, int, int)'> (0x00000000881a8ae8) 
thrown [s\src\hotspot\share\interpreter\linkResolver.cpp, line 784]
Event: 26.419 Thread 0x0000021f85cc0130 Exception <a 'java/lang/NoSuchMethodError'{0x00000000881b7fb0}: 'int java.lang.invoke.DelegatingMethodHandle$Holder.reinvoke_L(java.lang.Object, java.lang.Object, java.lang.Object, long, long, long)'> (0x00000000881b7fb0) 
thrown [s\src\hotspot\share\interpreter\linkResolver.cpp, line 784]
Event: 26.419 Thread 0x0000021f85cc0130 Exception <a 'java/lang/NoSuchMethodError'{0x00000000881c7118}: 'int java.lang.invoke.DelegatingMethodHandle$Holder.reinvoke_L(java.lang.Object, java.lang.Object, java.lang.Object, long, int)'> (0x00000000881c7118) 
thrown [s\src\hotspot\share\interpreter\linkResolver.cpp, line 784]
Event: 27.015 Thread 0x0000021f85cc0130 Exception <a 'java/lang/NoSuchMethodError'{0x0000000088d5cc20}: 'java.lang.Object java.lang.invoke.Invokers$Holder.invokeExact_MT(java.lang.Object, java.lang.Object, long, java.lang.Object)'> (0x0000000088d5cc20) 
thrown [s\src\hotspot\share\interpreter\linkResolver.cpp, line 784]
Event: 27.104 Thread 0x0000021f85cc0130 Exception <a 'java/lang/NoSuchMethodError'{0x0000000088bb3b50}: 'long java.lang.invoke.DirectMethodHandle$Holder.invokeStatic(java.lang.Object, java.lang.Object, int)'> (0x0000000088bb3b50) 
thrown [s\src\hotspot\share\interpreter\linkResolver.cpp, line 784]
Event: 27.104 Thread 0x0000021f85cc0130 Exception <a 'java/lang/NoSuchMethodError'{0x0000000088bc0220}: 'java.lang.Object java.lang.invoke.DelegatingMethodHandle$Holder.reinvoke_L(java.lang.Object, int, long, java.lang.Object, java.lang.Object, int, java.lang.Object)'> (0x0000000088bc0220) 
thrown [s\src\hotspot\share\interpreter\linkResolver.cpp, line 784]
Event: 27.142 Thread 0x0000021f85cc0130 Implicit null exception at 0x0000021fef61f562 to 0x0000021fef6200f4
Event: 27.345 Thread 0x0000021f85cc0130 Implicit null exception at 0x0000021fef71e199 to 0x0000021fef71fc10

ZGC Phase Switch (0 events):
No events

VM Operations (20 events):
Event: 25.852 Executing VM operation: HandshakeAllThreads (Deoptimize) done
Event: 25.854 Executing VM operation: HandshakeAllThreads (Deoptimize)
Event: 25.854 Executing VM operation: HandshakeAllThreads (Deoptimize) done
Event: 26.162 Executing VM operation: HandshakeAllThreads (Deoptimize)
Event: 26.162 Executing VM operation: HandshakeAllThreads (Deoptimize) done
Event: 26.178 Executing VM operation: G1CollectForAllocation (G1 Evacuation Pause)
Event: 26.185 Executing VM operation: G1CollectForAllocation (G1 Evacuation Pause) done
Event: 26.271 Executing VM operation: G1PauseRemark
Event: 26.278 Executing VM operation: G1PauseRemark done
Event: 26.310 Executing VM operation: G1PauseCleanup
Event: 26.310 Executing VM operation: G1PauseCleanup done
Event: 26.366 Executing VM operation: HandshakeAllThreads (Deoptimize)
Event: 26.366 Executing VM operation: HandshakeAllThreads (Deoptimize) done
Event: 26.920 Executing VM operation: HandshakeAllThreads (Deoptimize)
Event: 26.920 Executing VM operation: HandshakeAllThreads (Deoptimize) done
Event: 26.951 Executing VM operation: HandshakeAllThreads (Deoptimize)
Event: 26.951 Executing VM operation: HandshakeAllThreads (Deoptimize) done
Event: 26.977 Executing VM operation: G1CollectForAllocation (G1 Evacuation Pause)
Event: 26.983 Executing VM operation: G1CollectForAllocation (G1 Evacuation Pause) done
Event: 27.506 Executing VM operation: G1CollectForAllocation (G1 Evacuation Pause)

Memory protections (0 events):
No events

Nmethod flushes (20 events):
Event: 26.277 Thread 0x0000021ffbd98920 flushing  nmethod 0x0000021fe7eae790
Event: 26.277 Thread 0x0000021ffbd98920 flushing  nmethod 0x0000021fe7ee6d10
Event: 26.277 Thread 0x0000021ffbd98920 flushing  nmethod 0x0000021fe7f82e90
Event: 26.277 Thread 0x0000021ffbd98920 flushing  nmethod 0x0000021fe7f83f90
Event: 26.277 Thread 0x0000021ffbd98920 flushing  nmethod 0x0000021fe7f85f90
Event: 26.277 Thread 0x0000021ffbd98920 flushing  nmethod 0x0000021fe7f8d090
Event: 26.277 Thread 0x0000021ffbd98920 flushing  nmethod 0x0000021fe7fd7190
Event: 26.277 Thread 0x0000021ffbd98920 flushing  nmethod 0x0000021fe8000c90
Event: 26.277 Thread 0x0000021ffbd98920 flushing  nmethod 0x0000021fe804a090
Event: 26.277 Thread 0x0000021ffbd98920 flushing  nmethod 0x0000021fe80d4c10
Event: 26.277 Thread 0x0000021ffbd98920 flushing  nmethod 0x0000021fe81f2690
Event: 26.277 Thread 0x0000021ffbd98920 flushing  nmethod 0x0000021fe81fca90
Event: 26.277 Thread 0x0000021ffbd98920 flushing  nmethod 0x0000021fe8246990
Event: 26.277 Thread 0x0000021ffbd98920 flushing  nmethod 0x0000021fe8305490
Event: 26.277 Thread 0x0000021ffbd98920 flushing  nmethod 0x0000021fe8370910
Event: 26.277 Thread 0x0000021ffbd98920 flushing  nmethod 0x0000021fe83be790
Event: 26.277 Thread 0x0000021ffbd98920 flushing  nmethod 0x0000021fe83bf390
Event: 26.277 Thread 0x0000021ffbd98920 flushing  nmethod 0x0000021fe83e0a90
Event: 26.277 Thread 0x0000021ffbd98920 flushing  nmethod 0x0000021fe8451910
Event: 26.277 Thread 0x0000021ffbd98920 flushing  nmethod 0x0000021fe849bb10

Events (20 events):
Event: 11.533 Thread 0x0000021f85cc0130 Thread added: 0x0000021f86b33e50
Event: 14.785 Thread 0x0000021f85cc0130 Thread added: 0x0000021f86b33130
Event: 14.787 Thread 0x0000021f85cc0130 Thread added: 0x0000021f86b316f0
Event: 14.909 Thread 0x0000021f85cc0130 Thread added: 0x0000021f86b344e0
Event: 14.911 Thread 0x0000021f85cc0130 Thread added: 0x0000021f86b31060
Event: 16.314 Thread 0x0000021f85cc0130 Thread added: 0x0000021f86b337c0
Event: 16.316 Thread 0x0000021f85cc0130 Thread added: 0x0000021f87f2dc90
Event: 16.318 Thread 0x0000021f85cc0130 Thread added: 0x0000021f87f2f040
Event: 16.436 Thread 0x0000021f85cc0130 Thread added: 0x0000021f87f2f6d0
Event: 16.437 Thread 0x0000021f85cc0130 Thread added: 0x0000021f87f2fd60
Event: 16.438 Thread 0x0000021f85cc0130 Thread added: 0x0000021f87f29460
Event: 21.425 Thread 0x0000021f85cc0130 Thread added: 0x0000021f87f303f0
Event: 21.425 Thread 0x0000021f85cc0130 Thread added: 0x0000021f87f29af0
Event: 21.426 Thread 0x0000021f85cc0130 Thread added: 0x0000021f87f2a180
Event: 21.627 Thread 0x0000021f85cc0130 Thread added: 0x0000021f87f2c250
Event: 21.629 Thread 0x0000021f85cc0130 Thread added: 0x0000021f87f2c8e0
Event: 21.631 Thread 0x0000021f85cc0130 Thread added: 0x0000021f87f2a810
Event: 22.329 Thread 0x0000021f85cc0130 Thread added: 0x0000021f87f2cf70
Event: 22.330 Thread 0x0000021f85cc0130 Thread added: 0x0000021f88a79770
Event: 22.331 Thread 0x0000021f85cc0130 Thread added: 0x0000021f88a7a490


Dynamic libraries:
0x00007ff6096d0000 - 0x00007ff6096da000 	C:\Program Files\Android\Android Studio1\jbr\bin\java.exe
0x00007ff93ba70000 - 0x00007ff93bc68000 	C:\WINDOWS\SYSTEM32\ntdll.dll
0x00007ff9101a0000 - 0x00007ff9101ba000 	C:\Program Files\AVG\Antivirus\aswhook.dll
0x00007ff93a9f0000 - 0x00007ff93aab2000 	C:\WINDOWS\System32\KERNEL32.DLL
0x00007ff9394d0000 - 0x00007ff9397cf000 	C:\WINDOWS\System32\KERNELBASE.dll
0x00007ff939800000 - 0x00007ff939900000 	C:\WINDOWS\System32\ucrtbase.dll
0x00007ff930960000 - 0x00007ff930978000 	C:\Program Files\Android\Android Studio1\jbr\bin\jli.dll
0x00007ff93b720000 - 0x00007ff93b8bd000 	C:\WINDOWS\System32\USER32.dll
0x00007ff9397d0000 - 0x00007ff9397f2000 	C:\WINDOWS\System32\win32u.dll
0x00007ff93a920000 - 0x00007ff93a94b000 	C:\WINDOWS\System32\GDI32.dll
0x00007ff939110000 - 0x00007ff93922a000 	C:\WINDOWS\System32\gdi32full.dll
0x00007ff9392c0000 - 0x00007ff93935d000 	C:\WINDOWS\System32\msvcp_win.dll
0x00007ff933b20000 - 0x00007ff933b3b000 	C:\Program Files\Android\Android Studio1\jbr\bin\VCRUNTIME140.dll
0x00007ff9221a0000 - 0x00007ff92243a000 	C:\WINDOWS\WinSxS\amd64_microsoft.windows.common-controls_6595b64144ccf1df_6.0.19041.4355_none_60b8b9eb71f62e16\COMCTL32.dll
0x00007ff93b990000 - 0x00007ff93ba2e000 	C:\WINDOWS\System32\msvcrt.dll
0x00007ff93a950000 - 0x00007ff93a97f000 	C:\WINDOWS\System32\IMM32.DLL
0x00007ff9362b0000 - 0x00007ff9362bc000 	C:\Program Files\Android\Android Studio1\jbr\bin\vcruntime140_1.dll
0x00007ff908230000 - 0x00007ff9082bd000 	C:\Program Files\Android\Android Studio1\jbr\bin\msvcp140.dll
0x00007ff8ef160000 - 0x00007ff8efde3000 	C:\Program Files\Android\Android Studio1\jbr\bin\server\jvm.dll
0x00007ff93a870000 - 0x00007ff93a91f000 	C:\WINDOWS\System32\ADVAPI32.dll
0x00007ff939b70000 - 0x00007ff939c0f000 	C:\WINDOWS\System32\sechost.dll
0x00007ff93a740000 - 0x00007ff93a863000 	C:\WINDOWS\System32\RPCRT4.dll
0x00007ff939900000 - 0x00007ff939927000 	C:\WINDOWS\System32\bcrypt.dll
0x00007ff93b0f0000 - 0x00007ff93b15b000 	C:\WINDOWS\System32\WS2_32.dll
0x00007ff9386a0000 - 0x00007ff9386eb000 	C:\WINDOWS\SYSTEM32\POWRPROF.dll
0x00007ff931c90000 - 0x00007ff931c9a000 	C:\WINDOWS\SYSTEM32\VERSION.dll
0x00007ff933b50000 - 0x00007ff933b77000 	C:\WINDOWS\SYSTEM32\WINMM.dll
0x00007ff938510000 - 0x00007ff938522000 	C:\WINDOWS\SYSTEM32\UMPDC.dll
0x00007ff937930000 - 0x00007ff937942000 	C:\WINDOWS\SYSTEM32\kernel.appcore.dll
0x00007ff935810000 - 0x00007ff93581a000 	C:\Program Files\Android\Android Studio1\jbr\bin\jimage.dll
0x00007ff937650000 - 0x00007ff937834000 	C:\WINDOWS\SYSTEM32\DBGHELP.DLL
0x00007ff931860000 - 0x00007ff931894000 	C:\WINDOWS\SYSTEM32\dbgcore.DLL
0x00007ff939230000 - 0x00007ff9392b2000 	C:\WINDOWS\System32\bcryptPrimitives.dll
0x00007ff931600000 - 0x00007ff93160e000 	C:\Program Files\Android\Android Studio1\jbr\bin\instrument.dll
0x00007ff932940000 - 0x00007ff932960000 	C:\Program Files\Android\Android Studio1\jbr\bin\java.dll
0x00007ff932620000 - 0x00007ff932638000 	C:\Program Files\Android\Android Studio1\jbr\bin\zip.dll
0x00007ff939f50000 - 0x00007ff93a6bd000 	C:\WINDOWS\System32\SHELL32.dll
0x00007ff936dd0000 - 0x00007ff937574000 	C:\WINDOWS\SYSTEM32\windows.storage.dll
0x00007ff93b160000 - 0x00007ff93b4b5000 	C:\WINDOWS\System32\combase.dll
0x00007ff938b40000 - 0x00007ff938b6f000 	C:\WINDOWS\SYSTEM32\Wldp.dll
0x00007ff93b8c0000 - 0x00007ff93b98d000 	C:\WINDOWS\System32\OLEAUT32.dll
0x00007ff93b520000 - 0x00007ff93b5cd000 	C:\WINDOWS\System32\SHCORE.dll
0x00007ff93b4c0000 - 0x00007ff93b515000 	C:\WINDOWS\System32\shlwapi.dll
0x00007ff939040000 - 0x00007ff939064000 	C:\WINDOWS\SYSTEM32\profapi.dll
0x00007ff9338d0000 - 0x00007ff9338e0000 	C:\Program Files\Android\Android Studio1\jbr\bin\net.dll
0x00007ff92f7d0000 - 0x00007ff92f8da000 	C:\WINDOWS\SYSTEM32\WINHTTP.dll
0x00007ff9388a0000 - 0x00007ff93890c000 	C:\WINDOWS\system32\mswsock.dll
0x00007ff932020000 - 0x00007ff932036000 	C:\Program Files\Android\Android Studio1\jbr\bin\nio.dll
0x00007ff932060000 - 0x00007ff932070000 	C:\Program Files\Android\Android Studio1\jbr\bin\verify.dll
0x00007ff9103f0000 - 0x00007ff910417000 	C:\Users\acer\.gradle\native\c067742578af261105cb4f569cf0c3c89f3d7b1fecec35dd04571415982c5e48\windows-amd64\native-platform.dll
0x00007ff9080e0000 - 0x00007ff908224000 	C:\Users\acer\.gradle\native\100fb08df4bc3b14c8652ba06237920a3bd2aa13389f12d3474272988ae205f9\windows-amd64\native-platform-file-events.dll
0x00007ff9326b0000 - 0x00007ff9326b9000 	C:\Program Files\Android\Android Studio1\jbr\bin\management.dll
0x00007ff932610000 - 0x00007ff93261b000 	C:\Program Files\Android\Android Studio1\jbr\bin\management_ext.dll
0x00007ff93af40000 - 0x00007ff93af48000 	C:\WINDOWS\System32\PSAPI.DLL
0x00007ff938aa0000 - 0x00007ff938ab8000 	C:\WINDOWS\SYSTEM32\CRYPTSP.dll
0x00007ff938150000 - 0x00007ff938184000 	C:\WINDOWS\system32\rsaenh.dll
0x00007ff939000000 - 0x00007ff93902e000 	C:\WINDOWS\SYSTEM32\USERENV.dll
0x00007ff938a90000 - 0x00007ff938a9c000 	C:\WINDOWS\SYSTEM32\CRYPTBASE.dll
0x00007ff938530000 - 0x00007ff93856b000 	C:\WINDOWS\SYSTEM32\IPHLPAPI.DLL
0x00007ff93b710000 - 0x00007ff93b718000 	C:\WINDOWS\System32\NSI.dll
0x00007ff933010000 - 0x00007ff933019000 	C:\Program Files\Android\Android Studio1\jbr\bin\extnet.dll
0x00007ff933800000 - 0x00007ff933807000 	C:\WINDOWS\system32\wshunix.dll

dbghelp: loaded successfully - version: 4.0.5 - missing functions: none
symbol engine: initialized successfully - sym options: 0x614 - pdb path: .;C:\Program Files\Android\Android Studio1\jbr\bin;C:\WINDOWS\SYSTEM32;C:\Program Files\AVG\Antivirus;C:\WINDOWS\WinSxS\amd64_microsoft.windows.common-controls_6595b64144ccf1df_6.0.19041.4355_none_60b8b9eb71f62e16;C:\Program Files\Android\Android Studio1\jbr\bin\server;C:\Users\acer\.gradle\native\c067742578af261105cb4f569cf0c3c89f3d7b1fecec35dd04571415982c5e48\windows-amd64;C:\Users\acer\.gradle\native\100fb08df4bc3b14c8652ba06237920a3bd2aa13389f12d3474272988ae205f9\windows-amd64

VM Arguments:
jvm_args: --add-opens=java.base/java.util=ALL-UNNAMED --add-opens=java.base/java.lang=ALL-UNNAMED --add-opens=java.base/java.lang.invoke=ALL-UNNAMED --add-opens=java.prefs/java.util.prefs=ALL-UNNAMED --add-exports=jdk.compiler/com.sun.tools.javac.api=ALL-UNNAMED --add-exports=jdk.compiler/com.sun.tools.javac.util=ALL-UNNAMED --add-opens=java.base/java.nio.charset=ALL-UNNAMED --add-opens=java.base/java.net=ALL-UNNAMED --add-opens=java.base/java.util.concurrent.atomic=ALL-UNNAMED -Xmx2048m -Dfile.encoding=UTF-8 -Duser.country=TR -Duser.language=tr -Duser.variant -javaagent:C:\Users\acer\.gradle\wrapper\dists\gradle-8.10.2-bin\a04bxjujx95o3nb99gddekhwo\gradle-8.10.2\lib\agents\gradle-instrumentation-agent-8.10.2.jar 
java_command: org.gradle.launcher.daemon.bootstrap.GradleDaemon 8.10.2
java_class_path (initial): C:\Users\acer\.gradle\wrapper\dists\gradle-8.10.2-bin\a04bxjujx95o3nb99gddekhwo\gradle-8.10.2\lib\gradle-daemon-main-8.10.2.jar
Launcher Type: SUN_STANDARD

[Global flags]
     intx CICompilerCount                          = 3                                         {product} {ergonomic}
     uint ConcGCThreads                            = 1                                         {product} {ergonomic}
     uint G1ConcRefinementThreads                  = 4                                         {product} {ergonomic}
   size_t G1HeapRegionSize                         = 1048576                                   {product} {ergonomic}
    uintx GCDrainStackTargetSize                   = 64                                        {product} {ergonomic}
   size_t InitialHeapSize                          = 65011712                                  {product} {ergonomic}
   size_t MarkStackSize                            = 4194304                                   {product} {ergonomic}
   size_t MaxHeapSize                              = 2147483648                                {product} {command line}
   size_t MaxNewSize                               = 1287651328                                {product} {ergonomic}
   size_t MinHeapDeltaBytes                        = 1048576                                   {product} {ergonomic}
   size_t MinHeapSize                              = 8388608                                   {product} {ergonomic}
    uintx NonNMethodCodeHeapSize                   = 5832780                                {pd product} {ergonomic}
    uintx NonProfiledCodeHeapSize                  = 122912730                              {pd product} {ergonomic}
    uintx ProfiledCodeHeapSize                     = 122912730                              {pd product} {ergonomic}
    uintx ReservedCodeCacheSize                    = 251658240                              {pd product} {ergonomic}
     bool SegmentedCodeCache                       = true                                      {product} {ergonomic}
   size_t SoftMaxHeapSize                          = 2147483648                             {manageable} {ergonomic}
     bool UseCompressedOops                        = true                           {product lp64_product} {ergonomic}
     bool UseG1GC                                  = true                                      {product} {ergonomic}
     bool UseLargePagesIndividualAllocation        = false                                  {pd product} {ergonomic}

Logging:
Log output configuration:
 #0: stdout all=warning uptime,level,tags foldmultilines=false
 #1: stderr all=off uptime,level,tags foldmultilines=false

Environment Variables:
PATH=C:\Program Files\Common Files\Oracle\Java\javapath;C:\WINDOWS\system32;C:\WINDOWS;C:\WINDOWS\System32\Wbem;C:\WINDOWS\System32\WindowsPowerShell\v1.0\;C:\WINDOWS\System32\OpenSSH\;C:\Program Files\Git\cmd;C:\Users\acer\AppData\Local\Programs\Python\Python39\Scripts\;C:\Users\acer\AppData\Local\Programs\Python\Python39\;C:\Users\acer\AppData\Local\Programs\Python\Python312\Scripts\;C:\Users\acer\AppData\Local\Programs\Python\Python312\;C:\Users\acer\AppData\Local\Programs\Python\Launcher\;C:\Users\acer\AppData\Local\Microsoft\WindowsApps;C:\Users\acer\AppData\Local\Pandoc\;C:\Users\acer\AppData\Local\Programs\MiKTeX\miktex\bin\x64\;C:\Users\acer\AppData\Local\Programs\Microsoft VS Code\bin;C:\Users\acer\AppData\Local\GitHubDesktop\bin;C:\ProgramData\acer\GitHubDesktop\bin
USERNAME=acer
OS=Windows_NT
PROCESSOR_IDENTIFIER=Intel64 Family 6 Model 126 Stepping 5, GenuineIntel
TMP=C:\Users\acer\AppData\Local\Temp
TEMP=C:\Users\acer\AppData\Local\Temp




Periodic native trim disabled

JNI global refs:
JNI global refs: 27, weak refs: 4

JNI global refs memory usage: 835, weak refs: 833

Process memory usage:
Resident Set Size: 293456K (7% of 3955896K total physical memory with 247432K free physical memory)

OOME stack traces (most recent first):
Classloader memory used:
Loader org.gradle.internal.classloader.VisitableURLClassLoader                         : 50956K
Loader bootstrap                                                                       : 23566K
Loader org.gradle.initialization.MixInLegacyTypesClassLoader                           : 10834K
Loader org.gradle.internal.classloader.VisitableURLClassLoader                         : 950K
Loader org.gradle.internal.classloader.VisitableURLClassLoader$InstrumentingVisitableURLClassLoader: 706K
Loader jdk.internal.loader.ClassLoaders$PlatformClassLoader                            : 547K
Loader jdk.internal.reflect.DelegatingClassLoader                                      : 250K
Loader jdk.internal.loader.ClassLoaders$AppClassLoader                                 : 235K
Loader jdk.internal.jrtfs.JrtFileSystemProvider$JrtFsLoader                            : 215K
Loader org.gradle.groovy.scripts.internal.DefaultScriptCompilationHandler$ScriptClassLoader: 90792B
Loader org.codehaus.groovy.runtime.callsite.CallSiteClassLoader                        : 48680B

Classes loaded by more than one classloader:
Class org.gradle.api.GradleException                                                  : loaded 3 times (x 78B)
Class Program                                                                         : loaded 3 times (x 68B)
Class org.gradle.internal.classloader.ClassLoaderHierarchy                            : loaded 2 times (x 66B)
Class org.gradle.api.internal.classpath.ManifestUtil                                  : loaded 2 times (x 67B)
Class org.jetbrains.plugins.gradle.model.GradleExtensions                             : loaded 2 times (x 66B)
Class org.jetbrains.plugins.gradle.model.AnnotationProcessingModel                    : loaded 2 times (x 66B)
Class org.gradle.internal.operations.MultipleBuildOperationFailures                   : loaded 2 times (x 91B)
Class org.jetbrains.kotlin.idea.gradleTooling.model.noarg.NoArgModel                  : loaded 2 times (x 66B)
Class org.gradle.internal.classloader.DefaultClassLoaderFactory                       : loaded 2 times (x 78B)
Class kotlin.collections.AbstractList$Companion                                       : loaded 2 times (x 67B)
Class org.gradle.internal.classloader.ClassLoaderVisitor                              : loaded 2 times (x 72B)
Class org.gradle.api.internal.classpath.EffectiveClassPath                            : loaded 2 times (x 86B)
Class org.gradle.tooling.internal.gradle.DefaultProjectIdentifier                     : loaded 2 times (x 82B)
Class org.jetbrains.kotlin.idea.gradleTooling.model.allopen.AllOpenModel              : loaded 2 times (x 66B)
Class org.gradle.api.internal.DefaultClassPathProvider                                : loaded 2 times (x 72B)
Class [Lorg.gradle.api.internal.ClassPathProvider;                                    : loaded 2 times (x 65B)
Class org.gradle.api.internal.ClassPathProvider                                       : loaded 2 times (x 66B)
Class jdk.internal.jrtfs.SystemImage                                                  : loaded 2 times (x 70B)
Class org.gradle.internal.service.UnknownServiceException                             : loaded 2 times (x 79B)
Class org.jetbrains.kotlin.idea.gradleTooling.KotlinDslScriptAdditionalTask           : loaded 2 times (x 66B)
Class ijInit1_23w7jzczy6z5moi6dwcievuh1                                               : loaded 2 times (x 175B)
Class org.gradle.internal.classpath.TransformedClassPath                              : loaded 2 times (x 92B)
Class org.gradle.internal.classloader.InstrumentingClassLoader                        : loaded 2 times (x 66B)
Class jdk.internal.jrtfs.SystemImage$1                                                : loaded 2 times (x 74B)
Class kotlin.enums.EnumEntriesList                                                    : loaded 2 times (x 219B)
Class jdk.internal.jimage.BasicImageReader                                            : loaded 2 times (x 91B)
Class org.jetbrains.kotlin.idea.gradleTooling.KotlinSourceSetContainer                : loaded 2 times (x 66B)
Class org.jetbrains.plugins.gradle.model.IntelliJSettings                             : loaded 2 times (x 66B)
Class org.gradle.internal.service.ServiceLocator                                      : loaded 2 times (x 66B)
Class jdk.internal.jrtfs.JrtFileSystemProvider                                        : loaded 2 times (x 97B)
Class org.jetbrains.kotlin.android.synthetic.idea.AndroidExtensionsGradleModel        : loaded 2 times (x 66B)
Class org.gradle.tooling.model.UnsupportedMethodException                             : loaded 2 times (x 78B)
Class jdk.internal.jrtfs.JrtDirectoryStream$1                                         : loaded 2 times (x 79B)
Class org.gradle.internal.InternalTransformer                                         : loaded 2 times (x 66B)
Class org.gradle.internal.time.DefaultTimer                                           : loaded 2 times (x 76B)
Class org.gradle.internal.classloader.ClasspathUtil$1                                 : loaded 2 times (x 72B)
Class org.gradle.api.internal.classpath.DefaultModuleRegistry$DefaultModule           : loaded 2 times (x 82B)
Class org.jetbrains.kotlin.idea.gradleTooling.model.lombok.LombokModel                : loaded 2 times (x 66B)
Class org.gradle.internal.time.DefaultCountdownTimer                                  : loaded 2 times (x 84B)
Class org.gradle.tooling.internal.gradle.DefaultBuildIdentifier                       : loaded 2 times (x 75B)
Class kotlin.Function                                                                 : loaded 2 times (x 66B)
Class org.gradle.api.internal.classpath.Module                                        : loaded 2 times (x 66B)
Class org.gradle.api.internal.classpath.UnknownModuleException                        : loaded 2 times (x 78B)
Class jdk.internal.jimage.ImageHeader                                                 : loaded 2 times (x 67B)
Class com.intellij.openapi.externalSystem.model.project.dependencies.ProjectDependencies: loaded 2 times (x 66B)
Class org.gradle.tooling.internal.gradle.GradleProjectIdentity                        : loaded 2 times (x 66B)
Class org.gradle.api.internal.DefaultClassPathRegistry                                : loaded 2 times (x 72B)
Class org.gradle.api.internal.ClassPathRegistry                                       : loaded 2 times (x 66B)
Class org.gradle.internal.classpath.DefaultClassPath$ImmutableUniqueList              : loaded 2 times (x 195B)
Class jdk.internal.jrtfs.SystemImage$2                                                : loaded 2 times (x 72B)
Class Settings_gradle$1                                                               : loaded 2 times (x 70B)
Class org.gradle.internal.classpath.ClassPath                                         : loaded 2 times (x 66B)
Class org.gradle.api.UncheckedIOException                                             : loaded 2 times (x 78B)
Class org.jetbrains.kotlin.idea.gradleTooling.KotlinGradleModel                       : loaded 2 times (x 66B)
Class jdk.internal.jimage.ImageStringsReader                                          : loaded 2 times (x 76B)
Class org.gradle.tooling.model.Model                                                  : loaded 2 times (x 66B)
Class kotlin.UninitializedPropertyAccessException                                     : loaded 2 times (x 78B)
Class jdk.internal.jimage.ImageReader                                                 : loaded 2 times (x 71B)
Class org.jetbrains.kotlin.idea.gradleTooling.model.annotation.AnnotationBasedPluginModel: loaded 2 times (x 66B)
Class org.jetbrains.plugins.gradle.model.IntelliJProjectSettings                      : loaded 2 times (x 66B)
Class jdk.internal.jimage.ImageReader$SharedImageReader                               : loaded 2 times (x 91B)
Class org.gradle.internal.installation.GradleInstallation$1                           : loaded 2 times (x 71B)
Class org.gradle.api.internal.classpath.ModuleRegistry                                : loaded 2 times (x 66B)
Class org.jetbrains.plugins.gradle.model.VersionCatalogsModel                         : loaded 2 times (x 66B)
Class jdk.internal.jimage.ImageReader$Node                                            : loaded 2 times (x 80B)
Class org.gradle.api.internal.classpath.DefaultModuleRegistry                         : loaded 2 times (x 82B)
Class jdk.internal.jimage.BasicImageReader$1                                          : loaded 2 times (x 73B)
Class jdk.internal.jimage.decompressor.Decompressor                                   : loaded 2 times (x 68B)
Class jdk.internal.jimage.ImageReader$Resource                                        : loaded 2 times (x 80B)
Class org.gradle.internal.time.MonotonicClock                                         : loaded 2 times (x 73B)
Class org.gradle.internal.service.ServiceLookupException                              : loaded 2 times (x 78B)
Class org.gradle.internal.classloader.ClassLoaderFactory                              : loaded 2 times (x 66B)
Class org.gradle.internal.service.CachingServiceLocator                               : loaded 2 times (x 78B)
Class org.jetbrains.plugins.gradle.model.RepositoryModels                             : loaded 2 times (x 66B)
Class org.gradle.internal.time.TimeSource                                             : loaded 2 times (x 66B)
Class org.gradle.tooling.internal.gradle.GradleBuildIdentity                          : loaded 2 times (x 66B)
Class kotlin.enums.EnumEntries                                                        : loaded 2 times (x 66B)
Class org.gradle.internal.exceptions.ResolutionProvider                               : loaded 2 times (x 66B)
Class jdk.internal.jrtfs.JrtPath                                                      : loaded 2 times (x 114B)
Class org.gradle.tooling.model.ProjectIdentifier                                      : loaded 2 times (x 66B)
Class org.gradle.internal.classloader.ClasspathUtil                                   : loaded 2 times (x 67B)
Class org.gradle.internal.time.TimeSource$1                                           : loaded 2 times (x 73B)
Class kotlin.jvm.internal.DefaultConstructorMarker                                    : loaded 2 times (x 67B)
Class org.gradle.api.specs.Spec                                                       : loaded 2 times (x 66B)
Class org.gradle.internal.time.Clock                                                  : loaded 2 times (x 66B)
Class jdk.internal.jimage.ImageReader$Directory                                       : loaded 2 times (x 80B)
Class org.jetbrains.plugins.gradle.model.jar.JarTaskManifestConfiguration             : loaded 2 times (x 66B)
Class kotlin.collections.AbstractList                                                 : loaded 2 times (x 193B)
Class kotlin.collections.AbstractCollection                                           : loaded 2 times (x 113B)
Class org.gradle.internal.classloader.VisitableURLClassLoader$InstrumentingVisitableURLClassLoader: loaded 2 times (x 119B)
Class org.gradle.internal.classloader.VisitableURLClassLoader$Spec                    : loaded 2 times (x 70B)
Class org.gradle.internal.classpath.DefaultClassPath                                  : loaded 2 times (x 86B)
Class org.gradle.internal.classloader.ClassLoaderSpec                                 : loaded 2 times (x 67B)
Class Settings_gradle$1$1                                                             : loaded 2 times (x 70B)
Class org.gradle.internal.classloader.VisitableURLClassLoader                         : loaded 2 times (x 113B)
Class Settings_gradle                                                                 : loaded 2 times (x 124B)
Class org.gradle.internal.Cast                                                        : loaded 2 times (x 67B)
Class org.gradle.api.Action                                                           : loaded 2 times (x 66B)
Class sync_studio_tooling457_7tuq12q1xeeyikm3tzdpdfl3d                                : loaded 2 times (x 175B)
Class kotlin.jvm.functions.Function1                                                  : loaded 2 times (x 66B)
Class org.gradle.internal.classpath.DefaultClassPath$ImmutableUniqueList$Builder      : loaded 2 times (x 71B)
Class org.jetbrains.kotlin.idea.gradleTooling.model.samWithReceiver.SamWithReceiverModel: loaded 2 times (x 66B)
Class org.gradle.internal.classloader.FilteringClassLoader                            : loaded 2 times (x 101B)
Class org.gradle.internal.exceptions.NonGradleCauseExceptionsHolder                   : loaded 2 times (x 66B)
Class jdk.internal.jimage.ImageStrings                                                : loaded 2 times (x 66B)
Class org.jetbrains.kotlin.idea.gradleTooling.model.assignment.AssignmentModel        : loaded 2 times (x 66B)
Class kotlin.enums.EnumEntriesKt                                                      : loaded 2 times (x 67B)
Class org.gradle.internal.IoActions                                                   : loaded 2 times (x 67B)
Class org.gradle.internal.classloader.SystemClassLoaderSpec                           : loaded 2 times (x 67B)
Class org.gradle.internal.exceptions.MultiCauseException                              : loaded 2 times (x 66B)
Class org.gradle.internal.time.CountdownTimer                                         : loaded 2 times (x 66B)
Class kotlin.jvm.internal.Intrinsics                                                  : loaded 2 times (x 67B)
Class jdk.internal.jrtfs.JrtFileSystem                                                : loaded 2 times (x 98B)
Class org.jetbrains.kotlin.idea.gradleTooling.model.parcelize.ParcelizeGradleModel    : loaded 2 times (x 66B)
Class org.gradle.tooling.model.ProjectModel                                           : loaded 2 times (x 66B)
Class kotlin.KotlinNullPointerException                                               : loaded 2 times (x 79B)
Class org.jetbrains.plugins.gradle.model.tests.ExternalTestsModel                     : loaded 2 times (x 66B)
Class org.gradle.internal.exceptions.DefaultMultiCauseException                       : loaded 2 times (x 91B)
Class org.gradle.internal.time.Time                                                   : loaded 2 times (x 67B)
Class org.jetbrains.plugins.gradle.model.DependencyAccessorsModel                     : loaded 2 times (x 66B)
Class org.gradle.api.internal.classpath.GlobalCacheRootsProvider                      : loaded 2 times (x 66B)
Class org.jetbrains.kotlin.idea.gradleTooling.KotlinMPPGradleModel                    : loaded 2 times (x 66B)
Class org.gradle.tooling.model.BuildIdentifier                                        : loaded 2 times (x 66B)
Class org.jetbrains.kotlin.idea.gradleTooling.PrepareKotlinIdeImportTaskModel         : loaded 2 times (x 66B)
Class org.gradle.internal.time.Timer                                                  : loaded 2 times (x 66B)
Class kotlin.jvm.internal.markers.KMappedMarker                                       : loaded 2 times (x 66B)
Class org.gradle.internal.installation.CurrentGradleInstallationLocator               : loaded 2 times (x 67B)
Class org.gradle.internal.service.DefaultServiceLocator                               : loaded 2 times (x 79B)
Class jdk.internal.jrtfs.JrtDirectoryStream                                           : loaded 2 times (x 85B)
Class org.gradle.util.GradleVersion                                                   : loaded 2 times (x 79B)
Class org.gradle.internal.installation.CurrentGradleInstallation                      : loaded 2 times (x 69B)
Class org.gradle.util.internal.GUtil                                                  : loaded 2 times (x 67B)
Class org.gradle.internal.installation.GradleInstallation                             : loaded 2 times (x 71B)

---------------  S Y S T E M  ---------------

OS:
 Windows 10 , 64 bit Build 19041 (10.0.19041.5438)
OS uptime: 2 days 21:45 hours

CPU: total 4 (initial active 4) (2 cores per cpu, 2 threads per core) family 6 model 126 stepping 5 microcode 0x96, cx8, cmov, fxsr, ht, mmx, 3dnowpref, sse, sse2, sse3, ssse3, sse4.1, sse4.2, popcnt, lzcnt, tsc, tscinvbit, avx, avx2, aes, erms, clmul, bmi1, bmi2, adx, avx512f, avx512dq, avx512cd, avx512bw, avx512vl, sha, fma, vzeroupper, avx512_vpopcntdq, avx512_vpclmulqdq, avx512_vaes, avx512_vnni, clflush, clflushopt, avx512_vbmi2, avx512_vbmi, rdtscp, rdpid, fsrm, gfni, avx512_bitalg, f16c, pku, avx512_ifma
Processor Information for all 4 processors :
  Max Mhz: 1190, Current Mhz: 1190, Mhz Limit: 1190

Memory: 4k page, system-wide physical 3863M (249M free)
TotalPageFile size 10007M (AvailPageFile size 6M)
current process WorkingSet (physical memory assigned to process): 286M, peak: 289M
current process commit charge ("private bytes"): 403M, peak: 405M

vm_info: OpenJDK 64-Bit Server VM (21.0.4+-12508038-b607.1) for windows-amd64 JRE (21.0.4+-12508038-b607.1), built on 2024-10-16T17:23:34Z by "builder" with MS VC++ 16.10 / 16.11 (VS2019)

END.
